[2024-08-02T15:59:04.323+0000] {local_task_job_runner.py:120} INFO - ::group::Pre task execution logs
[2024-08-02T15:59:04.350+0000] {taskinstance.py:2076} INFO - Dependencies all met for dep_context=non-requeueable deps ti=<TaskInstance: reddit_dag.processing2 scheduled__2024-08-01T00:00:00+00:00 [queued]>
[2024-08-02T15:59:04.361+0000] {taskinstance.py:2076} INFO - Dependencies all met for dep_context=requeueable deps ti=<TaskInstance: reddit_dag.processing2 scheduled__2024-08-01T00:00:00+00:00 [queued]>
[2024-08-02T15:59:04.362+0000] {taskinstance.py:2306} INFO - Starting attempt 1 of 1
[2024-08-02T15:59:04.392+0000] {taskinstance.py:2330} INFO - Executing <Task(PythonOperator): processing2> on 2024-08-01 00:00:00+00:00
[2024-08-02T15:59:04.396+0000] {standard_task_runner.py:64} INFO - Started process 245 to run task
[2024-08-02T15:59:04.397+0000] {standard_task_runner.py:90} INFO - Running: ['airflow', 'tasks', 'run', 'reddit_dag', 'processing2', 'scheduled__2024-08-01T00:00:00+00:00', '--job-id', '131', '--raw', '--subdir', 'DAGS_FOLDER/project_dag.py', '--cfg-path', '/tmp/tmpcr4id5yz']
[2024-08-02T15:59:04.399+0000] {standard_task_runner.py:91} INFO - Job 131: Subtask processing2
[2024-08-02T15:59:04.456+0000] {task_command.py:426} INFO - Running <TaskInstance: reddit_dag.processing2 scheduled__2024-08-01T00:00:00+00:00 [running]> on host 3e56899c9e52
[2024-08-02T15:59:04.554+0000] {taskinstance.py:2648} INFO - Exporting env vars: AIRFLOW_CTX_DAG_OWNER='airflow' AIRFLOW_CTX_DAG_ID='reddit_dag' AIRFLOW_CTX_TASK_ID='processing2' AIRFLOW_CTX_EXECUTION_DATE='2024-08-01T00:00:00+00:00' AIRFLOW_CTX_TRY_NUMBER='1' AIRFLOW_CTX_DAG_RUN_ID='scheduled__2024-08-01T00:00:00+00:00'
[2024-08-02T15:59:04.555+0000] {taskinstance.py:430} INFO - ::endgroup::
[2024-08-02T15:59:04.583+0000] {logging_mixin.py:188} INFO - Anger mounts over environmental cost of Google datacentre in UruguayPaul Whelan released from Russia in prisoner swap that includes reporter Evan GershkovichUS and Israel discuss "new defensive military deployments" Release of Russian hackers believed to be first U.S. prisoner swap of international cybercriminalsThe U.S. moves to recognize election victory of Venezuelan opposition over MaduroAnger mounts over environmental cost of Google datacentre in UruguayPaul Whelan released from Russia in prisoner swap that includes reporter Evan GershkovichUS and Israel discuss "new defensive military deployments" Release of Russian hackers believed to be first U.S. prisoner swap of international cybercriminalsThe U.S. moves to recognize election victory of Venezuelan opposition over Maduro$10M cash withdrawal drove secret probe into whether Trump took money from EgyptRevealed: Tories failed to do impact check before approving banned pesticideIsrael kills an Al Jazeera journalist and says, without evidence, he was a Hamas operativeFrance investigates death threats against Olympics ceremony directorFrance has formally advised its citizen against travelling to Iran and has asked French citizens still the country to leave as soon as possible due to a risk of military escalation in the region
[2024-08-02T15:59:04.584+0000] {logging_mixin.py:188} INFO - Top 10 most common words:
[2024-08-02T15:59:04.584+0000] {logging_mixin.py:188} INFO - of: 9
[2024-08-02T15:59:04.584+0000] {logging_mixin.py:188} INFO - to: 8
[2024-08-02T15:59:04.585+0000] {logging_mixin.py:188} INFO - in: 5
[2024-08-02T15:59:04.585+0000] {logging_mixin.py:188} INFO - over: 4
[2024-08-02T15:59:04.585+0000] {logging_mixin.py:188} INFO - prisoner: 4
[2024-08-02T15:59:04.585+0000] {logging_mixin.py:188} INFO - swap: 4
[2024-08-02T15:59:04.586+0000] {logging_mixin.py:188} INFO - and: 4
[2024-08-02T15:59:04.586+0000] {logging_mixin.py:188} INFO - u.s.: 4
[2024-08-02T15:59:04.586+0000] {logging_mixin.py:188} INFO - from: 3
[2024-08-02T15:59:04.587+0000] {logging_mixin.py:188} INFO - military: 3
[2024-08-02T15:59:04.587+0000] {python.py:237} INFO - Done. Returned value was: None
[2024-08-02T15:59:04.588+0000] {taskinstance.py:441} INFO - ::group::Post task execution logs
[2024-08-02T15:59:04.598+0000] {taskinstance.py:1206} INFO - Marking task as SUCCESS. dag_id=reddit_dag, task_id=processing2, run_id=scheduled__2024-08-01T00:00:00+00:00, execution_date=20240801T000000, start_date=20240802T155904, end_date=20240802T155904
[2024-08-02T15:59:04.651+0000] {local_task_job_runner.py:243} INFO - Task exited with return code 0
[2024-08-02T15:59:04.671+0000] {taskinstance.py:3503} INFO - 0 downstream tasks scheduled from follow-on schedule check
[2024-08-02T15:59:04.672+0000] {local_task_job_runner.py:222} INFO - ::endgroup::
