[2024-08-02T18:16:56.892+0000] {local_task_job_runner.py:120} INFO - ::group::Pre task execution logs
[2024-08-02T18:16:56.921+0000] {taskinstance.py:2076} INFO - Dependencies all met for dep_context=non-requeueable deps ti=<TaskInstance: reddit_dag.print_subreddit_posts manual__2024-08-02T18:16:49.259323+00:00 [queued]>
[2024-08-02T18:16:56.933+0000] {taskinstance.py:2076} INFO - Dependencies all met for dep_context=requeueable deps ti=<TaskInstance: reddit_dag.print_subreddit_posts manual__2024-08-02T18:16:49.259323+00:00 [queued]>
[2024-08-02T18:16:56.934+0000] {taskinstance.py:2306} INFO - Starting attempt 1 of 1
[2024-08-02T18:16:56.962+0000] {taskinstance.py:2330} INFO - Executing <Task(PythonOperator): print_subreddit_posts> on 2024-08-02 18:16:49.259323+00:00
[2024-08-02T18:16:56.966+0000] {standard_task_runner.py:64} INFO - Started process 505 to run task
[2024-08-02T18:16:56.968+0000] {standard_task_runner.py:90} INFO - Running: ['airflow', 'tasks', 'run', 'reddit_dag', 'print_subreddit_posts', 'manual__2024-08-02T18:16:49.259323+00:00', '--job-id', '231', '--raw', '--subdir', 'DAGS_FOLDER/project_dag.py', '--cfg-path', '/tmp/tmpg2j4qkcp']
[2024-08-02T18:16:56.969+0000] {standard_task_runner.py:91} INFO - Job 231: Subtask print_subreddit_posts
[2024-08-02T18:16:57.031+0000] {task_command.py:426} INFO - Running <TaskInstance: reddit_dag.print_subreddit_posts manual__2024-08-02T18:16:49.259323+00:00 [running]> on host 7df8ffa41b22
[2024-08-02T18:16:57.137+0000] {taskinstance.py:2648} INFO - Exporting env vars: AIRFLOW_CTX_DAG_OWNER='airflow' AIRFLOW_CTX_DAG_ID='reddit_dag' AIRFLOW_CTX_TASK_ID='print_subreddit_posts' AIRFLOW_CTX_EXECUTION_DATE='2024-08-02T18:16:49.259323+00:00' AIRFLOW_CTX_TRY_NUMBER='1' AIRFLOW_CTX_DAG_RUN_ID='manual__2024-08-02T18:16:49.259323+00:00'
[2024-08-02T18:16:57.138+0000] {taskinstance.py:430} INFO - ::endgroup::
[2024-08-02T18:17:00.978+0000] {logging_mixin.py:188} INFO - Post saved: Released Russian dissidents Vladimir Kara-Murza, Ilya Yashin and Andrei Pivovarov express relief at their release, but also concern that the high-profile prisoner swap could "encourage" Putin to take more hostages
[2024-08-02T18:17:00.980+0000] {logging_mixin.py:188} INFO - Post saved: Fresh violence in Bangladesh student protests
[2024-08-02T18:17:00.981+0000] {logging_mixin.py:188} INFO - Post saved: Maduro Opposition Shares ‘Overwhelming Evidence’ of Venezuela Election Fraud
[2024-08-02T18:17:00.983+0000] {logging_mixin.py:188} INFO - Post saved: Ukraine receives first F-16 fighter jets from Netherlands
[2024-08-02T18:17:00.984+0000] {logging_mixin.py:188} INFO - Post saved: Carter Center unable to verify Venezuela election results, blasts officials for lack of transparency
[2024-08-02T18:17:00.984+0000] {python.py:237} INFO - Done. Returned value was: None
[2024-08-02T18:17:00.985+0000] {taskinstance.py:441} INFO - ::group::Post task execution logs
[2024-08-02T18:17:00.996+0000] {taskinstance.py:1206} INFO - Marking task as SUCCESS. dag_id=reddit_dag, task_id=print_subreddit_posts, run_id=manual__2024-08-02T18:16:49.259323+00:00, execution_date=20240802T181649, start_date=20240802T181656, end_date=20240802T181700
[2024-08-02T18:17:01.033+0000] {local_task_job_runner.py:243} INFO - Task exited with return code 0
[2024-08-02T18:17:01.065+0000] {taskinstance.py:3503} INFO - 1 downstream tasks scheduled from follow-on schedule check
[2024-08-02T18:17:01.073+0000] {local_task_job_runner.py:222} INFO - ::endgroup::
