[2024-08-02T17:37:15.000+0000] {local_task_job_runner.py:120} INFO - ::group::Pre task execution logs
[2024-08-02T17:37:15.028+0000] {taskinstance.py:2076} INFO - Dependencies all met for dep_context=non-requeueable deps ti=<TaskInstance: reddit_dag.print_subreddit_posts manual__2024-08-02T17:37:07.364884+00:00 [queued]>
[2024-08-02T17:37:15.040+0000] {taskinstance.py:2076} INFO - Dependencies all met for dep_context=requeueable deps ti=<TaskInstance: reddit_dag.print_subreddit_posts manual__2024-08-02T17:37:07.364884+00:00 [queued]>
[2024-08-02T17:37:15.041+0000] {taskinstance.py:2306} INFO - Starting attempt 1 of 1
[2024-08-02T17:37:15.075+0000] {taskinstance.py:2330} INFO - Executing <Task(PythonOperator): print_subreddit_posts> on 2024-08-02 17:37:07.364884+00:00
[2024-08-02T17:37:15.078+0000] {standard_task_runner.py:64} INFO - Started process 414 to run task
[2024-08-02T17:37:15.080+0000] {standard_task_runner.py:90} INFO - Running: ['airflow', 'tasks', 'run', 'reddit_dag', 'print_subreddit_posts', 'manual__2024-08-02T17:37:07.364884+00:00', '--job-id', '190', '--raw', '--subdir', 'DAGS_FOLDER/project_dag.py', '--cfg-path', '/tmp/tmplm0jeqam']
[2024-08-02T17:37:15.082+0000] {standard_task_runner.py:91} INFO - Job 190: Subtask print_subreddit_posts
[2024-08-02T17:37:15.146+0000] {task_command.py:426} INFO - Running <TaskInstance: reddit_dag.print_subreddit_posts manual__2024-08-02T17:37:07.364884+00:00 [running]> on host 743495c5ec25
[2024-08-02T17:37:15.252+0000] {taskinstance.py:2648} INFO - Exporting env vars: AIRFLOW_CTX_DAG_OWNER='airflow' AIRFLOW_CTX_DAG_ID='reddit_dag' AIRFLOW_CTX_TASK_ID='print_subreddit_posts' AIRFLOW_CTX_EXECUTION_DATE='2024-08-02T17:37:07.364884+00:00' AIRFLOW_CTX_TRY_NUMBER='1' AIRFLOW_CTX_DAG_RUN_ID='manual__2024-08-02T17:37:07.364884+00:00'
[2024-08-02T17:37:15.253+0000] {taskinstance.py:430} INFO - ::endgroup::
[2024-08-02T17:37:16.773+0000] {logging_mixin.py:188} INFO - Post saved: Germany joins multinational force monitoring Korean border
[2024-08-02T17:37:16.775+0000] {logging_mixin.py:188} INFO - Post saved: Polish foreign ministry warns against travel to Lebanon, Israel, Iran
[2024-08-02T17:37:16.776+0000] {logging_mixin.py:188} INFO - Post saved: 'We will act': Brussels asks Hungary to explain the easing of visa rules for Russians
[2024-08-02T17:37:16.778+0000] {logging_mixin.py:188} INFO - Post saved: Hezbollah resumes steady rocket, artillery fire against Israel
[2024-08-02T17:37:16.779+0000] {logging_mixin.py:188} INFO - Post saved: Iran plans to attack Israel on Tisha B’Av - the Jewish day of disasters, Western intelligence says
[2024-08-02T17:37:16.779+0000] {python.py:237} INFO - Done. Returned value was: None
[2024-08-02T17:37:16.780+0000] {taskinstance.py:441} INFO - ::group::Post task execution logs
[2024-08-02T17:37:16.790+0000] {taskinstance.py:1206} INFO - Marking task as SUCCESS. dag_id=reddit_dag, task_id=print_subreddit_posts, run_id=manual__2024-08-02T17:37:07.364884+00:00, execution_date=20240802T173707, start_date=20240802T173715, end_date=20240802T173716
[2024-08-02T17:37:16.859+0000] {local_task_job_runner.py:243} INFO - Task exited with return code 0
[2024-08-02T17:37:16.892+0000] {taskinstance.py:3503} INFO - 1 downstream tasks scheduled from follow-on schedule check
[2024-08-02T17:37:16.900+0000] {local_task_job_runner.py:222} INFO - ::endgroup::
