[2024-08-02T18:09:26.851+0000] {local_task_job_runner.py:120} INFO - ::group::Pre task execution logs
[2024-08-02T18:09:26.881+0000] {taskinstance.py:2076} INFO - Dependencies all met for dep_context=non-requeueable deps ti=<TaskInstance: reddit_dag.processing2 manual__2024-08-02T18:09:09.526892+00:00 [queued]>
[2024-08-02T18:09:26.893+0000] {taskinstance.py:2076} INFO - Dependencies all met for dep_context=requeueable deps ti=<TaskInstance: reddit_dag.processing2 manual__2024-08-02T18:09:09.526892+00:00 [queued]>
[2024-08-02T18:09:26.894+0000] {taskinstance.py:2306} INFO - Starting attempt 1 of 1
[2024-08-02T18:09:26.922+0000] {taskinstance.py:2330} INFO - Executing <Task(PythonOperator): processing2> on 2024-08-02 18:09:09.526892+00:00
[2024-08-02T18:09:26.925+0000] {standard_task_runner.py:64} INFO - Started process 329 to run task
[2024-08-02T18:09:26.927+0000] {standard_task_runner.py:90} INFO - Running: ['airflow', 'tasks', 'run', 'reddit_dag', 'processing2', 'manual__2024-08-02T18:09:09.526892+00:00', '--job-id', '223', '--raw', '--subdir', 'DAGS_FOLDER/project_dag.py', '--cfg-path', '/tmp/tmpcqh944pj']
[2024-08-02T18:09:26.928+0000] {standard_task_runner.py:91} INFO - Job 223: Subtask processing2
[2024-08-02T18:09:26.989+0000] {task_command.py:426} INFO - Running <TaskInstance: reddit_dag.processing2 manual__2024-08-02T18:09:09.526892+00:00 [running]> on host 7df8ffa41b22
[2024-08-02T18:09:27.094+0000] {taskinstance.py:2648} INFO - Exporting env vars: AIRFLOW_CTX_DAG_OWNER='airflow' AIRFLOW_CTX_DAG_ID='reddit_dag' AIRFLOW_CTX_TASK_ID='processing2' AIRFLOW_CTX_EXECUTION_DATE='2024-08-02T18:09:09.526892+00:00' AIRFLOW_CTX_TRY_NUMBER='1' AIRFLOW_CTX_DAG_RUN_ID='manual__2024-08-02T18:09:09.526892+00:00'
[2024-08-02T18:09:27.095+0000] {taskinstance.py:430} INFO - ::endgroup::
[2024-08-02T18:09:27.127+0000] {logging_mixin.py:188} INFO - Anger mounts over environmental cost of Google datacentre in UruguayPaul Whelan released from Russia in prisoner swap that includes reporter Evan GershkovichUS and Israel discuss "new defensive military deployments" Release of Russian hackers believed to be first U.S. prisoner swap of international cybercriminalsThe U.S. moves to recognize election victory of Venezuelan opposition over MaduroAnger mounts over environmental cost of Google datacentre in UruguayPaul Whelan released from Russia in prisoner swap that includes reporter Evan GershkovichUS and Israel discuss "new defensive military deployments" Release of Russian hackers believed to be first U.S. prisoner swap of international cybercriminalsThe U.S. moves to recognize election victory of Venezuelan opposition over Maduro$10M cash withdrawal drove secret probe into whether Trump took money from EgyptRevealed: Tories failed to do impact check before approving banned pesticideIsrael kills an Al Jazeera journalist and says, without evidence, he was a Hamas operativeFrance investigates death threats against Olympics ceremony directorFrance has formally advised its citizen against travelling to Iran and has asked French citizens still the country to leave as soon as possible due to a risk of military escalation in the region$10M cash withdrawal drove secret probe into whether Trump took money from EgyptRevealed: Tories failed to do impact check before approving banned pesticideIsrael kills an Al Jazeera journalist and says, without evidence, he was a Hamas operativeFrance investigates death threats against Olympics ceremony directorFrance has formally advised its citizen against travelling to Iran and has asked French citizens still the country to leave as soon as possible due to a risk of military escalation in the region$10M cash withdrawal drove secret probe into whether Trump took money from EgyptRevealed: Tories failed to do impact check before approving banned pesticideIsrael kills an Al Jazeera journalist and says, without evidence, he was a Hamas operativeFrance investigates death threats against Olympics ceremony directorFrance has formally advised its citizen against travelling to Iran and has asked French citizens still the country to leave as soon as possible due to a risk of military escalation in the region$10M cash withdrawal drove secret probe into whether Trump took money from EgyptRevealed: Tories failed to do impact check before approving banned pesticideIsrael kills an Al Jazeera journalist and says, without evidence, he was a Hamas operativeFrance investigates death threats against Olympics ceremony directorFrance has formally advised its citizen against travelling to Iran and has asked French citizens still the country to leave as soon as possible due to a risk of military escalation in the region$10M cash withdrawal drove secret probe into whether Trump took money from EgyptRevealed: Tories failed to do impact check before approving banned pesticideIsrael kills an Al Jazeera journalist and says, without evidence, he was a Hamas operativeFrance investigates death threats against Olympics ceremony directorFrance has formally advised its citizen against travelling to Iran and has asked French citizens still the country to leave as soon as possible due to a risk of military escalation in the regionPolish foreign ministry warns against travel to Lebanon, Israel, Iran'We will act': Brussels asks Hungary to explain the easing of visa rules for RussiansHezbollah resumes steady rocket, artillery fire against IsraelIran plans to attack Israel on Tisha B’Av - the Jewish day of disasters, Western intelligence saysIran plans to attack Israel on Tisha B’Av - the Jewish day of disasters, Western intelligence saysPolish foreign ministry warns against travel to Lebanon, Israel, Iran'We will act': Brussels asks Hungary to explain the easing of visa rules for RussiansHezbollah resumes steady rocket, artillery fire against IsraelIran plans to attack Israel on Tisha B’Av - the Jewish day of disasters, Western intelligence saysIran plans to attack Israel on Tisha B’Av - the Jewish day of disasters, Western intelligence saysPolish foreign ministry warns against travel to Lebanon, Israel, Iran'We will act': Brussels asks Hungary to explain the easing of visa rules for RussiansHezbollah resumes steady rocket, artillery fire against IsraelIran plans to attack Israel on Tisha B’Av - the Jewish day of disasters, Western intelligence saysIran plans to attack Israel on Tisha B’Av - the Jewish day of disasters, Western intelligence saysGermany joins multinational force monitoring Korean borderPolish foreign ministry warns against travel to Lebanon, Israel, Iran'We will act': Brussels asks Hungary to explain the easing of visa rules for RussiansHezbollah resumes steady rocket, artillery fire against IsraelIran plans to attack Israel on Tisha B’Av - the Jewish day of disasters, Western intelligence saysGermany joins multinational force monitoring Korean borderPolish foreign ministry warns against travel to Lebanon, Israel, Iran'We will act': Brussels asks Hungary to explain the easing of visa rules for RussiansHezbollah resumes steady rocket, artillery fire against IsraelIran plans to attack Israel on Tisha B’Av - the Jewish day of disasters, Western intelligence saysGermany joins multinational force monitoring Korean borderPolish foreign ministry warns against travel to Lebanon, Israel, Iran'We will act': Brussels asks Hungary to explain the easing of visa rules for RussiansHezbollah resumes steady rocket, artillery fire against IsraelIran plans to attack Israel on Tisha B’Av - the Jewish day of disasters, Western intelligence saysMaduro Opposition Shares ‘Overwhelming Evidence’ of Venezuela Election FraudUkraine receives first F-16 fighter jets from NetherlandsCarter Center unable to verify Venezuela election results, blasts officials for lack of transparencyBiden, Lula press Venezuela to publish election talliesGermany joins multinational force monitoring Korean borderMaduro Opposition Shares ‘Overwhelming Evidence’ of Venezuela Election FraudUkraine receives first F-16 fighter jets from NetherlandsCarter Center unable to verify Venezuela election results, blasts officials for lack of transparencyBiden, Lula press Venezuela to publish election talliesGermany joins multinational force monitoring Korean borderFresh violence in Bangladesh student protestsMaduro Opposition Shares ‘Overwhelming Evidence’ of Venezuela Election FraudUkraine receives first F-16 fighter jets from NetherlandsCarter Center unable to verify Venezuela election results, blasts officials for lack of transparencyBiden, Lula press Venezuela to publish election talliesFresh violence in Bangladesh student protestsMaduro Opposition Shares ‘Overwhelming Evidence’ of Venezuela Election FraudUkraine receives first F-16 fighter jets from NetherlandsCarter Center unable to verify Venezuela election results, blasts officials for lack of transparencyBiden, Lula press Venezuela to publish election talliesFresh violence in Bangladesh student protestsMaduro Opposition Shares ‘Overwhelming Evidence’ of Venezuela Election FraudUkraine receives first F-16 fighter jets from NetherlandsCarter Center unable to verify Venezuela election results, blasts officials for lack of transparencyBiden, Lula press Venezuela to publish election tallies
[2024-08-02T18:09:27.128+0000] {logging_mixin.py:188} INFO - against: 22
[2024-08-02T18:09:27.128+0000] {logging_mixin.py:188} INFO - election: 17
[2024-08-02T18:09:27.129+0000] {logging_mixin.py:188} INFO - venezuela: 15
[2024-08-02T18:09:27.129+0000] {logging_mixin.py:188} INFO - israel: 11
[2024-08-02T18:09:27.129+0000] {logging_mixin.py:188} INFO - plans: 9
[2024-08-02T18:09:27.129+0000] {logging_mixin.py:188} INFO - attack: 9
[2024-08-02T18:09:27.130+0000] {logging_mixin.py:188} INFO - tisha: 9
[2024-08-02T18:09:27.130+0000] {logging_mixin.py:188} INFO - b’av: 9
[2024-08-02T18:09:27.130+0000] {logging_mixin.py:188} INFO - -: 9
[2024-08-02T18:09:27.131+0000] {logging_mixin.py:188} INFO - jewish: 9
[2024-08-02T18:09:27.131+0000] {logging_mixin.py:188} INFO - day: 9
[2024-08-02T18:09:27.131+0000] {logging_mixin.py:188} INFO - disasters,: 9
[2024-08-02T18:09:27.132+0000] {logging_mixin.py:188} INFO - western: 9
[2024-08-02T18:09:27.132+0000] {logging_mixin.py:188} INFO - intelligence: 9
[2024-08-02T18:09:27.132+0000] {logging_mixin.py:188} INFO - military: 7
[2024-08-02T18:09:27.133+0000] {logging_mixin.py:188} INFO - first: 7
[2024-08-02T18:09:27.133+0000] {logging_mixin.py:188} INFO - opposition: 7
[2024-08-02T18:09:27.133+0000] {logging_mixin.py:188} INFO - foreign: 6
[2024-08-02T18:09:27.134+0000] {logging_mixin.py:188} INFO - ministry: 6
[2024-08-02T18:09:27.134+0000] {logging_mixin.py:188} INFO - warns: 6
[2024-08-02T18:09:27.134+0000] {logging_mixin.py:188} INFO - travel: 6
[2024-08-02T18:09:27.134+0000] {logging_mixin.py:188} INFO - lebanon,: 6
[2024-08-02T18:09:27.135+0000] {logging_mixin.py:188} INFO - israel,: 6
[2024-08-02T18:09:27.135+0000] {logging_mixin.py:188} INFO - iran'we: 6
[2024-08-02T18:09:27.135+0000] {logging_mixin.py:188} INFO - will: 6
[2024-08-02T18:09:27.136+0000] {logging_mixin.py:188} INFO - act':: 6
[2024-08-02T18:09:27.136+0000] {logging_mixin.py:188} INFO - brussels: 6
[2024-08-02T18:09:27.136+0000] {logging_mixin.py:188} INFO - asks: 6
[2024-08-02T18:09:27.137+0000] {logging_mixin.py:188} INFO - hungary: 6
[2024-08-02T18:09:27.137+0000] {logging_mixin.py:188} INFO - explain: 6
[2024-08-02T18:09:27.137+0000] {logging_mixin.py:188} INFO - easing: 6
[2024-08-02T18:09:27.137+0000] {logging_mixin.py:188} INFO - visa: 6
[2024-08-02T18:09:27.138+0000] {logging_mixin.py:188} INFO - rules: 6
[2024-08-02T18:09:27.138+0000] {logging_mixin.py:188} INFO - russianshezbollah: 6
[2024-08-02T18:09:27.138+0000] {logging_mixin.py:188} INFO - resumes: 6
[2024-08-02T18:09:27.139+0000] {logging_mixin.py:188} INFO - steady: 6
[2024-08-02T18:09:27.139+0000] {logging_mixin.py:188} INFO - rocket,: 6
[2024-08-02T18:09:27.139+0000] {logging_mixin.py:188} INFO - artillery: 6
[2024-08-02T18:09:27.139+0000] {logging_mixin.py:188} INFO - fire: 6
[2024-08-02T18:09:27.140+0000] {logging_mixin.py:188} INFO - israeliran: 6
[2024-08-02T18:09:27.140+0000] {logging_mixin.py:188} INFO - cash: 5
[2024-08-02T18:09:27.140+0000] {logging_mixin.py:188} INFO - withdrawal: 5
[2024-08-02T18:09:27.140+0000] {logging_mixin.py:188} INFO - drove: 5
[2024-08-02T18:09:27.141+0000] {logging_mixin.py:188} INFO - secret: 5
[2024-08-02T18:09:27.141+0000] {logging_mixin.py:188} INFO - probe: 5
[2024-08-02T18:09:27.141+0000] {logging_mixin.py:188} INFO - trump: 5
[2024-08-02T18:09:27.141+0000] {logging_mixin.py:188} INFO - took: 5
[2024-08-02T18:09:27.142+0000] {logging_mixin.py:188} INFO - money: 5
[2024-08-02T18:09:27.142+0000] {logging_mixin.py:188} INFO - egyptrevealed:: 5
[2024-08-02T18:09:27.142+0000] {logging_mixin.py:188} INFO - tories: 5
[2024-08-02T18:09:27.143+0000] {logging_mixin.py:188} INFO - failed: 5
[2024-08-02T18:09:27.143+0000] {logging_mixin.py:188} INFO - do: 5
[2024-08-02T18:09:27.143+0000] {logging_mixin.py:188} INFO - impact: 5
[2024-08-02T18:09:27.144+0000] {logging_mixin.py:188} INFO - check: 5
[2024-08-02T18:09:27.144+0000] {logging_mixin.py:188} INFO - approving: 5
[2024-08-02T18:09:27.144+0000] {logging_mixin.py:188} INFO - banned: 5
[2024-08-02T18:09:27.144+0000] {logging_mixin.py:188} INFO - pesticideisrael: 5
[2024-08-02T18:09:27.145+0000] {logging_mixin.py:188} INFO - kills: 5
[2024-08-02T18:09:27.145+0000] {logging_mixin.py:188} INFO - an: 5
[2024-08-02T18:09:27.145+0000] {logging_mixin.py:188} INFO - al: 5
[2024-08-02T18:09:27.145+0000] {logging_mixin.py:188} INFO - jazeera: 5
[2024-08-02T18:09:27.146+0000] {logging_mixin.py:188} INFO - says,: 5
[2024-08-02T18:09:27.146+0000] {logging_mixin.py:188} INFO - without: 5
[2024-08-02T18:09:27.146+0000] {logging_mixin.py:188} INFO - evidence,: 5
[2024-08-02T18:09:27.147+0000] {logging_mixin.py:188} INFO - he: 5
[2024-08-02T18:09:27.147+0000] {logging_mixin.py:188} INFO - was: 5
[2024-08-02T18:09:27.147+0000] {logging_mixin.py:188} INFO - hamas: 5
[2024-08-02T18:09:27.147+0000] {logging_mixin.py:188} INFO - operativefrance: 5
[2024-08-02T18:09:27.148+0000] {logging_mixin.py:188} INFO - investigates: 5
[2024-08-02T18:09:27.148+0000] {logging_mixin.py:188} INFO - death: 5
[2024-08-02T18:09:27.148+0000] {logging_mixin.py:188} INFO - threats: 5
[2024-08-02T18:09:27.149+0000] {logging_mixin.py:188} INFO - olympics: 5
[2024-08-02T18:09:27.149+0000] {logging_mixin.py:188} INFO - ceremony: 5
[2024-08-02T18:09:27.149+0000] {logging_mixin.py:188} INFO - directorfrance: 5
[2024-08-02T18:09:27.149+0000] {logging_mixin.py:188} INFO - formally: 5
[2024-08-02T18:09:27.150+0000] {logging_mixin.py:188} INFO - advised: 5
[2024-08-02T18:09:27.150+0000] {logging_mixin.py:188} INFO - its: 5
[2024-08-02T18:09:27.150+0000] {logging_mixin.py:188} INFO - citizen: 5
[2024-08-02T18:09:27.151+0000] {logging_mixin.py:188} INFO - travelling: 5
[2024-08-02T18:09:27.151+0000] {logging_mixin.py:188} INFO - iran: 5
[2024-08-02T18:09:27.151+0000] {logging_mixin.py:188} INFO - asked: 5
[2024-08-02T18:09:27.151+0000] {logging_mixin.py:188} INFO - french: 5
[2024-08-02T18:09:27.152+0000] {logging_mixin.py:188} INFO - citizens: 5
[2024-08-02T18:09:27.152+0000] {logging_mixin.py:188} INFO - still: 5
[2024-08-02T18:09:27.152+0000] {logging_mixin.py:188} INFO - country: 5
[2024-08-02T18:09:27.152+0000] {logging_mixin.py:188} INFO - leave: 5
[2024-08-02T18:09:27.153+0000] {logging_mixin.py:188} INFO - soon: 5
[2024-08-02T18:09:27.153+0000] {logging_mixin.py:188} INFO - possible: 5
[2024-08-02T18:09:27.153+0000] {logging_mixin.py:188} INFO - due: 5
[2024-08-02T18:09:27.154+0000] {logging_mixin.py:188} INFO - risk: 5
[2024-08-02T18:09:27.154+0000] {logging_mixin.py:188} INFO - escalation: 5
[2024-08-02T18:09:27.154+0000] {logging_mixin.py:188} INFO - joins: 5
[2024-08-02T18:09:27.154+0000] {logging_mixin.py:188} INFO - multinational: 5
[2024-08-02T18:09:27.155+0000] {logging_mixin.py:188} INFO - force: 5
[2024-08-02T18:09:27.155+0000] {logging_mixin.py:188} INFO - monitoring: 5
[2024-08-02T18:09:27.155+0000] {logging_mixin.py:188} INFO - korean: 5
[2024-08-02T18:09:27.156+0000] {logging_mixin.py:188} INFO - shares: 5
[2024-08-02T18:09:27.156+0000] {logging_mixin.py:188} INFO - ‘overwhelming: 5
[2024-08-02T18:09:27.156+0000] {logging_mixin.py:188} INFO - evidence’: 5
[2024-08-02T18:09:27.156+0000] {logging_mixin.py:188} INFO - fraudukraine: 5
[2024-08-02T18:09:27.157+0000] {logging_mixin.py:188} INFO - receives: 5
[2024-08-02T18:09:27.157+0000] {logging_mixin.py:188} INFO - f-16: 5
[2024-08-02T18:09:27.157+0000] {logging_mixin.py:188} INFO - fighter: 5
[2024-08-02T18:09:27.158+0000] {logging_mixin.py:188} INFO - jets: 5
[2024-08-02T18:09:27.158+0000] {logging_mixin.py:188} INFO - netherlandscarter: 5
[2024-08-02T18:09:27.158+0000] {logging_mixin.py:188} INFO - center: 5
[2024-08-02T18:09:27.159+0000] {logging_mixin.py:188} INFO - unable: 5
[2024-08-02T18:09:27.159+0000] {logging_mixin.py:188} INFO - verify: 5
[2024-08-02T18:09:27.159+0000] {logging_mixin.py:188} INFO - results,: 5
[2024-08-02T18:09:27.159+0000] {logging_mixin.py:188} INFO - blasts: 5
[2024-08-02T18:09:27.160+0000] {logging_mixin.py:188} INFO - officials: 5
[2024-08-02T18:09:27.160+0000] {logging_mixin.py:188} INFO - lack: 5
[2024-08-02T18:09:27.160+0000] {logging_mixin.py:188} INFO - transparencybiden,: 5
[2024-08-02T18:09:27.161+0000] {logging_mixin.py:188} INFO - lula: 5
[2024-08-02T18:09:27.161+0000] {logging_mixin.py:188} INFO - publish: 5
[2024-08-02T18:09:27.161+0000] {logging_mixin.py:188} INFO - prisoner: 4
[2024-08-02T18:09:27.162+0000] {logging_mixin.py:188} INFO - swap: 4
[2024-08-02T18:09:27.162+0000] {logging_mixin.py:188} INFO - u.s.: 4
[2024-08-02T18:09:27.162+0000] {logging_mixin.py:188} INFO - region$10m: 4
[2024-08-02T18:09:27.162+0000] {logging_mixin.py:188} INFO - saysiran: 3
[2024-08-02T18:09:27.163+0000] {logging_mixin.py:188} INFO - saysgermany: 3
[2024-08-02T18:09:27.163+0000] {logging_mixin.py:188} INFO - borderpolish: 3
[2024-08-02T18:09:27.163+0000] {logging_mixin.py:188} INFO - violence: 3
[2024-08-02T18:09:27.164+0000] {logging_mixin.py:188} INFO - bangladesh: 3
[2024-08-02T18:09:27.164+0000] {logging_mixin.py:188} INFO - student: 3
[2024-08-02T18:09:27.164+0000] {logging_mixin.py:188} INFO - protestsmaduro: 3
[2024-08-02T18:09:27.164+0000] {logging_mixin.py:188} INFO - mounts: 2
[2024-08-02T18:09:27.165+0000] {logging_mixin.py:188} INFO - environmental: 2
[2024-08-02T18:09:27.165+0000] {logging_mixin.py:188} INFO - cost: 2
[2024-08-02T18:09:27.165+0000] {logging_mixin.py:188} INFO - google: 2
[2024-08-02T18:09:27.166+0000] {logging_mixin.py:188} INFO - datacentre: 2
[2024-08-02T18:09:27.166+0000] {logging_mixin.py:188} INFO - uruguaypaul: 2
[2024-08-02T18:09:27.166+0000] {logging_mixin.py:188} INFO - whelan: 2
[2024-08-02T18:09:27.167+0000] {logging_mixin.py:188} INFO - released: 2
[2024-08-02T18:09:27.167+0000] {logging_mixin.py:188} INFO - russia: 2
[2024-08-02T18:09:27.167+0000] {logging_mixin.py:188} INFO - includes: 2
[2024-08-02T18:09:27.168+0000] {logging_mixin.py:188} INFO - reporter: 2
[2024-08-02T18:09:27.168+0000] {logging_mixin.py:188} INFO - evan: 2
[2024-08-02T18:09:27.168+0000] {logging_mixin.py:188} INFO - gershkovichus: 2
[2024-08-02T18:09:27.169+0000] {logging_mixin.py:188} INFO - discuss: 2
[2024-08-02T18:09:27.169+0000] {logging_mixin.py:188} INFO - "new: 2
[2024-08-02T18:09:27.169+0000] {logging_mixin.py:188} INFO - defensive: 2
[2024-08-02T18:09:27.169+0000] {logging_mixin.py:188} INFO - deployments": 2
[2024-08-02T18:09:27.170+0000] {logging_mixin.py:188} INFO - release: 2
[2024-08-02T18:09:27.170+0000] {logging_mixin.py:188} INFO - russian: 2
[2024-08-02T18:09:27.170+0000] {logging_mixin.py:188} INFO - hackers: 2
[2024-08-02T18:09:27.170+0000] {logging_mixin.py:188} INFO - believed: 2
[2024-08-02T18:09:27.171+0000] {logging_mixin.py:188} INFO - be: 2
[2024-08-02T18:09:27.171+0000] {logging_mixin.py:188} INFO - cybercriminalsthe: 2
[2024-08-02T18:09:27.171+0000] {logging_mixin.py:188} INFO - moves: 2
[2024-08-02T18:09:27.172+0000] {logging_mixin.py:188} INFO - recognize: 2
[2024-08-02T18:09:27.172+0000] {logging_mixin.py:188} INFO - victory: 2
[2024-08-02T18:09:27.172+0000] {logging_mixin.py:188} INFO - venezuelan: 2
[2024-08-02T18:09:27.173+0000] {logging_mixin.py:188} INFO - sayspolish: 2
[2024-08-02T18:09:27.173+0000] {logging_mixin.py:188} INFO - talliesgermany: 2
[2024-08-02T18:09:27.173+0000] {logging_mixin.py:188} INFO - talliesfresh: 2
[2024-08-02T18:09:27.173+0000] {logging_mixin.py:188} INFO - anger: 1
[2024-08-02T18:09:27.174+0000] {logging_mixin.py:188} INFO - maduroanger: 1
[2024-08-02T18:09:27.174+0000] {logging_mixin.py:188} INFO - maduro$10m: 1
[2024-08-02T18:09:27.174+0000] {logging_mixin.py:188} INFO - regionpolish: 1
[2024-08-02T18:09:27.175+0000] {logging_mixin.py:188} INFO - saysmaduro: 1
[2024-08-02T18:09:27.175+0000] {logging_mixin.py:188} INFO - bordermaduro: 1
[2024-08-02T18:09:27.175+0000] {logging_mixin.py:188} INFO - borderfresh: 1
[2024-08-02T18:09:27.176+0000] {logging_mixin.py:188} INFO - tallies: 1
[2024-08-02T18:09:27.176+0000] {python.py:237} INFO - Done. Returned value was: None
[2024-08-02T18:09:27.177+0000] {taskinstance.py:441} INFO - ::group::Post task execution logs
[2024-08-02T18:09:27.186+0000] {taskinstance.py:1206} INFO - Marking task as SUCCESS. dag_id=reddit_dag, task_id=processing2, run_id=manual__2024-08-02T18:09:09.526892+00:00, execution_date=20240802T180909, start_date=20240802T180926, end_date=20240802T180927
[2024-08-02T18:09:27.221+0000] {local_task_job_runner.py:243} INFO - Task exited with return code 0
[2024-08-02T18:09:27.245+0000] {taskinstance.py:3503} INFO - 1 downstream tasks scheduled from follow-on schedule check
[2024-08-02T18:09:27.253+0000] {local_task_job_runner.py:222} INFO - ::endgroup::
