[2024-08-02T21:06:32.152+0000] {local_task_job_runner.py:120} INFO - ::group::Pre task execution logs
[2024-08-02T21:06:32.183+0000] {taskinstance.py:2076} INFO - Dependencies all met for dep_context=non-requeueable deps ti=<TaskInstance: reddit_dag.print_subreddit_posts manual__2024-08-02T21:06:24.381157+00:00 [queued]>
[2024-08-02T21:06:32.196+0000] {taskinstance.py:2076} INFO - Dependencies all met for dep_context=requeueable deps ti=<TaskInstance: reddit_dag.print_subreddit_posts manual__2024-08-02T21:06:24.381157+00:00 [queued]>
[2024-08-02T21:06:32.197+0000] {taskinstance.py:2306} INFO - Starting attempt 1 of 1
[2024-08-02T21:06:32.228+0000] {taskinstance.py:2330} INFO - Executing <Task(PythonOperator): print_subreddit_posts> on 2024-08-02 21:06:24.381157+00:00
[2024-08-02T21:06:32.233+0000] {standard_task_runner.py:64} INFO - Started process 1716 to run task
[2024-08-02T21:06:32.235+0000] {standard_task_runner.py:90} INFO - Running: ['airflow', 'tasks', 'run', 'reddit_dag', 'print_subreddit_posts', 'manual__2024-08-02T21:06:24.381157+00:00', '--job-id', '251', '--raw', '--subdir', 'DAGS_FOLDER/project_dag.py', '--cfg-path', '/tmp/tmpdc5tzch3']
[2024-08-02T21:06:32.237+0000] {standard_task_runner.py:91} INFO - Job 251: Subtask print_subreddit_posts
[2024-08-02T21:06:32.300+0000] {task_command.py:426} INFO - Running <TaskInstance: reddit_dag.print_subreddit_posts manual__2024-08-02T21:06:24.381157+00:00 [running]> on host 7df8ffa41b22
[2024-08-02T21:06:32.417+0000] {taskinstance.py:2648} INFO - Exporting env vars: AIRFLOW_CTX_DAG_OWNER='airflow' AIRFLOW_CTX_DAG_ID='reddit_dag' AIRFLOW_CTX_TASK_ID='print_subreddit_posts' AIRFLOW_CTX_EXECUTION_DATE='2024-08-02T21:06:24.381157+00:00' AIRFLOW_CTX_TRY_NUMBER='1' AIRFLOW_CTX_DAG_RUN_ID='manual__2024-08-02T21:06:24.381157+00:00'
[2024-08-02T21:06:32.418+0000] {taskinstance.py:430} INFO - ::endgroup::
[2024-08-02T21:06:36.023+0000] {logging_mixin.py:188} INFO - Post saved: Japan's Olympics delegation has said it will consider contacting the police or taking legal action against defamatory content posted online against athletes
[2024-08-02T21:06:36.024+0000] {logging_mixin.py:188} INFO - Post saved: Keir Starmer warns social media firms after Southport misinformation fuels riots
[2024-08-02T21:06:36.025+0000] {logging_mixin.py:188} INFO - Post saved: Sudan's famine-stricken Zamzam camp hit by devastating floods
[2024-08-02T21:06:36.027+0000] {logging_mixin.py:188} INFO - Post saved: A Fraught Election Just Reshaped the Next Steps for Deep Sea Mining
[2024-08-02T21:06:36.028+0000] {logging_mixin.py:188} INFO - Post saved: We'll see our home again, exchanged Russian prisoners say
[2024-08-02T21:06:36.029+0000] {python.py:237} INFO - Done. Returned value was: None
[2024-08-02T21:06:36.029+0000] {taskinstance.py:441} INFO - ::group::Post task execution logs
[2024-08-02T21:06:36.040+0000] {taskinstance.py:1206} INFO - Marking task as SUCCESS. dag_id=reddit_dag, task_id=print_subreddit_posts, run_id=manual__2024-08-02T21:06:24.381157+00:00, execution_date=20240802T210624, start_date=20240802T210632, end_date=20240802T210636
[2024-08-02T21:06:36.100+0000] {local_task_job_runner.py:243} INFO - Task exited with return code 0
[2024-08-02T21:06:36.136+0000] {taskinstance.py:3503} INFO - 1 downstream tasks scheduled from follow-on schedule check
[2024-08-02T21:06:36.144+0000] {local_task_job_runner.py:222} INFO - ::endgroup::
