[2024-08-01T21:55:55.887+0000] {local_task_job_runner.py:120} INFO - ::group::Pre task execution logs
[2024-08-01T21:55:55.919+0000] {taskinstance.py:2076} INFO - Dependencies all met for dep_context=non-requeueable deps ti=<TaskInstance: reddit_dag.print_subreddit_posts manual__2024-08-01T21:55:48.739931+00:00 [queued]>
[2024-08-01T21:55:55.931+0000] {taskinstance.py:2076} INFO - Dependencies all met for dep_context=requeueable deps ti=<TaskInstance: reddit_dag.print_subreddit_posts manual__2024-08-01T21:55:48.739931+00:00 [queued]>
[2024-08-01T21:55:55.931+0000] {taskinstance.py:2306} INFO - Starting attempt 1 of 1
[2024-08-01T21:55:55.961+0000] {taskinstance.py:2330} INFO - Executing <Task(PythonOperator): print_subreddit_posts> on 2024-08-01 21:55:48.739931+00:00
[2024-08-01T21:55:55.965+0000] {standard_task_runner.py:64} INFO - Started process 1077 to run task
[2024-08-01T21:55:55.966+0000] {standard_task_runner.py:90} INFO - Running: ['airflow', 'tasks', 'run', 'reddit_dag', 'print_subreddit_posts', 'manual__2024-08-01T21:55:48.739931+00:00', '--job-id', '25', '--raw', '--subdir', 'DAGS_FOLDER/project_dag.py', '--cfg-path', '/tmp/tmp778bf26a']
[2024-08-01T21:55:55.968+0000] {standard_task_runner.py:91} INFO - Job 25: Subtask print_subreddit_posts
[2024-08-01T21:55:56.028+0000] {task_command.py:426} INFO - Running <TaskInstance: reddit_dag.print_subreddit_posts manual__2024-08-01T21:55:48.739931+00:00 [running]> on host a520ee17329b
[2024-08-01T21:55:56.149+0000] {taskinstance.py:2648} INFO - Exporting env vars: AIRFLOW_CTX_DAG_OWNER='airflow' AIRFLOW_CTX_DAG_ID='reddit_dag' AIRFLOW_CTX_TASK_ID='print_subreddit_posts' AIRFLOW_CTX_EXECUTION_DATE='2024-08-01T21:55:48.739931+00:00' AIRFLOW_CTX_TRY_NUMBER='1' AIRFLOW_CTX_DAG_RUN_ID='manual__2024-08-01T21:55:48.739931+00:00'
[2024-08-01T21:55:56.150+0000] {taskinstance.py:430} INFO - ::endgroup::
[2024-08-01T21:55:58.191+0000] {logging_mixin.py:188} INFO - Post saved: Unscientific work by NHAI led to Shirur landslide: Geological Survey of India report
[2024-08-01T21:55:58.192+0000] {logging_mixin.py:188} INFO - Post saved: Auron Mein Kahan Dum Tha, Ulajh sell less than 1000 tickets each ahead of release, ‘disastrous’ opening to send shock waves across industry: report
[2024-08-01T21:55:58.194+0000] {logging_mixin.py:188} INFO - Post saved: Saw domestic violence on the streets. Need advice.
[2024-08-01T21:55:58.195+0000] {logging_mixin.py:188} INFO - Post saved: 3-year-old raped, left unconscious in field in MP’s Dindori
[2024-08-01T21:55:58.197+0000] {logging_mixin.py:188} INFO - Post saved: The Fisherman's True Wealth. Full Story Below. AI Generated.
[2024-08-01T21:55:58.197+0000] {python.py:237} INFO - Done. Returned value was: None
[2024-08-01T21:55:58.198+0000] {taskinstance.py:441} INFO - ::group::Post task execution logs
[2024-08-01T21:55:58.210+0000] {taskinstance.py:1206} INFO - Marking task as SUCCESS. dag_id=reddit_dag, task_id=print_subreddit_posts, run_id=manual__2024-08-01T21:55:48.739931+00:00, execution_date=20240801T215548, start_date=20240801T215555, end_date=20240801T215558
[2024-08-01T21:55:58.267+0000] {local_task_job_runner.py:243} INFO - Task exited with return code 0
[2024-08-01T21:55:58.285+0000] {taskinstance.py:3503} INFO - 0 downstream tasks scheduled from follow-on schedule check
[2024-08-01T21:55:58.287+0000] {local_task_job_runner.py:222} INFO - ::endgroup::
