[2024-08-01T22:50:59.746+0000] {local_task_job_runner.py:120} INFO - ::group::Pre task execution logs
[2024-08-01T22:50:59.775+0000] {taskinstance.py:2076} INFO - Dependencies all met for dep_context=non-requeueable deps ti=<TaskInstance: reddit_dag.print_subreddit_posts manual__2024-08-01T22:50:52.302532+00:00 [queued]>
[2024-08-01T22:50:59.786+0000] {taskinstance.py:2076} INFO - Dependencies all met for dep_context=requeueable deps ti=<TaskInstance: reddit_dag.print_subreddit_posts manual__2024-08-01T22:50:52.302532+00:00 [queued]>
[2024-08-01T22:50:59.786+0000] {taskinstance.py:2306} INFO - Starting attempt 1 of 1
[2024-08-01T22:50:59.812+0000] {taskinstance.py:2330} INFO - Executing <Task(PythonOperator): print_subreddit_posts> on 2024-08-01 22:50:52.302532+00:00
[2024-08-01T22:50:59.816+0000] {standard_task_runner.py:64} INFO - Started process 2919 to run task
[2024-08-01T22:50:59.818+0000] {standard_task_runner.py:90} INFO - Running: ['airflow', 'tasks', 'run', 'reddit_dag', 'print_subreddit_posts', 'manual__2024-08-01T22:50:52.302532+00:00', '--job-id', '99', '--raw', '--subdir', 'DAGS_FOLDER/project_dag.py', '--cfg-path', '/tmp/tmpcuda8qun']
[2024-08-01T22:50:59.819+0000] {standard_task_runner.py:91} INFO - Job 99: Subtask print_subreddit_posts
[2024-08-01T22:50:59.876+0000] {task_command.py:426} INFO - Running <TaskInstance: reddit_dag.print_subreddit_posts manual__2024-08-01T22:50:52.302532+00:00 [running]> on host a520ee17329b
[2024-08-01T22:50:59.984+0000] {taskinstance.py:2648} INFO - Exporting env vars: AIRFLOW_CTX_DAG_OWNER='airflow' AIRFLOW_CTX_DAG_ID='reddit_dag' AIRFLOW_CTX_TASK_ID='print_subreddit_posts' AIRFLOW_CTX_EXECUTION_DATE='2024-08-01T22:50:52.302532+00:00' AIRFLOW_CTX_TRY_NUMBER='1' AIRFLOW_CTX_DAG_RUN_ID='manual__2024-08-01T22:50:52.302532+00:00'
[2024-08-01T22:50:59.985+0000] {taskinstance.py:430} INFO - ::endgroup::
[2024-08-01T22:51:01.461+0000] {logging_mixin.py:188} INFO - Post saved: Anger mounts over environmental cost of Google datacentre in Uruguay
[2024-08-01T22:51:01.463+0000] {logging_mixin.py:188} INFO - Post saved: Paul Whelan released from Russia in prisoner swap that includes reporter Evan Gershkovich
[2024-08-01T22:51:01.465+0000] {logging_mixin.py:188} INFO - Post saved: US and Israel discuss "new defensive military deployments" 
[2024-08-01T22:51:01.466+0000] {logging_mixin.py:188} INFO - Post saved: Release of Russian hackers believed to be first U.S. prisoner swap of international cybercriminals
[2024-08-01T22:51:01.468+0000] {logging_mixin.py:188} INFO - Post saved: The U.S. moves to recognize election victory of Venezuelan opposition over Maduro
[2024-08-01T22:51:01.468+0000] {python.py:237} INFO - Done. Returned value was: None
[2024-08-01T22:51:01.469+0000] {taskinstance.py:441} INFO - ::group::Post task execution logs
[2024-08-01T22:51:01.479+0000] {taskinstance.py:1206} INFO - Marking task as SUCCESS. dag_id=reddit_dag, task_id=print_subreddit_posts, run_id=manual__2024-08-01T22:50:52.302532+00:00, execution_date=20240801T225052, start_date=20240801T225059, end_date=20240801T225101
[2024-08-01T22:51:01.516+0000] {local_task_job_runner.py:243} INFO - Task exited with return code 0
[2024-08-01T22:51:01.547+0000] {taskinstance.py:3503} INFO - 1 downstream tasks scheduled from follow-on schedule check
[2024-08-01T22:51:01.555+0000] {local_task_job_runner.py:222} INFO - ::endgroup::
