[2024-08-01T21:11:17.268+0000] {local_task_job_runner.py:120} INFO - ::group::Pre task execution logs
[2024-08-01T21:11:17.297+0000] {taskinstance.py:2076} INFO - Dependencies all met for dep_context=non-requeueable deps ti=<TaskInstance: reddit_dag.print_subreddit_posts manual__2024-08-01T21:11:09.306638+00:00 [queued]>
[2024-08-01T21:11:17.308+0000] {taskinstance.py:2076} INFO - Dependencies all met for dep_context=requeueable deps ti=<TaskInstance: reddit_dag.print_subreddit_posts manual__2024-08-01T21:11:09.306638+00:00 [queued]>
[2024-08-01T21:11:17.308+0000] {taskinstance.py:2306} INFO - Starting attempt 1 of 1
[2024-08-01T21:11:17.336+0000] {taskinstance.py:2330} INFO - Executing <Task(PythonOperator): print_subreddit_posts> on 2024-08-01 21:11:09.306638+00:00
[2024-08-01T21:11:17.340+0000] {standard_task_runner.py:64} INFO - Started process 585 to run task
[2024-08-01T21:11:17.342+0000] {standard_task_runner.py:90} INFO - Running: ['airflow', 'tasks', 'run', 'reddit_dag', 'print_subreddit_posts', 'manual__2024-08-01T21:11:09.306638+00:00', '--job-id', '13', '--raw', '--subdir', 'DAGS_FOLDER/project_dag.py', '--cfg-path', '/tmp/tmpm6wh5nkf']
[2024-08-01T21:11:17.343+0000] {standard_task_runner.py:91} INFO - Job 13: Subtask print_subreddit_posts
[2024-08-01T21:11:17.407+0000] {task_command.py:426} INFO - Running <TaskInstance: reddit_dag.print_subreddit_posts manual__2024-08-01T21:11:09.306638+00:00 [running]> on host a520ee17329b
[2024-08-01T21:11:17.526+0000] {taskinstance.py:2648} INFO - Exporting env vars: AIRFLOW_CTX_DAG_OWNER='airflow' AIRFLOW_CTX_DAG_ID='reddit_dag' AIRFLOW_CTX_TASK_ID='print_subreddit_posts' AIRFLOW_CTX_EXECUTION_DATE='2024-08-01T21:11:09.306638+00:00' AIRFLOW_CTX_TRY_NUMBER='1' AIRFLOW_CTX_DAG_RUN_ID='manual__2024-08-01T21:11:09.306638+00:00'
[2024-08-01T21:11:17.527+0000] {taskinstance.py:430} INFO - ::endgroup::
[2024-08-01T21:11:18.946+0000] {logging_mixin.py:188} INFO - Angelina
[2024-08-01T21:11:18.947+0000] {logging_mixin.py:188} INFO - Mila Amour
[2024-08-01T21:11:18.947+0000] {logging_mixin.py:188} INFO - Tanlines Awesomeness.
[2024-08-01T21:11:18.948+0000] {logging_mixin.py:188} INFO - balcony fun 
[2024-08-01T21:11:18.948+0000] {logging_mixin.py:188} INFO - Natalia 
[2024-08-01T21:11:18.948+0000] {python.py:237} INFO - Done. Returned value was: None
[2024-08-01T21:11:18.949+0000] {taskinstance.py:441} INFO - ::group::Post task execution logs
[2024-08-01T21:11:18.959+0000] {taskinstance.py:1206} INFO - Marking task as SUCCESS. dag_id=reddit_dag, task_id=print_subreddit_posts, run_id=manual__2024-08-01T21:11:09.306638+00:00, execution_date=20240801T211109, start_date=20240801T211117, end_date=20240801T211118
[2024-08-01T21:11:19.000+0000] {local_task_job_runner.py:243} INFO - Task exited with return code 0
[2024-08-01T21:11:19.019+0000] {taskinstance.py:3503} INFO - 0 downstream tasks scheduled from follow-on schedule check
[2024-08-01T21:11:19.020+0000] {local_task_job_runner.py:222} INFO - ::endgroup::
