[2024-08-02T21:26:20.598+0000] {local_task_job_runner.py:120} INFO - ::group::Pre task execution logs
[2024-08-02T21:26:20.630+0000] {taskinstance.py:2076} INFO - Dependencies all met for dep_context=non-requeueable deps ti=<TaskInstance: reddit_dag.processing2 manual__2024-08-02T21:26:04.924498+00:00 [queued]>
[2024-08-02T21:26:20.644+0000] {taskinstance.py:2076} INFO - Dependencies all met for dep_context=requeueable deps ti=<TaskInstance: reddit_dag.processing2 manual__2024-08-02T21:26:04.924498+00:00 [queued]>
[2024-08-02T21:26:20.645+0000] {taskinstance.py:2306} INFO - Starting attempt 1 of 1
[2024-08-02T21:26:20.673+0000] {taskinstance.py:2330} INFO - Executing <Task(PythonOperator): processing2> on 2024-08-02 21:26:04.924498+00:00
[2024-08-02T21:26:20.676+0000] {standard_task_runner.py:64} INFO - Started process 3016 to run task
[2024-08-02T21:26:20.678+0000] {standard_task_runner.py:90} INFO - Running: ['airflow', 'tasks', 'run', 'reddit_dag', 'processing2', 'manual__2024-08-02T21:26:04.924498+00:00', '--job-id', '309', '--raw', '--subdir', 'DAGS_FOLDER/project_dag.py', '--cfg-path', '/tmp/tmpa_qv73za']
[2024-08-02T21:26:20.679+0000] {standard_task_runner.py:91} INFO - Job 309: Subtask processing2
[2024-08-02T21:26:20.752+0000] {task_command.py:426} INFO - Running <TaskInstance: reddit_dag.processing2 manual__2024-08-02T21:26:04.924498+00:00 [running]> on host 7df8ffa41b22
[2024-08-02T21:26:20.860+0000] {taskinstance.py:2648} INFO - Exporting env vars: AIRFLOW_CTX_DAG_OWNER='airflow' AIRFLOW_CTX_DAG_ID='reddit_dag' AIRFLOW_CTX_TASK_ID='processing2' AIRFLOW_CTX_EXECUTION_DATE='2024-08-02T21:26:04.924498+00:00' AIRFLOW_CTX_TRY_NUMBER='1' AIRFLOW_CTX_DAG_RUN_ID='manual__2024-08-02T21:26:04.924498+00:00'
[2024-08-02T21:26:20.860+0000] {taskinstance.py:430} INFO - ::endgroup::
[2024-08-02T21:26:20.889+0000] {logging_mixin.py:188} INFO - Netanyahu, Defiant, Appears to Have Gone Rogue, Risking a Regional WarDozens of children killed in Bangladesh protests - UnicefJapan's Olympics delegation has said it will consider contacting the police or taking legal action against defamatory content posted online against athletesKeir Starmer warns social media firms after Southport misinformation fuels riotsSudan's famine-stricken Zamzam camp hit by devastating floodsNetanyahu, Defiant, Appears to Have Gone Rogue, Risking a Regional WarDozens of children killed in Bangladesh protests - UnicefJapan's Olympics delegation has said it will consider contacting the police or taking legal action against defamatory content posted online against athletesKeir Starmer warns social media firms after Southport misinformation fuels riotsSudan's famine-stricken Zamzam camp hit by devastating floods
[2024-08-02T21:26:20.892+0000] {logging_mixin.py:188} INFO - against: 4
[2024-08-02T21:26:20.892+0000] {logging_mixin.py:188} INFO - defiant,: 2
[2024-08-02T21:26:20.892+0000] {logging_mixin.py:188} INFO - appears: 2
[2024-08-02T21:26:20.893+0000] {logging_mixin.py:188} INFO - have: 2
[2024-08-02T21:26:20.893+0000] {logging_mixin.py:188} INFO - gone: 2
[2024-08-02T21:26:20.893+0000] {logging_mixin.py:188} INFO - rogue,: 2
[2024-08-02T21:26:20.894+0000] {logging_mixin.py:188} INFO - risking: 2
[2024-08-02T21:26:20.894+0000] {logging_mixin.py:188} INFO - regional: 2
[2024-08-02T21:26:20.894+0000] {logging_mixin.py:188} INFO - wardozens: 2
[2024-08-02T21:26:20.895+0000] {logging_mixin.py:188} INFO - children: 2
[2024-08-02T21:26:20.895+0000] {logging_mixin.py:188} INFO - killed: 2
[2024-08-02T21:26:20.895+0000] {logging_mixin.py:188} INFO - bangladesh: 2
[2024-08-02T21:26:20.895+0000] {logging_mixin.py:188} INFO - protests: 2
[2024-08-02T21:26:20.896+0000] {logging_mixin.py:188} INFO - -: 2
[2024-08-02T21:26:20.896+0000] {logging_mixin.py:188} INFO - unicefjapan's: 2
[2024-08-02T21:26:20.896+0000] {logging_mixin.py:188} INFO - olympics: 2
[2024-08-02T21:26:20.896+0000] {logging_mixin.py:188} INFO - delegation: 2
[2024-08-02T21:26:20.897+0000] {logging_mixin.py:188} INFO - will: 2
[2024-08-02T21:26:20.897+0000] {logging_mixin.py:188} INFO - consider: 2
[2024-08-02T21:26:20.897+0000] {logging_mixin.py:188} INFO - contacting: 2
[2024-08-02T21:26:20.898+0000] {logging_mixin.py:188} INFO - police: 2
[2024-08-02T21:26:20.898+0000] {logging_mixin.py:188} INFO - taking: 2
[2024-08-02T21:26:20.898+0000] {logging_mixin.py:188} INFO - legal: 2
[2024-08-02T21:26:20.898+0000] {logging_mixin.py:188} INFO - action: 2
[2024-08-02T21:26:20.899+0000] {logging_mixin.py:188} INFO - defamatory: 2
[2024-08-02T21:26:20.899+0000] {logging_mixin.py:188} INFO - content: 2
[2024-08-02T21:26:20.900+0000] {logging_mixin.py:188} INFO - posted: 2
[2024-08-02T21:26:20.900+0000] {logging_mixin.py:188} INFO - online: 2
[2024-08-02T21:26:20.900+0000] {logging_mixin.py:188} INFO - athleteskeir: 2
[2024-08-02T21:26:20.900+0000] {logging_mixin.py:188} INFO - starmer: 2
[2024-08-02T21:26:20.901+0000] {logging_mixin.py:188} INFO - warns: 2
[2024-08-02T21:26:20.901+0000] {logging_mixin.py:188} INFO - social: 2
[2024-08-02T21:26:20.901+0000] {logging_mixin.py:188} INFO - firms: 2
[2024-08-02T21:26:20.902+0000] {logging_mixin.py:188} INFO - southport: 2
[2024-08-02T21:26:20.902+0000] {logging_mixin.py:188} INFO - misinformation: 2
[2024-08-02T21:26:20.902+0000] {logging_mixin.py:188} INFO - fuels: 2
[2024-08-02T21:26:20.902+0000] {logging_mixin.py:188} INFO - riotssudan's: 2
[2024-08-02T21:26:20.903+0000] {logging_mixin.py:188} INFO - famine-stricken: 2
[2024-08-02T21:26:20.903+0000] {logging_mixin.py:188} INFO - zamzam: 2
[2024-08-02T21:26:20.903+0000] {logging_mixin.py:188} INFO - camp: 2
[2024-08-02T21:26:20.904+0000] {logging_mixin.py:188} INFO - hit: 2
[2024-08-02T21:26:20.904+0000] {logging_mixin.py:188} INFO - devastating: 2
[2024-08-02T21:26:20.904+0000] {logging_mixin.py:188} INFO - netanyahu,: 1
[2024-08-02T21:26:20.904+0000] {logging_mixin.py:188} INFO - floodsnetanyahu,: 1
[2024-08-02T21:26:20.905+0000] {logging_mixin.py:188} INFO - floods: 1
[2024-08-02T21:26:20.906+0000] {python.py:237} INFO - Done. Returned value was: None
[2024-08-02T21:26:20.906+0000] {taskinstance.py:441} INFO - ::group::Post task execution logs
[2024-08-02T21:26:20.918+0000] {taskinstance.py:1206} INFO - Marking task as SUCCESS. dag_id=reddit_dag, task_id=processing2, run_id=manual__2024-08-02T21:26:04.924498+00:00, execution_date=20240802T212604, start_date=20240802T212620, end_date=20240802T212620
[2024-08-02T21:26:20.971+0000] {local_task_job_runner.py:243} INFO - Task exited with return code 0
[2024-08-02T21:26:21.009+0000] {taskinstance.py:3503} INFO - 1 downstream tasks scheduled from follow-on schedule check
[2024-08-02T21:26:21.018+0000] {local_task_job_runner.py:222} INFO - ::endgroup::
