[2024-08-01T22:27:37.598+0000] {local_task_job_runner.py:120} INFO - ::group::Pre task execution logs
[2024-08-01T22:27:37.628+0000] {taskinstance.py:2076} INFO - Dependencies all met for dep_context=non-requeueable deps ti=<TaskInstance: reddit_dag.processing manual__2024-08-01T22:27:25.521933+00:00 [queued]>
[2024-08-01T22:27:37.639+0000] {taskinstance.py:2076} INFO - Dependencies all met for dep_context=requeueable deps ti=<TaskInstance: reddit_dag.processing manual__2024-08-01T22:27:25.521933+00:00 [queued]>
[2024-08-01T22:27:37.639+0000] {taskinstance.py:2306} INFO - Starting attempt 1 of 1
[2024-08-01T22:27:37.665+0000] {taskinstance.py:2330} INFO - Executing <Task(PythonOperator): processing> on 2024-08-01 22:27:25.521933+00:00
[2024-08-01T22:27:37.669+0000] {standard_task_runner.py:64} INFO - Started process 2145 to run task
[2024-08-01T22:27:37.670+0000] {standard_task_runner.py:90} INFO - Running: ['airflow', 'tasks', 'run', 'reddit_dag', 'processing', 'manual__2024-08-01T22:27:25.521933+00:00', '--job-id', '69', '--raw', '--subdir', 'DAGS_FOLDER/project_dag.py', '--cfg-path', '/tmp/tmpevks0zgd']
[2024-08-01T22:27:37.671+0000] {standard_task_runner.py:91} INFO - Job 69: Subtask processing
[2024-08-01T22:27:37.725+0000] {task_command.py:426} INFO - Running <TaskInstance: reddit_dag.processing manual__2024-08-01T22:27:25.521933+00:00 [running]> on host a520ee17329b
[2024-08-01T22:27:37.824+0000] {taskinstance.py:2648} INFO - Exporting env vars: AIRFLOW_CTX_DAG_OWNER='airflow' AIRFLOW_CTX_DAG_ID='reddit_dag' AIRFLOW_CTX_TASK_ID='processing' AIRFLOW_CTX_EXECUTION_DATE='2024-08-01T22:27:25.521933+00:00' AIRFLOW_CTX_TRY_NUMBER='1' AIRFLOW_CTX_DAG_RUN_ID='manual__2024-08-01T22:27:25.521933+00:00'
[2024-08-01T22:27:37.825+0000] {taskinstance.py:430} INFO - ::endgroup::
[2024-08-01T22:27:37.851+0000] {logging_mixin.py:188} INFO - {'_id': ObjectId('66ac0a8f4188efc2351fa832'), 'title': "Head of Russia's military supplier company detained as corruption cases mount", 'text': '', 'upvotes': 75}
[2024-08-01T22:27:37.853+0000] {taskinstance.py:441} INFO - ::group::Post task execution logs
[2024-08-01T22:27:37.854+0000] {taskinstance.py:2905} ERROR - Task failed with exception
Traceback (most recent call last):
  File "/home/airflow/.local/lib/python3.12/site-packages/airflow/models/taskinstance.py", line 465, in _execute_task
    result = _execute_callable(context=context, **execute_callable_kwargs)
             ^^^^^^^^^^^^^^^^^^^^^^^^^^^^^^^^^^^^^^^^^^^^^^^^^^^^^^^^^^^^^
  File "/home/airflow/.local/lib/python3.12/site-packages/airflow/models/taskinstance.py", line 432, in _execute_callable
    return execute_callable(context=context, **execute_callable_kwargs)
           ^^^^^^^^^^^^^^^^^^^^^^^^^^^^^^^^^^^^^^^^^^^^^^^^^^^^^^^^^^^^
  File "/home/airflow/.local/lib/python3.12/site-packages/airflow/models/baseoperator.py", line 401, in wrapper
    return func(self, *args, **kwargs)
           ^^^^^^^^^^^^^^^^^^^^^^^^^^^
  File "/home/airflow/.local/lib/python3.12/site-packages/airflow/operators/python.py", line 235, in execute
    return_value = self.execute_callable()
                   ^^^^^^^^^^^^^^^^^^^^^^^
  File "/home/airflow/.local/lib/python3.12/site-packages/airflow/operators/python.py", line 252, in execute_callable
    return self.python_callable(*self.op_args, **self.op_kwargs)
           ^^^^^^^^^^^^^^^^^^^^^^^^^^^^^^^^^^^^^^^^^^^^^^^^^^^^^
  File "/opt/airflow/dags/project_dag.py", line 62, in processing
    print(f"Post saved: {submission.title}")
                         ^^^^^^^^^^^^^^^^
AttributeError: 'dict' object has no attribute 'title'
[2024-08-01T22:27:37.865+0000] {taskinstance.py:1206} INFO - Marking task as FAILED. dag_id=reddit_dag, task_id=processing, run_id=manual__2024-08-01T22:27:25.521933+00:00, execution_date=20240801T222725, start_date=20240801T222737, end_date=20240801T222737
[2024-08-01T22:27:37.889+0000] {standard_task_runner.py:110} ERROR - Failed to execute job 69 for task processing ('dict' object has no attribute 'title'; 2145)
[2024-08-01T22:27:37.924+0000] {local_task_job_runner.py:243} INFO - Task exited with return code 1
[2024-08-01T22:27:37.944+0000] {taskinstance.py:3503} INFO - 0 downstream tasks scheduled from follow-on schedule check
[2024-08-01T22:27:37.946+0000] {local_task_job_runner.py:222} INFO - ::endgroup::
