[2024-08-02T15:58:55.307+0000] {local_task_job_runner.py:120} INFO - ::group::Pre task execution logs
[2024-08-02T15:58:55.334+0000] {taskinstance.py:2076} INFO - Dependencies all met for dep_context=non-requeueable deps ti=<TaskInstance: reddit_dag.print_subreddit_posts scheduled__2024-08-01T00:00:00+00:00 [queued]>
[2024-08-02T15:58:55.344+0000] {taskinstance.py:2076} INFO - Dependencies all met for dep_context=requeueable deps ti=<TaskInstance: reddit_dag.print_subreddit_posts scheduled__2024-08-01T00:00:00+00:00 [queued]>
[2024-08-02T15:58:55.345+0000] {taskinstance.py:2306} INFO - Starting attempt 1 of 1
[2024-08-02T15:58:55.371+0000] {taskinstance.py:2330} INFO - Executing <Task(PythonOperator): print_subreddit_posts> on 2024-08-01 00:00:00+00:00
[2024-08-02T15:58:55.374+0000] {standard_task_runner.py:64} INFO - Started process 204 to run task
[2024-08-02T15:58:55.376+0000] {standard_task_runner.py:90} INFO - Running: ['airflow', 'tasks', 'run', 'reddit_dag', 'print_subreddit_posts', 'scheduled__2024-08-01T00:00:00+00:00', '--job-id', '129', '--raw', '--subdir', 'DAGS_FOLDER/project_dag.py', '--cfg-path', '/tmp/tmpfdsj92px']
[2024-08-02T15:58:55.378+0000] {standard_task_runner.py:91} INFO - Job 129: Subtask print_subreddit_posts
[2024-08-02T15:58:55.435+0000] {task_command.py:426} INFO - Running <TaskInstance: reddit_dag.print_subreddit_posts scheduled__2024-08-01T00:00:00+00:00 [running]> on host 3e56899c9e52
[2024-08-02T15:58:55.543+0000] {taskinstance.py:2648} INFO - Exporting env vars: AIRFLOW_CTX_DAG_OWNER='airflow' AIRFLOW_CTX_DAG_ID='reddit_dag' AIRFLOW_CTX_TASK_ID='print_subreddit_posts' AIRFLOW_CTX_EXECUTION_DATE='2024-08-01T00:00:00+00:00' AIRFLOW_CTX_TRY_NUMBER='1' AIRFLOW_CTX_DAG_RUN_ID='scheduled__2024-08-01T00:00:00+00:00'
[2024-08-02T15:58:55.544+0000] {taskinstance.py:430} INFO - ::endgroup::
[2024-08-02T15:58:57.265+0000] {logging_mixin.py:188} INFO - Post saved: $10M cash withdrawal drove secret probe into whether Trump took money from Egypt
[2024-08-02T15:58:57.266+0000] {logging_mixin.py:188} INFO - Post saved: Revealed: Tories failed to do impact check before approving banned pesticide
[2024-08-02T15:58:57.268+0000] {logging_mixin.py:188} INFO - Post saved: Israel kills an Al Jazeera journalist and says, without evidence, he was a Hamas operative
[2024-08-02T15:58:57.269+0000] {logging_mixin.py:188} INFO - Post saved: France investigates death threats against Olympics ceremony director
[2024-08-02T15:58:57.270+0000] {logging_mixin.py:188} INFO - Post saved: France has formally advised its citizen against travelling to Iran and has asked French citizens still the country to leave as soon as possible due to a risk of military escalation in the region
[2024-08-02T15:58:57.271+0000] {python.py:237} INFO - Done. Returned value was: None
[2024-08-02T15:58:57.272+0000] {taskinstance.py:441} INFO - ::group::Post task execution logs
[2024-08-02T15:58:57.282+0000] {taskinstance.py:1206} INFO - Marking task as SUCCESS. dag_id=reddit_dag, task_id=print_subreddit_posts, run_id=scheduled__2024-08-01T00:00:00+00:00, execution_date=20240801T000000, start_date=20240802T155855, end_date=20240802T155857
[2024-08-02T15:58:57.316+0000] {local_task_job_runner.py:243} INFO - Task exited with return code 0
[2024-08-02T15:58:57.346+0000] {taskinstance.py:3503} INFO - 1 downstream tasks scheduled from follow-on schedule check
[2024-08-02T15:58:57.353+0000] {local_task_job_runner.py:222} INFO - ::endgroup::
