[2024-08-02T21:09:42.994+0000] {local_task_job_runner.py:120} INFO - ::group::Pre task execution logs
[2024-08-02T21:09:43.025+0000] {taskinstance.py:2076} INFO - Dependencies all met for dep_context=non-requeueable deps ti=<TaskInstance: reddit_dag.print_subreddit_posts manual__2024-08-02T21:09:35.792263+00:00 [queued]>
[2024-08-02T21:09:43.037+0000] {taskinstance.py:2076} INFO - Dependencies all met for dep_context=requeueable deps ti=<TaskInstance: reddit_dag.print_subreddit_posts manual__2024-08-02T21:09:35.792263+00:00 [queued]>
[2024-08-02T21:09:43.037+0000] {taskinstance.py:2306} INFO - Starting attempt 1 of 1
[2024-08-02T21:09:43.069+0000] {taskinstance.py:2330} INFO - Executing <Task(PythonOperator): print_subreddit_posts> on 2024-08-02 21:09:35.792263+00:00
[2024-08-02T21:09:43.073+0000] {standard_task_runner.py:64} INFO - Started process 1984 to run task
[2024-08-02T21:09:43.076+0000] {standard_task_runner.py:90} INFO - Running: ['airflow', 'tasks', 'run', 'reddit_dag', 'print_subreddit_posts', 'manual__2024-08-02T21:09:35.792263+00:00', '--job-id', '263', '--raw', '--subdir', 'DAGS_FOLDER/project_dag.py', '--cfg-path', '/tmp/tmptlop2_8h']
[2024-08-02T21:09:43.077+0000] {standard_task_runner.py:91} INFO - Job 263: Subtask print_subreddit_posts
[2024-08-02T21:09:43.137+0000] {task_command.py:426} INFO - Running <TaskInstance: reddit_dag.print_subreddit_posts manual__2024-08-02T21:09:35.792263+00:00 [running]> on host 7df8ffa41b22
[2024-08-02T21:09:43.246+0000] {taskinstance.py:2648} INFO - Exporting env vars: AIRFLOW_CTX_DAG_OWNER='airflow' AIRFLOW_CTX_DAG_ID='reddit_dag' AIRFLOW_CTX_TASK_ID='print_subreddit_posts' AIRFLOW_CTX_EXECUTION_DATE='2024-08-02T21:09:35.792263+00:00' AIRFLOW_CTX_TRY_NUMBER='1' AIRFLOW_CTX_DAG_RUN_ID='manual__2024-08-02T21:09:35.792263+00:00'
[2024-08-02T21:09:43.246+0000] {taskinstance.py:430} INFO - ::endgroup::
[2024-08-02T21:09:44.831+0000] {logging_mixin.py:188} INFO - Post saved: Japan's Olympics delegation has said it will consider contacting the police or taking legal action against defamatory content posted online against athletes
[2024-08-02T21:09:44.833+0000] {logging_mixin.py:188} INFO - Post saved: Keir Starmer warns social media firms after Southport misinformation fuels riots
[2024-08-02T21:09:44.835+0000] {logging_mixin.py:188} INFO - Post saved: Sudan's famine-stricken Zamzam camp hit by devastating floods
[2024-08-02T21:09:44.836+0000] {logging_mixin.py:188} INFO - Post saved: A Fraught Election Just Reshaped the Next Steps for Deep Sea Mining
[2024-08-02T21:09:44.837+0000] {logging_mixin.py:188} INFO - Post saved: We'll see our home again, exchanged Russian prisoners say
[2024-08-02T21:09:44.838+0000] {python.py:237} INFO - Done. Returned value was: None
[2024-08-02T21:09:44.838+0000] {taskinstance.py:441} INFO - ::group::Post task execution logs
[2024-08-02T21:09:44.848+0000] {taskinstance.py:1206} INFO - Marking task as SUCCESS. dag_id=reddit_dag, task_id=print_subreddit_posts, run_id=manual__2024-08-02T21:09:35.792263+00:00, execution_date=20240802T210935, start_date=20240802T210943, end_date=20240802T210944
[2024-08-02T21:09:44.895+0000] {local_task_job_runner.py:243} INFO - Task exited with return code 0
[2024-08-02T21:09:44.927+0000] {taskinstance.py:3503} INFO - 1 downstream tasks scheduled from follow-on schedule check
[2024-08-02T21:09:44.934+0000] {local_task_job_runner.py:222} INFO - ::endgroup::
