[2024-08-02T17:17:43.787+0000] {local_task_job_runner.py:120} INFO - ::group::Pre task execution logs
[2024-08-02T17:17:43.816+0000] {taskinstance.py:2076} INFO - Dependencies all met for dep_context=non-requeueable deps ti=<TaskInstance: reddit_dag.print_subreddit_posts manual__2024-08-02T17:17:35.125272+00:00 [queued]>
[2024-08-02T17:17:43.826+0000] {taskinstance.py:2076} INFO - Dependencies all met for dep_context=requeueable deps ti=<TaskInstance: reddit_dag.print_subreddit_posts manual__2024-08-02T17:17:35.125272+00:00 [queued]>
[2024-08-02T17:17:43.827+0000] {taskinstance.py:2306} INFO - Starting attempt 1 of 1
[2024-08-02T17:17:43.855+0000] {taskinstance.py:2330} INFO - Executing <Task(PythonOperator): print_subreddit_posts> on 2024-08-02 17:17:35.125272+00:00
[2024-08-02T17:17:43.859+0000] {standard_task_runner.py:64} INFO - Started process 183 to run task
[2024-08-02T17:17:43.861+0000] {standard_task_runner.py:90} INFO - Running: ['airflow', 'tasks', 'run', 'reddit_dag', 'print_subreddit_posts', 'manual__2024-08-02T17:17:35.125272+00:00', '--job-id', '166', '--raw', '--subdir', 'DAGS_FOLDER/project_dag.py', '--cfg-path', '/tmp/tmp0z58aorm']
[2024-08-02T17:17:43.862+0000] {standard_task_runner.py:91} INFO - Job 166: Subtask print_subreddit_posts
[2024-08-02T17:17:43.920+0000] {task_command.py:426} INFO - Running <TaskInstance: reddit_dag.print_subreddit_posts manual__2024-08-02T17:17:35.125272+00:00 [running]> on host c77de04b35ee
[2024-08-02T17:17:44.025+0000] {taskinstance.py:2648} INFO - Exporting env vars: AIRFLOW_CTX_DAG_OWNER='airflow' AIRFLOW_CTX_DAG_ID='reddit_dag' AIRFLOW_CTX_TASK_ID='print_subreddit_posts' AIRFLOW_CTX_EXECUTION_DATE='2024-08-02T17:17:35.125272+00:00' AIRFLOW_CTX_TRY_NUMBER='1' AIRFLOW_CTX_DAG_RUN_ID='manual__2024-08-02T17:17:35.125272+00:00'
[2024-08-02T17:17:44.026+0000] {taskinstance.py:430} INFO - ::endgroup::
[2024-08-02T17:17:45.870+0000] {logging_mixin.py:188} INFO - Post saved: Polish foreign ministry warns against travel to Lebanon, Israel, Iran
[2024-08-02T17:17:45.872+0000] {logging_mixin.py:188} INFO - Post saved: 'We will act': Brussels asks Hungary to explain the easing of visa rules for Russians
[2024-08-02T17:17:45.873+0000] {logging_mixin.py:188} INFO - Post saved: Hezbollah resumes steady rocket, artillery fire against Israel
[2024-08-02T17:17:45.875+0000] {logging_mixin.py:188} INFO - Post saved: Iran plans to attack Israel on Tisha B’Av - the Jewish day of disasters, Western intelligence says
[2024-08-02T17:17:45.876+0000] {logging_mixin.py:188} INFO - Post saved: Iran plans to attack Israel on Tisha B’Av - the Jewish day of disasters, Western intelligence says
[2024-08-02T17:17:45.877+0000] {python.py:237} INFO - Done. Returned value was: None
[2024-08-02T17:17:45.877+0000] {taskinstance.py:441} INFO - ::group::Post task execution logs
[2024-08-02T17:17:45.889+0000] {taskinstance.py:1206} INFO - Marking task as SUCCESS. dag_id=reddit_dag, task_id=print_subreddit_posts, run_id=manual__2024-08-02T17:17:35.125272+00:00, execution_date=20240802T171735, start_date=20240802T171743, end_date=20240802T171745
[2024-08-02T17:17:45.922+0000] {local_task_job_runner.py:243} INFO - Task exited with return code 0
[2024-08-02T17:17:45.957+0000] {taskinstance.py:3503} INFO - 1 downstream tasks scheduled from follow-on schedule check
[2024-08-02T17:17:45.966+0000] {local_task_job_runner.py:222} INFO - ::endgroup::
