[2024-08-01T21:58:20.088+0000] {local_task_job_runner.py:120} INFO - ::group::Pre task execution logs
[2024-08-01T21:58:20.120+0000] {taskinstance.py:2076} INFO - Dependencies all met for dep_context=non-requeueable deps ti=<TaskInstance: reddit_dag.processing manual__2024-08-01T21:58:06.809223+00:00 [queued]>
[2024-08-01T21:58:20.134+0000] {taskinstance.py:2076} INFO - Dependencies all met for dep_context=requeueable deps ti=<TaskInstance: reddit_dag.processing manual__2024-08-01T21:58:06.809223+00:00 [queued]>
[2024-08-01T21:58:20.135+0000] {taskinstance.py:2306} INFO - Starting attempt 1 of 1
[2024-08-01T21:58:20.168+0000] {taskinstance.py:2330} INFO - Executing <Task(PythonOperator): processing> on 2024-08-01 21:58:06.809223+00:00
[2024-08-01T21:58:20.173+0000] {standard_task_runner.py:64} INFO - Started process 1214 to run task
[2024-08-01T21:58:20.175+0000] {standard_task_runner.py:90} INFO - Running: ['airflow', 'tasks', 'run', 'reddit_dag', 'processing', 'manual__2024-08-01T21:58:06.809223+00:00', '--job-id', '30', '--raw', '--subdir', 'DAGS_FOLDER/project_dag.py', '--cfg-path', '/tmp/tmph_fidrn4']
[2024-08-01T21:58:20.176+0000] {standard_task_runner.py:91} INFO - Job 30: Subtask processing
[2024-08-01T21:58:20.238+0000] {task_command.py:426} INFO - Running <TaskInstance: reddit_dag.processing manual__2024-08-01T21:58:06.809223+00:00 [running]> on host a520ee17329b
[2024-08-01T21:58:20.350+0000] {taskinstance.py:2648} INFO - Exporting env vars: AIRFLOW_CTX_DAG_OWNER='airflow' AIRFLOW_CTX_DAG_ID='reddit_dag' AIRFLOW_CTX_TASK_ID='processing' AIRFLOW_CTX_EXECUTION_DATE='2024-08-01T21:58:06.809223+00:00' AIRFLOW_CTX_TRY_NUMBER='1' AIRFLOW_CTX_DAG_RUN_ID='manual__2024-08-01T21:58:06.809223+00:00'
[2024-08-01T21:58:20.351+0000] {taskinstance.py:430} INFO - ::endgroup::
[2024-08-01T21:58:20.384+0000] {logging_mixin.py:188} INFO - Title: Unscientific work by NHAI led to Shirur landslide: Geological Survey of India report
[2024-08-01T21:58:20.385+0000] {logging_mixin.py:188} INFO - Text: 
[2024-08-01T21:58:20.385+0000] {logging_mixin.py:188} INFO - Upvotes: 4
[2024-08-01T21:58:20.385+0000] {python.py:237} INFO - Done. Returned value was: None
[2024-08-01T21:58:20.386+0000] {taskinstance.py:441} INFO - ::group::Post task execution logs
[2024-08-01T21:58:20.397+0000] {taskinstance.py:1206} INFO - Marking task as SUCCESS. dag_id=reddit_dag, task_id=processing, run_id=manual__2024-08-01T21:58:06.809223+00:00, execution_date=20240801T215806, start_date=20240801T215820, end_date=20240801T215820
[2024-08-01T21:58:20.428+0000] {local_task_job_runner.py:243} INFO - Task exited with return code 0
[2024-08-01T21:58:20.446+0000] {taskinstance.py:3503} INFO - 0 downstream tasks scheduled from follow-on schedule check
[2024-08-01T21:58:20.447+0000] {local_task_job_runner.py:222} INFO - ::endgroup::
