[2024-08-02T21:07:42.806+0000] {local_task_job_runner.py:120} INFO - ::group::Pre task execution logs
[2024-08-02T21:07:42.834+0000] {taskinstance.py:2076} INFO - Dependencies all met for dep_context=non-requeueable deps ti=<TaskInstance: reddit_dag.processing2 manual__2024-08-02T21:07:26.073783+00:00 [queued]>
[2024-08-02T21:07:42.845+0000] {taskinstance.py:2076} INFO - Dependencies all met for dep_context=requeueable deps ti=<TaskInstance: reddit_dag.processing2 manual__2024-08-02T21:07:26.073783+00:00 [queued]>
[2024-08-02T21:07:42.846+0000] {taskinstance.py:2306} INFO - Starting attempt 1 of 1
[2024-08-02T21:07:42.874+0000] {taskinstance.py:2330} INFO - Executing <Task(PythonOperator): processing2> on 2024-08-02 21:07:26.073783+00:00
[2024-08-02T21:07:42.878+0000] {standard_task_runner.py:64} INFO - Started process 1864 to run task
[2024-08-02T21:07:42.879+0000] {standard_task_runner.py:90} INFO - Running: ['airflow', 'tasks', 'run', 'reddit_dag', 'processing2', 'manual__2024-08-02T21:07:26.073783+00:00', '--job-id', '258', '--raw', '--subdir', 'DAGS_FOLDER/project_dag.py', '--cfg-path', '/tmp/tmpv9sk6_ck']
[2024-08-02T21:07:42.880+0000] {standard_task_runner.py:91} INFO - Job 258: Subtask processing2
[2024-08-02T21:07:42.941+0000] {task_command.py:426} INFO - Running <TaskInstance: reddit_dag.processing2 manual__2024-08-02T21:07:26.073783+00:00 [running]> on host 7df8ffa41b22
[2024-08-02T21:07:43.049+0000] {taskinstance.py:2648} INFO - Exporting env vars: AIRFLOW_CTX_DAG_OWNER='airflow' AIRFLOW_CTX_DAG_ID='reddit_dag' AIRFLOW_CTX_TASK_ID='processing2' AIRFLOW_CTX_EXECUTION_DATE='2024-08-02T21:07:26.073783+00:00' AIRFLOW_CTX_TRY_NUMBER='1' AIRFLOW_CTX_DAG_RUN_ID='manual__2024-08-02T21:07:26.073783+00:00'
[2024-08-02T21:07:43.049+0000] {taskinstance.py:430} INFO - ::endgroup::
[2024-08-02T21:07:43.080+0000] {logging_mixin.py:188} INFO - Japan's Olympics delegation has said it will consider contacting the police or taking legal action against defamatory content posted online against athletesKeir Starmer warns social media firms after Southport misinformation fuels riotsSudan's famine-stricken Zamzam camp hit by devastating floodsA Fraught Election Just Reshaped the Next Steps for Deep Sea MiningWe'll see our home again, exchanged Russian prisoners sayJapan's Olympics delegation has said it will consider contacting the police or taking legal action against defamatory content posted online against athletesKeir Starmer warns social media firms after Southport misinformation fuels riotsSudan's famine-stricken Zamzam camp hit by devastating floodsA Fraught Election Just Reshaped the Next Steps for Deep Sea MiningWe'll see our home again, exchanged Russian prisoners say
[2024-08-02T21:07:43.082+0000] {logging_mixin.py:188} INFO - against: 4
[2024-08-02T21:07:43.083+0000] {logging_mixin.py:188} INFO - olympics: 2
[2024-08-02T21:07:43.083+0000] {logging_mixin.py:188} INFO - delegation: 2
[2024-08-02T21:07:43.083+0000] {logging_mixin.py:188} INFO - said: 2
[2024-08-02T21:07:43.084+0000] {logging_mixin.py:188} INFO - will: 2
[2024-08-02T21:07:43.084+0000] {logging_mixin.py:188} INFO - consider: 2
[2024-08-02T21:07:43.084+0000] {logging_mixin.py:188} INFO - contacting: 2
[2024-08-02T21:07:43.084+0000] {logging_mixin.py:188} INFO - police: 2
[2024-08-02T21:07:43.085+0000] {logging_mixin.py:188} INFO - or: 2
[2024-08-02T21:07:43.085+0000] {logging_mixin.py:188} INFO - taking: 2
[2024-08-02T21:07:43.085+0000] {logging_mixin.py:188} INFO - legal: 2
[2024-08-02T21:07:43.086+0000] {logging_mixin.py:188} INFO - action: 2
[2024-08-02T21:07:43.086+0000] {logging_mixin.py:188} INFO - defamatory: 2
[2024-08-02T21:07:43.086+0000] {logging_mixin.py:188} INFO - content: 2
[2024-08-02T21:07:43.087+0000] {logging_mixin.py:188} INFO - posted: 2
[2024-08-02T21:07:43.087+0000] {logging_mixin.py:188} INFO - online: 2
[2024-08-02T21:07:43.087+0000] {logging_mixin.py:188} INFO - athleteskeir: 2
[2024-08-02T21:07:43.087+0000] {logging_mixin.py:188} INFO - starmer: 2
[2024-08-02T21:07:43.088+0000] {logging_mixin.py:188} INFO - warns: 2
[2024-08-02T21:07:43.088+0000] {logging_mixin.py:188} INFO - social: 2
[2024-08-02T21:07:43.088+0000] {logging_mixin.py:188} INFO - firms: 2
[2024-08-02T21:07:43.089+0000] {logging_mixin.py:188} INFO - southport: 2
[2024-08-02T21:07:43.089+0000] {logging_mixin.py:188} INFO - misinformation: 2
[2024-08-02T21:07:43.089+0000] {logging_mixin.py:188} INFO - fuels: 2
[2024-08-02T21:07:43.090+0000] {logging_mixin.py:188} INFO - riotssudan's: 2
[2024-08-02T21:07:43.090+0000] {logging_mixin.py:188} INFO - famine-stricken: 2
[2024-08-02T21:07:43.090+0000] {logging_mixin.py:188} INFO - zamzam: 2
[2024-08-02T21:07:43.090+0000] {logging_mixin.py:188} INFO - camp: 2
[2024-08-02T21:07:43.091+0000] {logging_mixin.py:188} INFO - hit: 2
[2024-08-02T21:07:43.091+0000] {logging_mixin.py:188} INFO - devastating: 2
[2024-08-02T21:07:43.091+0000] {logging_mixin.py:188} INFO - floodsa: 2
[2024-08-02T21:07:43.092+0000] {logging_mixin.py:188} INFO - fraught: 2
[2024-08-02T21:07:43.092+0000] {logging_mixin.py:188} INFO - election: 2
[2024-08-02T21:07:43.092+0000] {logging_mixin.py:188} INFO - just: 2
[2024-08-02T21:07:43.092+0000] {logging_mixin.py:188} INFO - reshaped: 2
[2024-08-02T21:07:43.093+0000] {logging_mixin.py:188} INFO - next: 2
[2024-08-02T21:07:43.093+0000] {logging_mixin.py:188} INFO - steps: 2
[2024-08-02T21:07:43.093+0000] {logging_mixin.py:188} INFO - deep: 2
[2024-08-02T21:07:43.094+0000] {logging_mixin.py:188} INFO - sea: 2
[2024-08-02T21:07:43.094+0000] {logging_mixin.py:188} INFO - miningwe'll: 2
[2024-08-02T21:07:43.094+0000] {logging_mixin.py:188} INFO - see: 2
[2024-08-02T21:07:43.094+0000] {logging_mixin.py:188} INFO - our: 2
[2024-08-02T21:07:43.095+0000] {logging_mixin.py:188} INFO - home: 2
[2024-08-02T21:07:43.095+0000] {logging_mixin.py:188} INFO - again,: 2
[2024-08-02T21:07:43.095+0000] {logging_mixin.py:188} INFO - exchanged: 2
[2024-08-02T21:07:43.095+0000] {logging_mixin.py:188} INFO - russian: 2
[2024-08-02T21:07:43.096+0000] {logging_mixin.py:188} INFO - prisoners: 2
[2024-08-02T21:07:43.096+0000] {logging_mixin.py:188} INFO - japan's: 1
[2024-08-02T21:07:43.096+0000] {logging_mixin.py:188} INFO - sayjapan's: 1
[2024-08-02T21:07:43.097+0000] {logging_mixin.py:188} INFO - say: 1
[2024-08-02T21:07:43.098+0000] {python.py:237} INFO - Done. Returned value was: None
[2024-08-02T21:07:43.098+0000] {taskinstance.py:441} INFO - ::group::Post task execution logs
[2024-08-02T21:07:43.109+0000] {taskinstance.py:1206} INFO - Marking task as SUCCESS. dag_id=reddit_dag, task_id=processing2, run_id=manual__2024-08-02T21:07:26.073783+00:00, execution_date=20240802T210726, start_date=20240802T210742, end_date=20240802T210743
[2024-08-02T21:07:43.173+0000] {local_task_job_runner.py:243} INFO - Task exited with return code 0
[2024-08-02T21:07:43.208+0000] {taskinstance.py:3503} INFO - 1 downstream tasks scheduled from follow-on schedule check
[2024-08-02T21:07:43.216+0000] {local_task_job_runner.py:222} INFO - ::endgroup::
