[2024-08-01T22:45:53.154+0000] {local_task_job_runner.py:120} INFO - ::group::Pre task execution logs
[2024-08-01T22:45:53.188+0000] {taskinstance.py:2076} INFO - Dependencies all met for dep_context=non-requeueable deps ti=<TaskInstance: reddit_dag.processing2 manual__2024-08-01T22:45:36.217139+00:00 [queued]>
[2024-08-01T22:45:53.202+0000] {taskinstance.py:2076} INFO - Dependencies all met for dep_context=requeueable deps ti=<TaskInstance: reddit_dag.processing2 manual__2024-08-01T22:45:36.217139+00:00 [queued]>
[2024-08-01T22:45:53.203+0000] {taskinstance.py:2306} INFO - Starting attempt 1 of 1
[2024-08-01T22:45:53.236+0000] {taskinstance.py:2330} INFO - Executing <Task(PythonOperator): processing2> on 2024-08-01 22:45:36.217139+00:00
[2024-08-01T22:45:53.241+0000] {standard_task_runner.py:64} INFO - Started process 2615 to run task
[2024-08-01T22:45:53.243+0000] {standard_task_runner.py:90} INFO - Running: ['airflow', 'tasks', 'run', 'reddit_dag', 'processing2', 'manual__2024-08-01T22:45:36.217139+00:00', '--job-id', '85', '--raw', '--subdir', 'DAGS_FOLDER/project_dag.py', '--cfg-path', '/tmp/tmp9g0do303']
[2024-08-01T22:45:53.245+0000] {standard_task_runner.py:91} INFO - Job 85: Subtask processing2
[2024-08-01T22:45:53.307+0000] {task_command.py:426} INFO - Running <TaskInstance: reddit_dag.processing2 manual__2024-08-01T22:45:36.217139+00:00 [running]> on host a520ee17329b
[2024-08-01T22:45:53.410+0000] {taskinstance.py:2648} INFO - Exporting env vars: AIRFLOW_CTX_DAG_OWNER='airflow' AIRFLOW_CTX_DAG_ID='reddit_dag' AIRFLOW_CTX_TASK_ID='processing2' AIRFLOW_CTX_EXECUTION_DATE='2024-08-01T22:45:36.217139+00:00' AIRFLOW_CTX_TRY_NUMBER='1' AIRFLOW_CTX_DAG_RUN_ID='manual__2024-08-01T22:45:36.217139+00:00'
[2024-08-01T22:45:53.411+0000] {taskinstance.py:430} INFO - ::endgroup::
[2024-08-01T22:45:53.439+0000] {taskinstance.py:441} INFO - ::group::Post task execution logs
[2024-08-01T22:45:53.439+0000] {taskinstance.py:2905} ERROR - Task failed with exception
Traceback (most recent call last):
  File "/home/airflow/.local/lib/python3.12/site-packages/airflow/models/taskinstance.py", line 465, in _execute_task
    result = _execute_callable(context=context, **execute_callable_kwargs)
             ^^^^^^^^^^^^^^^^^^^^^^^^^^^^^^^^^^^^^^^^^^^^^^^^^^^^^^^^^^^^^
  File "/home/airflow/.local/lib/python3.12/site-packages/airflow/models/taskinstance.py", line 432, in _execute_callable
    return execute_callable(context=context, **execute_callable_kwargs)
           ^^^^^^^^^^^^^^^^^^^^^^^^^^^^^^^^^^^^^^^^^^^^^^^^^^^^^^^^^^^^
  File "/home/airflow/.local/lib/python3.12/site-packages/airflow/models/baseoperator.py", line 401, in wrapper
    return func(self, *args, **kwargs)
           ^^^^^^^^^^^^^^^^^^^^^^^^^^^
  File "/home/airflow/.local/lib/python3.12/site-packages/airflow/operators/python.py", line 235, in execute
    return_value = self.execute_callable()
                   ^^^^^^^^^^^^^^^^^^^^^^^
  File "/home/airflow/.local/lib/python3.12/site-packages/airflow/operators/python.py", line 252, in execute_callable
    return self.python_callable(*self.op_args, **self.op_kwargs)
           ^^^^^^^^^^^^^^^^^^^^^^^^^^^^^^^^^^^^^^^^^^^^^^^^^^^^^
  File "/opt/airflow/dags/project_dag.py", line 77, in processing2
    all_text += post['title'] + post['text']
    ^^^^^^^^
UnboundLocalError: cannot access local variable 'all_text' where it is not associated with a value
[2024-08-01T22:45:53.451+0000] {taskinstance.py:1206} INFO - Marking task as FAILED. dag_id=reddit_dag, task_id=processing2, run_id=manual__2024-08-01T22:45:36.217139+00:00, execution_date=20240801T224536, start_date=20240801T224553, end_date=20240801T224553
[2024-08-01T22:45:53.477+0000] {standard_task_runner.py:110} ERROR - Failed to execute job 85 for task processing2 (cannot access local variable 'all_text' where it is not associated with a value; 2615)
[2024-08-01T22:45:53.497+0000] {local_task_job_runner.py:243} INFO - Task exited with return code 1
[2024-08-01T22:45:53.513+0000] {taskinstance.py:3503} INFO - 0 downstream tasks scheduled from follow-on schedule check
[2024-08-01T22:45:53.514+0000] {local_task_job_runner.py:222} INFO - ::endgroup::
