[2024-08-01T23:06:27.134+0000] {local_task_job_runner.py:120} INFO - ::group::Pre task execution logs
[2024-08-01T23:06:27.163+0000] {taskinstance.py:2076} INFO - Dependencies all met for dep_context=non-requeueable deps ti=<TaskInstance: reddit_dag.processing2 manual__2024-08-01T23:06:10.957954+00:00 [queued]>
[2024-08-01T23:06:27.175+0000] {taskinstance.py:2076} INFO - Dependencies all met for dep_context=requeueable deps ti=<TaskInstance: reddit_dag.processing2 manual__2024-08-01T23:06:10.957954+00:00 [queued]>
[2024-08-01T23:06:27.176+0000] {taskinstance.py:2306} INFO - Starting attempt 1 of 1
[2024-08-01T23:06:27.202+0000] {taskinstance.py:2330} INFO - Executing <Task(PythonOperator): processing2> on 2024-08-01 23:06:10.957954+00:00
[2024-08-01T23:06:27.206+0000] {standard_task_runner.py:64} INFO - Started process 3527 to run task
[2024-08-01T23:06:27.207+0000] {standard_task_runner.py:90} INFO - Running: ['airflow', 'tasks', 'run', 'reddit_dag', 'processing2', 'manual__2024-08-01T23:06:10.957954+00:00', '--job-id', '125', '--raw', '--subdir', 'DAGS_FOLDER/project_dag.py', '--cfg-path', '/tmp/tmpg_wwz2od']
[2024-08-01T23:06:27.208+0000] {standard_task_runner.py:91} INFO - Job 125: Subtask processing2
[2024-08-01T23:06:27.265+0000] {task_command.py:426} INFO - Running <TaskInstance: reddit_dag.processing2 manual__2024-08-01T23:06:10.957954+00:00 [running]> on host a520ee17329b
[2024-08-01T23:06:27.368+0000] {taskinstance.py:2648} INFO - Exporting env vars: AIRFLOW_CTX_DAG_OWNER='airflow' AIRFLOW_CTX_DAG_ID='reddit_dag' AIRFLOW_CTX_TASK_ID='processing2' AIRFLOW_CTX_EXECUTION_DATE='2024-08-01T23:06:10.957954+00:00' AIRFLOW_CTX_TRY_NUMBER='1' AIRFLOW_CTX_DAG_RUN_ID='manual__2024-08-01T23:06:10.957954+00:00'
[2024-08-01T23:06:27.369+0000] {taskinstance.py:430} INFO - ::endgroup::
[2024-08-01T23:06:27.396+0000] {logging_mixin.py:188} INFO - Anger mounts over environmental cost of Google datacentre in UruguayPaul Whelan released from Russia in prisoner swap that includes reporter Evan GershkovichUS and Israel discuss "new defensive military deployments" Release of Russian hackers believed to be first U.S. prisoner swap of international cybercriminalsThe U.S. moves to recognize election victory of Venezuelan opposition over MaduroAnger mounts over environmental cost of Google datacentre in UruguayPaul Whelan released from Russia in prisoner swap that includes reporter Evan GershkovichUS and Israel discuss "new defensive military deployments" Release of Russian hackers believed to be first U.S. prisoner swap of international cybercriminalsThe U.S. moves to recognize election victory of Venezuelan opposition over Maduro
[2024-08-01T23:06:27.396+0000] {logging_mixin.py:188} INFO - Top 10 most common words:
[2024-08-01T23:06:27.397+0000] {logging_mixin.py:188} INFO - of: 8
[2024-08-01T23:06:27.397+0000] {logging_mixin.py:188} INFO - over: 4
[2024-08-01T23:06:27.397+0000] {logging_mixin.py:188} INFO - in: 4
[2024-08-01T23:06:27.397+0000] {logging_mixin.py:188} INFO - prisoner: 4
[2024-08-01T23:06:27.398+0000] {logging_mixin.py:188} INFO - swap: 4
[2024-08-01T23:06:27.398+0000] {logging_mixin.py:188} INFO - to: 4
[2024-08-01T23:06:27.398+0000] {logging_mixin.py:188} INFO - u.s.: 4
[2024-08-01T23:06:27.398+0000] {logging_mixin.py:188} INFO - mounts: 2
[2024-08-01T23:06:27.399+0000] {logging_mixin.py:188} INFO - environmental: 2
[2024-08-01T23:06:27.399+0000] {logging_mixin.py:188} INFO - cost: 2
[2024-08-01T23:06:27.400+0000] {python.py:237} INFO - Done. Returned value was: None
[2024-08-01T23:06:27.400+0000] {taskinstance.py:441} INFO - ::group::Post task execution logs
[2024-08-01T23:06:27.411+0000] {taskinstance.py:1206} INFO - Marking task as SUCCESS. dag_id=reddit_dag, task_id=processing2, run_id=manual__2024-08-01T23:06:10.957954+00:00, execution_date=20240801T230610, start_date=20240801T230627, end_date=20240801T230627
[2024-08-01T23:06:27.461+0000] {local_task_job_runner.py:243} INFO - Task exited with return code 0
[2024-08-01T23:06:27.477+0000] {taskinstance.py:3503} INFO - 0 downstream tasks scheduled from follow-on schedule check
[2024-08-01T23:06:27.478+0000] {local_task_job_runner.py:222} INFO - ::endgroup::
