[2024-08-01T23:00:31.903+0000] {local_task_job_runner.py:120} INFO - ::group::Pre task execution logs
[2024-08-01T23:00:31.932+0000] {taskinstance.py:2076} INFO - Dependencies all met for dep_context=non-requeueable deps ti=<TaskInstance: reddit_dag.processing manual__2024-08-01T23:00:18.231987+00:00 [queued]>
[2024-08-01T23:00:31.943+0000] {taskinstance.py:2076} INFO - Dependencies all met for dep_context=requeueable deps ti=<TaskInstance: reddit_dag.processing manual__2024-08-01T23:00:18.231987+00:00 [queued]>
[2024-08-01T23:00:31.944+0000] {taskinstance.py:2306} INFO - Starting attempt 1 of 1
[2024-08-01T23:00:31.972+0000] {taskinstance.py:2330} INFO - Executing <Task(PythonOperator): processing> on 2024-08-01 23:00:18.231987+00:00
[2024-08-01T23:00:31.977+0000] {standard_task_runner.py:64} INFO - Started process 3247 to run task
[2024-08-01T23:00:31.978+0000] {standard_task_runner.py:90} INFO - Running: ['airflow', 'tasks', 'run', 'reddit_dag', 'processing', 'manual__2024-08-01T23:00:18.231987+00:00', '--job-id', '112', '--raw', '--subdir', 'DAGS_FOLDER/project_dag.py', '--cfg-path', '/tmp/tmplm8s0r0w']
[2024-08-01T23:00:31.979+0000] {standard_task_runner.py:91} INFO - Job 112: Subtask processing
[2024-08-01T23:00:32.038+0000] {task_command.py:426} INFO - Running <TaskInstance: reddit_dag.processing manual__2024-08-01T23:00:18.231987+00:00 [running]> on host a520ee17329b
[2024-08-01T23:00:32.143+0000] {taskinstance.py:2648} INFO - Exporting env vars: AIRFLOW_CTX_DAG_OWNER='airflow' AIRFLOW_CTX_DAG_ID='reddit_dag' AIRFLOW_CTX_TASK_ID='processing' AIRFLOW_CTX_EXECUTION_DATE='2024-08-01T23:00:18.231987+00:00' AIRFLOW_CTX_TRY_NUMBER='1' AIRFLOW_CTX_DAG_RUN_ID='manual__2024-08-01T23:00:18.231987+00:00'
[2024-08-01T23:00:32.143+0000] {taskinstance.py:430} INFO - ::endgroup::
[2024-08-01T23:00:32.170+0000] {logging_mixin.py:188} INFO - {'_id': ObjectId('66ac138cf2271e5bb58bb6ef'), 'title': 'The U.S. moves to recognize election victory of Venezuelan opposition over Maduro', 'text': '', 'upvotes': 181}
[2024-08-01T23:00:32.172+0000] {logging_mixin.py:188} INFO - Post saved: The U.S. moves to recognize election victory of Venezuelan opposition over Maduro
[2024-08-01T23:00:32.172+0000] {logging_mixin.py:188} INFO - done
[2024-08-01T23:00:32.173+0000] {python.py:237} INFO - Done. Returned value was: None
[2024-08-01T23:00:32.173+0000] {taskinstance.py:441} INFO - ::group::Post task execution logs
[2024-08-01T23:00:32.183+0000] {taskinstance.py:1206} INFO - Marking task as SUCCESS. dag_id=reddit_dag, task_id=processing, run_id=manual__2024-08-01T23:00:18.231987+00:00, execution_date=20240801T230018, start_date=20240801T230031, end_date=20240801T230032
[2024-08-01T23:00:32.232+0000] {local_task_job_runner.py:243} INFO - Task exited with return code 0
[2024-08-01T23:00:32.260+0000] {taskinstance.py:3503} INFO - 1 downstream tasks scheduled from follow-on schedule check
[2024-08-01T23:00:32.267+0000] {local_task_job_runner.py:222} INFO - ::endgroup::
