[2024-08-01T22:39:26.639+0000] {local_task_job_runner.py:120} INFO - ::group::Pre task execution logs
[2024-08-01T22:39:26.668+0000] {taskinstance.py:2076} INFO - Dependencies all met for dep_context=non-requeueable deps ti=<TaskInstance: reddit_dag.processing manual__2024-08-01T22:39:12.733565+00:00 [queued]>
[2024-08-01T22:39:26.680+0000] {taskinstance.py:2076} INFO - Dependencies all met for dep_context=requeueable deps ti=<TaskInstance: reddit_dag.processing manual__2024-08-01T22:39:12.733565+00:00 [queued]>
[2024-08-01T22:39:26.680+0000] {taskinstance.py:2306} INFO - Starting attempt 1 of 1
[2024-08-01T22:39:26.707+0000] {taskinstance.py:2330} INFO - Executing <Task(PythonOperator): processing> on 2024-08-01 22:39:12.733565+00:00
[2024-08-01T22:39:26.712+0000] {standard_task_runner.py:64} INFO - Started process 2428 to run task
[2024-08-01T22:39:26.714+0000] {standard_task_runner.py:90} INFO - Running: ['airflow', 'tasks', 'run', 'reddit_dag', 'processing', 'manual__2024-08-01T22:39:12.733565+00:00', '--job-id', '78', '--raw', '--subdir', 'DAGS_FOLDER/project_dag.py', '--cfg-path', '/tmp/tmpl8v85vn7']
[2024-08-01T22:39:26.715+0000] {standard_task_runner.py:91} INFO - Job 78: Subtask processing
[2024-08-01T22:39:26.782+0000] {task_command.py:426} INFO - Running <TaskInstance: reddit_dag.processing manual__2024-08-01T22:39:12.733565+00:00 [running]> on host a520ee17329b
[2024-08-01T22:39:26.899+0000] {taskinstance.py:2648} INFO - Exporting env vars: AIRFLOW_CTX_DAG_OWNER='airflow' AIRFLOW_CTX_DAG_ID='reddit_dag' AIRFLOW_CTX_TASK_ID='processing' AIRFLOW_CTX_EXECUTION_DATE='2024-08-01T22:39:12.733565+00:00' AIRFLOW_CTX_TRY_NUMBER='1' AIRFLOW_CTX_DAG_RUN_ID='manual__2024-08-01T22:39:12.733565+00:00'
[2024-08-01T22:39:26.900+0000] {taskinstance.py:430} INFO - ::endgroup::
[2024-08-01T22:39:26.927+0000] {logging_mixin.py:188} INFO - {'_id': ObjectId('66ac0cc68074a179cb25a1a4'), 'title': "Head of Russia's military supplier company detained as corruption cases mount", 'text': '', 'upvotes': 79}
[2024-08-01T22:39:26.929+0000] {logging_mixin.py:188} INFO - Post saved: Head of Russia's military supplier company detained as corruption cases mount
[2024-08-01T22:39:26.930+0000] {logging_mixin.py:188} INFO - done
[2024-08-01T22:39:26.930+0000] {python.py:237} INFO - Done. Returned value was: None
[2024-08-01T22:39:26.931+0000] {taskinstance.py:441} INFO - ::group::Post task execution logs
[2024-08-01T22:39:26.942+0000] {taskinstance.py:1206} INFO - Marking task as SUCCESS. dag_id=reddit_dag, task_id=processing, run_id=manual__2024-08-01T22:39:12.733565+00:00, execution_date=20240801T223912, start_date=20240801T223926, end_date=20240801T223926
[2024-08-01T22:39:27.007+0000] {local_task_job_runner.py:243} INFO - Task exited with return code 0
[2024-08-01T22:39:27.024+0000] {taskinstance.py:3503} INFO - 0 downstream tasks scheduled from follow-on schedule check
[2024-08-01T22:39:27.025+0000] {local_task_job_runner.py:222} INFO - ::endgroup::
