[2024-08-01T21:56:20.214+0000] {local_task_job_runner.py:120} INFO - ::group::Pre task execution logs
[2024-08-01T21:56:20.243+0000] {taskinstance.py:2076} INFO - Dependencies all met for dep_context=non-requeueable deps ti=<TaskInstance: reddit_dag.print_subreddit_posts manual__2024-08-01T21:56:12.036065+00:00 [queued]>
[2024-08-01T21:56:20.253+0000] {taskinstance.py:2076} INFO - Dependencies all met for dep_context=requeueable deps ti=<TaskInstance: reddit_dag.print_subreddit_posts manual__2024-08-01T21:56:12.036065+00:00 [queued]>
[2024-08-01T21:56:20.254+0000] {taskinstance.py:2306} INFO - Starting attempt 1 of 1
[2024-08-01T21:56:20.282+0000] {taskinstance.py:2330} INFO - Executing <Task(PythonOperator): print_subreddit_posts> on 2024-08-01 21:56:12.036065+00:00
[2024-08-01T21:56:20.286+0000] {standard_task_runner.py:64} INFO - Started process 1116 to run task
[2024-08-01T21:56:20.288+0000] {standard_task_runner.py:90} INFO - Running: ['airflow', 'tasks', 'run', 'reddit_dag', 'print_subreddit_posts', 'manual__2024-08-01T21:56:12.036065+00:00', '--job-id', '27', '--raw', '--subdir', 'DAGS_FOLDER/project_dag.py', '--cfg-path', '/tmp/tmpccqps2bv']
[2024-08-01T21:56:20.289+0000] {standard_task_runner.py:91} INFO - Job 27: Subtask print_subreddit_posts
[2024-08-01T21:56:20.346+0000] {task_command.py:426} INFO - Running <TaskInstance: reddit_dag.print_subreddit_posts manual__2024-08-01T21:56:12.036065+00:00 [running]> on host a520ee17329b
[2024-08-01T21:56:20.446+0000] {taskinstance.py:2648} INFO - Exporting env vars: AIRFLOW_CTX_DAG_OWNER='airflow' AIRFLOW_CTX_DAG_ID='reddit_dag' AIRFLOW_CTX_TASK_ID='print_subreddit_posts' AIRFLOW_CTX_EXECUTION_DATE='2024-08-01T21:56:12.036065+00:00' AIRFLOW_CTX_TRY_NUMBER='1' AIRFLOW_CTX_DAG_RUN_ID='manual__2024-08-01T21:56:12.036065+00:00'
[2024-08-01T21:56:20.447+0000] {taskinstance.py:430} INFO - ::endgroup::
[2024-08-01T21:56:21.952+0000] {logging_mixin.py:188} INFO - Post saved: Unscientific work by NHAI led to Shirur landslide: Geological Survey of India report
[2024-08-01T21:56:21.954+0000] {logging_mixin.py:188} INFO - Post saved: Auron Mein Kahan Dum Tha, Ulajh sell less than 1000 tickets each ahead of release, ‘disastrous’ opening to send shock waves across industry: report
[2024-08-01T21:56:21.956+0000] {logging_mixin.py:188} INFO - Post saved: Saw domestic violence on the streets. Need advice.
[2024-08-01T21:56:21.957+0000] {logging_mixin.py:188} INFO - Post saved: 3-year-old raped, left unconscious in field in MP’s Dindori
[2024-08-01T21:56:21.958+0000] {logging_mixin.py:188} INFO - Post saved: The Fisherman's True Wealth. Full Story Below. AI Generated.
[2024-08-01T21:56:21.959+0000] {python.py:237} INFO - Done. Returned value was: None
[2024-08-01T21:56:21.959+0000] {taskinstance.py:441} INFO - ::group::Post task execution logs
[2024-08-01T21:56:21.969+0000] {taskinstance.py:1206} INFO - Marking task as SUCCESS. dag_id=reddit_dag, task_id=print_subreddit_posts, run_id=manual__2024-08-01T21:56:12.036065+00:00, execution_date=20240801T215612, start_date=20240801T215620, end_date=20240801T215621
[2024-08-01T21:56:22.026+0000] {local_task_job_runner.py:243} INFO - Task exited with return code 0
[2024-08-01T21:56:22.045+0000] {taskinstance.py:3503} INFO - 0 downstream tasks scheduled from follow-on schedule check
[2024-08-01T21:56:22.046+0000] {local_task_job_runner.py:222} INFO - ::endgroup::
