[2024-08-01T22:45:44.081+0000] {local_task_job_runner.py:120} INFO - ::group::Pre task execution logs
[2024-08-01T22:45:44.111+0000] {taskinstance.py:2076} INFO - Dependencies all met for dep_context=non-requeueable deps ti=<TaskInstance: reddit_dag.print_subreddit_posts manual__2024-08-01T22:45:36.217139+00:00 [queued]>
[2024-08-01T22:45:44.122+0000] {taskinstance.py:2076} INFO - Dependencies all met for dep_context=requeueable deps ti=<TaskInstance: reddit_dag.print_subreddit_posts manual__2024-08-01T22:45:36.217139+00:00 [queued]>
[2024-08-01T22:45:44.122+0000] {taskinstance.py:2306} INFO - Starting attempt 1 of 1
[2024-08-01T22:45:44.149+0000] {taskinstance.py:2330} INFO - Executing <Task(PythonOperator): print_subreddit_posts> on 2024-08-01 22:45:36.217139+00:00
[2024-08-01T22:45:44.154+0000] {standard_task_runner.py:64} INFO - Started process 2575 to run task
[2024-08-01T22:45:44.155+0000] {standard_task_runner.py:90} INFO - Running: ['airflow', 'tasks', 'run', 'reddit_dag', 'print_subreddit_posts', 'manual__2024-08-01T22:45:36.217139+00:00', '--job-id', '83', '--raw', '--subdir', 'DAGS_FOLDER/project_dag.py', '--cfg-path', '/tmp/tmpnwiws0w9']
[2024-08-01T22:45:44.156+0000] {standard_task_runner.py:91} INFO - Job 83: Subtask print_subreddit_posts
[2024-08-01T22:45:44.216+0000] {task_command.py:426} INFO - Running <TaskInstance: reddit_dag.print_subreddit_posts manual__2024-08-01T22:45:36.217139+00:00 [running]> on host a520ee17329b
[2024-08-01T22:45:44.323+0000] {taskinstance.py:2648} INFO - Exporting env vars: AIRFLOW_CTX_DAG_OWNER='airflow' AIRFLOW_CTX_DAG_ID='reddit_dag' AIRFLOW_CTX_TASK_ID='print_subreddit_posts' AIRFLOW_CTX_EXECUTION_DATE='2024-08-01T22:45:36.217139+00:00' AIRFLOW_CTX_TRY_NUMBER='1' AIRFLOW_CTX_DAG_RUN_ID='manual__2024-08-01T22:45:36.217139+00:00'
[2024-08-01T22:45:44.323+0000] {taskinstance.py:430} INFO - ::endgroup::
[2024-08-01T22:45:45.933+0000] {logging_mixin.py:188} INFO - Post saved: Paul Whelan released from Russia in prisoner swap that includes reporter Evan Gershkovich
[2024-08-01T22:45:45.935+0000] {logging_mixin.py:188} INFO - Post saved: US and Israel discuss "new defensive military deployments" 
[2024-08-01T22:45:45.937+0000] {logging_mixin.py:188} INFO - Post saved: Release of Russian hackers believed to be first U.S. prisoner swap of international cybercriminals
[2024-08-01T22:45:45.938+0000] {logging_mixin.py:188} INFO - Post saved: The U.S. moves to recognize election victory of Venezuelan opposition over Maduro
[2024-08-01T22:45:45.939+0000] {logging_mixin.py:188} INFO - Post saved: World Bank warns 108 countries risk being stuck in ‘middle-income trap’
[2024-08-01T22:45:45.940+0000] {python.py:237} INFO - Done. Returned value was: None
[2024-08-01T22:45:45.940+0000] {taskinstance.py:441} INFO - ::group::Post task execution logs
[2024-08-01T22:45:45.950+0000] {taskinstance.py:1206} INFO - Marking task as SUCCESS. dag_id=reddit_dag, task_id=print_subreddit_posts, run_id=manual__2024-08-01T22:45:36.217139+00:00, execution_date=20240801T224536, start_date=20240801T224544, end_date=20240801T224545
[2024-08-01T22:45:46.015+0000] {local_task_job_runner.py:243} INFO - Task exited with return code 0
[2024-08-01T22:45:46.045+0000] {taskinstance.py:3503} INFO - 1 downstream tasks scheduled from follow-on schedule check
[2024-08-01T22:45:46.052+0000] {local_task_job_runner.py:222} INFO - ::endgroup::
