[2024-08-01T22:05:13.670+0000] {local_task_job_runner.py:120} INFO - ::group::Pre task execution logs
[2024-08-01T22:05:13.697+0000] {taskinstance.py:2076} INFO - Dependencies all met for dep_context=non-requeueable deps ti=<TaskInstance: reddit_dag.print_subreddit_posts manual__2024-08-01T22:05:06.659814+00:00 [queued]>
[2024-08-01T22:05:13.708+0000] {taskinstance.py:2076} INFO - Dependencies all met for dep_context=requeueable deps ti=<TaskInstance: reddit_dag.print_subreddit_posts manual__2024-08-01T22:05:06.659814+00:00 [queued]>
[2024-08-01T22:05:13.708+0000] {taskinstance.py:2306} INFO - Starting attempt 1 of 1
[2024-08-01T22:05:13.736+0000] {taskinstance.py:2330} INFO - Executing <Task(PythonOperator): print_subreddit_posts> on 2024-08-01 22:05:06.659814+00:00
[2024-08-01T22:05:13.740+0000] {standard_task_runner.py:64} INFO - Started process 1408 to run task
[2024-08-01T22:05:13.741+0000] {standard_task_runner.py:90} INFO - Running: ['airflow', 'tasks', 'run', 'reddit_dag', 'print_subreddit_posts', 'manual__2024-08-01T22:05:06.659814+00:00', '--job-id', '38', '--raw', '--subdir', 'DAGS_FOLDER/project_dag.py', '--cfg-path', '/tmp/tmp4q6furn2']
[2024-08-01T22:05:13.742+0000] {standard_task_runner.py:91} INFO - Job 38: Subtask print_subreddit_posts
[2024-08-01T22:05:13.795+0000] {task_command.py:426} INFO - Running <TaskInstance: reddit_dag.print_subreddit_posts manual__2024-08-01T22:05:06.659814+00:00 [running]> on host a520ee17329b
[2024-08-01T22:05:13.891+0000] {taskinstance.py:2648} INFO - Exporting env vars: AIRFLOW_CTX_DAG_OWNER='airflow' AIRFLOW_CTX_DAG_ID='reddit_dag' AIRFLOW_CTX_TASK_ID='print_subreddit_posts' AIRFLOW_CTX_EXECUTION_DATE='2024-08-01T22:05:06.659814+00:00' AIRFLOW_CTX_TRY_NUMBER='1' AIRFLOW_CTX_DAG_RUN_ID='manual__2024-08-01T22:05:06.659814+00:00'
[2024-08-01T22:05:13.892+0000] {taskinstance.py:430} INFO - ::endgroup::
[2024-08-01T22:05:15.247+0000] {logging_mixin.py:188} INFO - Post saved: World Bank warns 108 countries risk being stuck in ‘middle-income trap’
[2024-08-01T22:05:15.249+0000] {logging_mixin.py:188} INFO - Post saved: Head of Russia's military supplier company detained as corruption cases mount
[2024-08-01T22:05:15.251+0000] {logging_mixin.py:188} INFO - Post saved: Defense Ministry to purchase Ukrainian-made unmanned ground vehicles
[2024-08-01T22:05:15.252+0000] {logging_mixin.py:188} INFO - Post saved: IDF says slain Al Jazeera reporter a Hamas commando, took part in October 7 massacre
[2024-08-01T22:05:15.254+0000] {logging_mixin.py:188} INFO - Post saved: Ukraine concluded 'one of the largest cyberattacks' against Russia, source says
[2024-08-01T22:05:15.255+0000] {python.py:237} INFO - Done. Returned value was: None
[2024-08-01T22:05:15.255+0000] {taskinstance.py:441} INFO - ::group::Post task execution logs
[2024-08-01T22:05:15.267+0000] {taskinstance.py:1206} INFO - Marking task as SUCCESS. dag_id=reddit_dag, task_id=print_subreddit_posts, run_id=manual__2024-08-01T22:05:06.659814+00:00, execution_date=20240801T220506, start_date=20240801T220513, end_date=20240801T220515
[2024-08-01T22:05:15.320+0000] {local_task_job_runner.py:243} INFO - Task exited with return code 0
[2024-08-01T22:05:15.347+0000] {taskinstance.py:3503} INFO - 1 downstream tasks scheduled from follow-on schedule check
[2024-08-01T22:05:15.355+0000] {local_task_job_runner.py:222} INFO - ::endgroup::
