[2024-08-02T21:21:28.977+0000] {local_task_job_runner.py:120} INFO - ::group::Pre task execution logs
[2024-08-02T21:21:29.008+0000] {taskinstance.py:2076} INFO - Dependencies all met for dep_context=non-requeueable deps ti=<TaskInstance: reddit_dag.processing2 manual__2024-08-02T21:21:12.316086+00:00 [queued]>
[2024-08-02T21:21:29.020+0000] {taskinstance.py:2076} INFO - Dependencies all met for dep_context=requeueable deps ti=<TaskInstance: reddit_dag.processing2 manual__2024-08-02T21:21:12.316086+00:00 [queued]>
[2024-08-02T21:21:29.021+0000] {taskinstance.py:2306} INFO - Starting attempt 1 of 1
[2024-08-02T21:21:29.050+0000] {taskinstance.py:2330} INFO - Executing <Task(PythonOperator): processing2> on 2024-08-02 21:21:12.316086+00:00
[2024-08-02T21:21:29.054+0000] {standard_task_runner.py:64} INFO - Started process 2656 to run task
[2024-08-02T21:21:29.056+0000] {standard_task_runner.py:90} INFO - Running: ['airflow', 'tasks', 'run', 'reddit_dag', 'processing2', 'manual__2024-08-02T21:21:12.316086+00:00', '--job-id', '292', '--raw', '--subdir', 'DAGS_FOLDER/project_dag.py', '--cfg-path', '/tmp/tmp496hhxi7']
[2024-08-02T21:21:29.057+0000] {standard_task_runner.py:91} INFO - Job 292: Subtask processing2
[2024-08-02T21:21:29.112+0000] {task_command.py:426} INFO - Running <TaskInstance: reddit_dag.processing2 manual__2024-08-02T21:21:12.316086+00:00 [running]> on host 7df8ffa41b22
[2024-08-02T21:21:29.220+0000] {taskinstance.py:2648} INFO - Exporting env vars: AIRFLOW_CTX_DAG_OWNER='airflow' AIRFLOW_CTX_DAG_ID='reddit_dag' AIRFLOW_CTX_TASK_ID='processing2' AIRFLOW_CTX_EXECUTION_DATE='2024-08-02T21:21:12.316086+00:00' AIRFLOW_CTX_TRY_NUMBER='1' AIRFLOW_CTX_DAG_RUN_ID='manual__2024-08-02T21:21:12.316086+00:00'
[2024-08-02T21:21:29.221+0000] {taskinstance.py:430} INFO - ::endgroup::
[2024-08-02T21:21:29.254+0000] {logging_mixin.py:188} INFO - Japan's Olympics delegation has said it will consider contacting the police or taking legal action against defamatory content posted online against athletesKeir Starmer warns social media firms after Southport misinformation fuels riotsSudan's famine-stricken Zamzam camp hit by devastating floodsA Fraught Election Just Reshaped the Next Steps for Deep Sea MiningWe'll see our home again, exchanged Russian prisoners sayJapan's Olympics delegation has said it will consider contacting the police or taking legal action against defamatory content posted online against athletesKeir Starmer warns social media firms after Southport misinformation fuels riotsSudan's famine-stricken Zamzam camp hit by devastating floodsA Fraught Election Just Reshaped the Next Steps for Deep Sea MiningWe'll see our home again, exchanged Russian prisoners sayDozens of children killed in Bangladesh protests - UnicefJapan's Olympics delegation has said it will consider contacting the police or taking legal action against defamatory content posted online against athletesKeir Starmer warns social media firms after Southport misinformation fuels riotsSudan's famine-stricken Zamzam camp hit by devastating floodsA Fraught Election Just Reshaped the Next Steps for Deep Sea MiningU.S. forces move toward Israel as Iran threatens to attackDozens of children killed in Bangladesh protests - UnicefJapan's Olympics delegation has said it will consider contacting the police or taking legal action against defamatory content posted online against athletesKeir Starmer warns social media firms after Southport misinformation fuels riotsSudan's famine-stricken Zamzam camp hit by devastating floodsU.S. forces move toward Israel as Iran threatens to attackDozens of children killed in Bangladesh protests - UnicefJapan's Olympics delegation has said it will consider contacting the police or taking legal action against defamatory content posted online against athletesKeir Starmer warns social media firms after Southport misinformation fuels riotsSudan's famine-stricken Zamzam camp hit by devastating floods
[2024-08-02T21:21:29.257+0000] {logging_mixin.py:188} INFO - against: 10
[2024-08-02T21:21:29.257+0000] {logging_mixin.py:188} INFO - olympics: 5
[2024-08-02T21:21:29.258+0000] {logging_mixin.py:188} INFO - delegation: 5
[2024-08-02T21:21:29.258+0000] {logging_mixin.py:188} INFO - will: 5
[2024-08-02T21:21:29.259+0000] {logging_mixin.py:188} INFO - consider: 5
[2024-08-02T21:21:29.259+0000] {logging_mixin.py:188} INFO - contacting: 5
[2024-08-02T21:21:29.259+0000] {logging_mixin.py:188} INFO - police: 5
[2024-08-02T21:21:29.260+0000] {logging_mixin.py:188} INFO - taking: 5
[2024-08-02T21:21:29.260+0000] {logging_mixin.py:188} INFO - legal: 5
[2024-08-02T21:21:29.260+0000] {logging_mixin.py:188} INFO - action: 5
[2024-08-02T21:21:29.261+0000] {logging_mixin.py:188} INFO - defamatory: 5
[2024-08-02T21:21:29.261+0000] {logging_mixin.py:188} INFO - content: 5
[2024-08-02T21:21:29.261+0000] {logging_mixin.py:188} INFO - posted: 5
[2024-08-02T21:21:29.262+0000] {logging_mixin.py:188} INFO - online: 5
[2024-08-02T21:21:29.262+0000] {logging_mixin.py:188} INFO - athleteskeir: 5
[2024-08-02T21:21:29.262+0000] {logging_mixin.py:188} INFO - starmer: 5
[2024-08-02T21:21:29.263+0000] {logging_mixin.py:188} INFO - warns: 5
[2024-08-02T21:21:29.263+0000] {logging_mixin.py:188} INFO - social: 5
[2024-08-02T21:21:29.263+0000] {logging_mixin.py:188} INFO - firms: 5
[2024-08-02T21:21:29.264+0000] {logging_mixin.py:188} INFO - southport: 5
[2024-08-02T21:21:29.264+0000] {logging_mixin.py:188} INFO - misinformation: 5
[2024-08-02T21:21:29.264+0000] {logging_mixin.py:188} INFO - fuels: 5
[2024-08-02T21:21:29.264+0000] {logging_mixin.py:188} INFO - riotssudan's: 5
[2024-08-02T21:21:29.265+0000] {logging_mixin.py:188} INFO - famine-stricken: 5
[2024-08-02T21:21:29.265+0000] {logging_mixin.py:188} INFO - zamzam: 5
[2024-08-02T21:21:29.265+0000] {logging_mixin.py:188} INFO - camp: 5
[2024-08-02T21:21:29.266+0000] {logging_mixin.py:188} INFO - hit: 5
[2024-08-02T21:21:29.266+0000] {logging_mixin.py:188} INFO - devastating: 5
[2024-08-02T21:21:29.266+0000] {logging_mixin.py:188} INFO - floodsa: 3
[2024-08-02T21:21:29.266+0000] {logging_mixin.py:188} INFO - fraught: 3
[2024-08-02T21:21:29.267+0000] {logging_mixin.py:188} INFO - election: 3
[2024-08-02T21:21:29.267+0000] {logging_mixin.py:188} INFO - just: 3
[2024-08-02T21:21:29.267+0000] {logging_mixin.py:188} INFO - reshaped: 3
[2024-08-02T21:21:29.268+0000] {logging_mixin.py:188} INFO - next: 3
[2024-08-02T21:21:29.268+0000] {logging_mixin.py:188} INFO - steps: 3
[2024-08-02T21:21:29.268+0000] {logging_mixin.py:188} INFO - deep: 3
[2024-08-02T21:21:29.269+0000] {logging_mixin.py:188} INFO - sea: 3
[2024-08-02T21:21:29.269+0000] {logging_mixin.py:188} INFO - children: 3
[2024-08-02T21:21:29.269+0000] {logging_mixin.py:188} INFO - killed: 3
[2024-08-02T21:21:29.270+0000] {logging_mixin.py:188} INFO - bangladesh: 3
[2024-08-02T21:21:29.270+0000] {logging_mixin.py:188} INFO - protests: 3
[2024-08-02T21:21:29.270+0000] {logging_mixin.py:188} INFO - -: 3
[2024-08-02T21:21:29.271+0000] {logging_mixin.py:188} INFO - unicefjapan's: 3
[2024-08-02T21:21:29.271+0000] {logging_mixin.py:188} INFO - miningwe'll: 2
[2024-08-02T21:21:29.271+0000] {logging_mixin.py:188} INFO - home: 2
[2024-08-02T21:21:29.271+0000] {logging_mixin.py:188} INFO - again,: 2
[2024-08-02T21:21:29.272+0000] {logging_mixin.py:188} INFO - exchanged: 2
[2024-08-02T21:21:29.272+0000] {logging_mixin.py:188} INFO - russian: 2
[2024-08-02T21:21:29.272+0000] {logging_mixin.py:188} INFO - prisoners: 2
[2024-08-02T21:21:29.273+0000] {logging_mixin.py:188} INFO - forces: 2
[2024-08-02T21:21:29.273+0000] {logging_mixin.py:188} INFO - move: 2
[2024-08-02T21:21:29.273+0000] {logging_mixin.py:188} INFO - toward: 2
[2024-08-02T21:21:29.273+0000] {logging_mixin.py:188} INFO - israel: 2
[2024-08-02T21:21:29.274+0000] {logging_mixin.py:188} INFO - iran: 2
[2024-08-02T21:21:29.274+0000] {logging_mixin.py:188} INFO - threatens: 2
[2024-08-02T21:21:29.274+0000] {logging_mixin.py:188} INFO - attackdozens: 2
[2024-08-02T21:21:29.275+0000] {logging_mixin.py:188} INFO - japan's: 1
[2024-08-02T21:21:29.275+0000] {logging_mixin.py:188} INFO - sayjapan's: 1
[2024-08-02T21:21:29.275+0000] {logging_mixin.py:188} INFO - saydozens: 1
[2024-08-02T21:21:29.275+0000] {logging_mixin.py:188} INFO - miningu.s.: 1
[2024-08-02T21:21:29.276+0000] {logging_mixin.py:188} INFO - floodsu.s.: 1
[2024-08-02T21:21:29.276+0000] {logging_mixin.py:188} INFO - floods: 1
[2024-08-02T21:21:29.277+0000] {python.py:237} INFO - Done. Returned value was: None
[2024-08-02T21:21:29.278+0000] {taskinstance.py:441} INFO - ::group::Post task execution logs
[2024-08-02T21:21:29.289+0000] {taskinstance.py:1206} INFO - Marking task as SUCCESS. dag_id=reddit_dag, task_id=processing2, run_id=manual__2024-08-02T21:21:12.316086+00:00, execution_date=20240802T212112, start_date=20240802T212129, end_date=20240802T212129
[2024-08-02T21:21:29.349+0000] {local_task_job_runner.py:243} INFO - Task exited with return code 0
[2024-08-02T21:21:29.381+0000] {taskinstance.py:3503} INFO - 1 downstream tasks scheduled from follow-on schedule check
[2024-08-02T21:21:29.390+0000] {local_task_job_runner.py:222} INFO - ::endgroup::
