[2024-08-01T22:45:49.449+0000] {local_task_job_runner.py:120} INFO - ::group::Pre task execution logs
[2024-08-01T22:45:49.478+0000] {taskinstance.py:2076} INFO - Dependencies all met for dep_context=non-requeueable deps ti=<TaskInstance: reddit_dag.processing manual__2024-08-01T22:45:36.217139+00:00 [queued]>
[2024-08-01T22:45:49.489+0000] {taskinstance.py:2076} INFO - Dependencies all met for dep_context=requeueable deps ti=<TaskInstance: reddit_dag.processing manual__2024-08-01T22:45:36.217139+00:00 [queued]>
[2024-08-01T22:45:49.490+0000] {taskinstance.py:2306} INFO - Starting attempt 1 of 1
[2024-08-01T22:45:49.516+0000] {taskinstance.py:2330} INFO - Executing <Task(PythonOperator): processing> on 2024-08-01 22:45:36.217139+00:00
[2024-08-01T22:45:49.520+0000] {standard_task_runner.py:64} INFO - Started process 2595 to run task
[2024-08-01T22:45:49.521+0000] {standard_task_runner.py:90} INFO - Running: ['airflow', 'tasks', 'run', 'reddit_dag', 'processing', 'manual__2024-08-01T22:45:36.217139+00:00', '--job-id', '84', '--raw', '--subdir', 'DAGS_FOLDER/project_dag.py', '--cfg-path', '/tmp/tmp3p_5rcfj']
[2024-08-01T22:45:49.523+0000] {standard_task_runner.py:91} INFO - Job 84: Subtask processing
[2024-08-01T22:45:49.579+0000] {task_command.py:426} INFO - Running <TaskInstance: reddit_dag.processing manual__2024-08-01T22:45:36.217139+00:00 [running]> on host a520ee17329b
[2024-08-01T22:45:49.679+0000] {taskinstance.py:2648} INFO - Exporting env vars: AIRFLOW_CTX_DAG_OWNER='airflow' AIRFLOW_CTX_DAG_ID='reddit_dag' AIRFLOW_CTX_TASK_ID='processing' AIRFLOW_CTX_EXECUTION_DATE='2024-08-01T22:45:36.217139+00:00' AIRFLOW_CTX_TRY_NUMBER='1' AIRFLOW_CTX_DAG_RUN_ID='manual__2024-08-01T22:45:36.217139+00:00'
[2024-08-01T22:45:49.680+0000] {taskinstance.py:430} INFO - ::endgroup::
[2024-08-01T22:45:49.707+0000] {logging_mixin.py:188} INFO - {'_id': ObjectId('66ac1019ef175d5e32feb6d4'), 'title': 'The U.S. moves to recognize election victory of Venezuelan opposition over Maduro', 'text': '', 'upvotes': 83}
[2024-08-01T22:45:49.709+0000] {logging_mixin.py:188} INFO - Post saved: The U.S. moves to recognize election victory of Venezuelan opposition over Maduro
[2024-08-01T22:45:49.709+0000] {logging_mixin.py:188} INFO - done
[2024-08-01T22:45:49.710+0000] {python.py:237} INFO - Done. Returned value was: None
[2024-08-01T22:45:49.710+0000] {taskinstance.py:441} INFO - ::group::Post task execution logs
[2024-08-01T22:45:49.720+0000] {taskinstance.py:1206} INFO - Marking task as SUCCESS. dag_id=reddit_dag, task_id=processing, run_id=manual__2024-08-01T22:45:36.217139+00:00, execution_date=20240801T224536, start_date=20240801T224549, end_date=20240801T224549
[2024-08-01T22:45:49.774+0000] {local_task_job_runner.py:243} INFO - Task exited with return code 0
[2024-08-01T22:45:49.799+0000] {taskinstance.py:3503} INFO - 1 downstream tasks scheduled from follow-on schedule check
[2024-08-01T22:45:49.806+0000] {local_task_job_runner.py:222} INFO - ::endgroup::
