[2024-08-01T22:44:54.320+0000] {local_task_job_runner.py:120} INFO - ::group::Pre task execution logs
[2024-08-01T22:44:54.351+0000] {taskinstance.py:2076} INFO - Dependencies all met for dep_context=non-requeueable deps ti=<TaskInstance: reddit_dag.processing manual__2024-08-01T22:44:40.844257+00:00 [queued]>
[2024-08-01T22:44:54.363+0000] {taskinstance.py:2076} INFO - Dependencies all met for dep_context=requeueable deps ti=<TaskInstance: reddit_dag.processing manual__2024-08-01T22:44:40.844257+00:00 [queued]>
[2024-08-01T22:44:54.363+0000] {taskinstance.py:2306} INFO - Starting attempt 1 of 1
[2024-08-01T22:44:54.390+0000] {taskinstance.py:2330} INFO - Executing <Task(PythonOperator): processing> on 2024-08-01 22:44:40.844257+00:00
[2024-08-01T22:44:54.395+0000] {standard_task_runner.py:64} INFO - Started process 2535 to run task
[2024-08-01T22:44:54.397+0000] {standard_task_runner.py:90} INFO - Running: ['airflow', 'tasks', 'run', 'reddit_dag', 'processing', 'manual__2024-08-01T22:44:40.844257+00:00', '--job-id', '81', '--raw', '--subdir', 'DAGS_FOLDER/project_dag.py', '--cfg-path', '/tmp/tmp2z39cjor']
[2024-08-01T22:44:54.398+0000] {standard_task_runner.py:91} INFO - Job 81: Subtask processing
[2024-08-01T22:44:54.456+0000] {task_command.py:426} INFO - Running <TaskInstance: reddit_dag.processing manual__2024-08-01T22:44:40.844257+00:00 [running]> on host a520ee17329b
[2024-08-01T22:44:54.559+0000] {taskinstance.py:2648} INFO - Exporting env vars: AIRFLOW_CTX_DAG_OWNER='airflow' AIRFLOW_CTX_DAG_ID='reddit_dag' AIRFLOW_CTX_TASK_ID='processing' AIRFLOW_CTX_EXECUTION_DATE='2024-08-01T22:44:40.844257+00:00' AIRFLOW_CTX_TRY_NUMBER='1' AIRFLOW_CTX_DAG_RUN_ID='manual__2024-08-01T22:44:40.844257+00:00'
[2024-08-01T22:44:54.560+0000] {taskinstance.py:430} INFO - ::endgroup::
[2024-08-01T22:44:54.588+0000] {logging_mixin.py:188} INFO - {'_id': ObjectId('66ac0fe2a3a73f7fa65f9f9b'), 'title': 'The U.S. moves to recognize election victory of Venezuelan opposition over Maduro', 'text': '', 'upvotes': 82}
[2024-08-01T22:44:54.590+0000] {logging_mixin.py:188} INFO - Post saved: The U.S. moves to recognize election victory of Venezuelan opposition over Maduro
[2024-08-01T22:44:54.590+0000] {logging_mixin.py:188} INFO - done
[2024-08-01T22:44:54.590+0000] {python.py:237} INFO - Done. Returned value was: None
[2024-08-01T22:44:54.591+0000] {taskinstance.py:441} INFO - ::group::Post task execution logs
[2024-08-01T22:44:54.601+0000] {taskinstance.py:1206} INFO - Marking task as SUCCESS. dag_id=reddit_dag, task_id=processing, run_id=manual__2024-08-01T22:44:40.844257+00:00, execution_date=20240801T224440, start_date=20240801T224454, end_date=20240801T224454
[2024-08-01T22:44:54.650+0000] {local_task_job_runner.py:243} INFO - Task exited with return code 0
[2024-08-01T22:44:54.669+0000] {taskinstance.py:3503} INFO - 0 downstream tasks scheduled from follow-on schedule check
[2024-08-01T22:44:54.671+0000] {local_task_job_runner.py:222} INFO - ::endgroup::
