[2024-08-01T22:51:08.799+0000] {local_task_job_runner.py:120} INFO - ::group::Pre task execution logs
[2024-08-01T22:51:08.829+0000] {taskinstance.py:2076} INFO - Dependencies all met for dep_context=non-requeueable deps ti=<TaskInstance: reddit_dag.processing2 manual__2024-08-01T22:50:52.302532+00:00 [queued]>
[2024-08-01T22:51:08.840+0000] {taskinstance.py:2076} INFO - Dependencies all met for dep_context=requeueable deps ti=<TaskInstance: reddit_dag.processing2 manual__2024-08-01T22:50:52.302532+00:00 [queued]>
[2024-08-01T22:51:08.840+0000] {taskinstance.py:2306} INFO - Starting attempt 1 of 1
[2024-08-01T22:51:08.866+0000] {taskinstance.py:2330} INFO - Executing <Task(PythonOperator): processing2> on 2024-08-01 22:50:52.302532+00:00
[2024-08-01T22:51:08.870+0000] {standard_task_runner.py:64} INFO - Started process 2959 to run task
[2024-08-01T22:51:08.872+0000] {standard_task_runner.py:90} INFO - Running: ['airflow', 'tasks', 'run', 'reddit_dag', 'processing2', 'manual__2024-08-01T22:50:52.302532+00:00', '--job-id', '101', '--raw', '--subdir', 'DAGS_FOLDER/project_dag.py', '--cfg-path', '/tmp/tmpfqekdu3i']
[2024-08-01T22:51:08.873+0000] {standard_task_runner.py:91} INFO - Job 101: Subtask processing2
[2024-08-01T22:51:08.934+0000] {task_command.py:426} INFO - Running <TaskInstance: reddit_dag.processing2 manual__2024-08-01T22:50:52.302532+00:00 [running]> on host a520ee17329b
[2024-08-01T22:51:09.039+0000] {taskinstance.py:2648} INFO - Exporting env vars: AIRFLOW_CTX_DAG_OWNER='airflow' AIRFLOW_CTX_DAG_ID='reddit_dag' AIRFLOW_CTX_TASK_ID='processing2' AIRFLOW_CTX_EXECUTION_DATE='2024-08-01T22:50:52.302532+00:00' AIRFLOW_CTX_TRY_NUMBER='1' AIRFLOW_CTX_DAG_RUN_ID='manual__2024-08-01T22:50:52.302532+00:00'
[2024-08-01T22:51:09.040+0000] {taskinstance.py:430} INFO - ::endgroup::
[2024-08-01T22:51:09.067+0000] {logging_mixin.py:188} INFO - Title: Paul Whelan released from Russia in prisoner swap that includes reporter Evan Gershkovich
[2024-08-01T22:51:09.067+0000] {logging_mixin.py:188} INFO - Text: 
[2024-08-01T22:51:09.068+0000] {logging_mixin.py:188} INFO - Upvotes: 1
[2024-08-01T22:51:09.068+0000] {logging_mixin.py:188} INFO - ------------------------------
[2024-08-01T22:51:09.068+0000] {logging_mixin.py:188} INFO - Title: US and Israel discuss "new defensive military deployments" 
[2024-08-01T22:51:09.069+0000] {logging_mixin.py:188} INFO - Text: 
[2024-08-01T22:51:09.069+0000] {logging_mixin.py:188} INFO - Upvotes: 17
[2024-08-01T22:51:09.069+0000] {logging_mixin.py:188} INFO - ------------------------------
[2024-08-01T22:51:09.069+0000] {logging_mixin.py:188} INFO - Title: Release of Russian hackers believed to be first U.S. prisoner swap of international cybercriminals
[2024-08-01T22:51:09.070+0000] {logging_mixin.py:188} INFO - Text: 
[2024-08-01T22:51:09.070+0000] {logging_mixin.py:188} INFO - Upvotes: 6
[2024-08-01T22:51:09.070+0000] {logging_mixin.py:188} INFO - ------------------------------
[2024-08-01T22:51:09.071+0000] {logging_mixin.py:188} INFO - Title: The U.S. moves to recognize election victory of Venezuelan opposition over Maduro
[2024-08-01T22:51:09.071+0000] {logging_mixin.py:188} INFO - Text: 
[2024-08-01T22:51:09.071+0000] {logging_mixin.py:188} INFO - Upvotes: 82
[2024-08-01T22:51:09.071+0000] {logging_mixin.py:188} INFO - ------------------------------
[2024-08-01T22:51:09.072+0000] {logging_mixin.py:188} INFO - Title: World Bank warns 108 countries risk being stuck in ‘middle-income trap’
[2024-08-01T22:51:09.072+0000] {logging_mixin.py:188} INFO - Text: 
[2024-08-01T22:51:09.072+0000] {logging_mixin.py:188} INFO - Upvotes: 45
[2024-08-01T22:51:09.072+0000] {logging_mixin.py:188} INFO - ------------------------------
[2024-08-01T22:51:09.073+0000] {logging_mixin.py:188} INFO - Title: Paul Whelan released from Russia in prisoner swap that includes reporter Evan Gershkovich
[2024-08-01T22:51:09.073+0000] {logging_mixin.py:188} INFO - Text: 
[2024-08-01T22:51:09.073+0000] {logging_mixin.py:188} INFO - Upvotes: 1
[2024-08-01T22:51:09.074+0000] {logging_mixin.py:188} INFO - ------------------------------
[2024-08-01T22:51:09.074+0000] {logging_mixin.py:188} INFO - Title: US and Israel discuss "new defensive military deployments" 
[2024-08-01T22:51:09.074+0000] {logging_mixin.py:188} INFO - Text: 
[2024-08-01T22:51:09.075+0000] {logging_mixin.py:188} INFO - Upvotes: 17
[2024-08-01T22:51:09.075+0000] {logging_mixin.py:188} INFO - ------------------------------
[2024-08-01T22:51:09.075+0000] {logging_mixin.py:188} INFO - Title: Release of Russian hackers believed to be first U.S. prisoner swap of international cybercriminals
[2024-08-01T22:51:09.075+0000] {logging_mixin.py:188} INFO - Text: 
[2024-08-01T22:51:09.076+0000] {logging_mixin.py:188} INFO - Upvotes: 6
[2024-08-01T22:51:09.076+0000] {logging_mixin.py:188} INFO - ------------------------------
[2024-08-01T22:51:09.076+0000] {logging_mixin.py:188} INFO - Title: The U.S. moves to recognize election victory of Venezuelan opposition over Maduro
[2024-08-01T22:51:09.077+0000] {logging_mixin.py:188} INFO - Text: 
[2024-08-01T22:51:09.077+0000] {logging_mixin.py:188} INFO - Upvotes: 83
[2024-08-01T22:51:09.077+0000] {logging_mixin.py:188} INFO - ------------------------------
[2024-08-01T22:51:09.077+0000] {logging_mixin.py:188} INFO - Title: World Bank warns 108 countries risk being stuck in ‘middle-income trap’
[2024-08-01T22:51:09.078+0000] {logging_mixin.py:188} INFO - Text: 
[2024-08-01T22:51:09.078+0000] {logging_mixin.py:188} INFO - Upvotes: 44
[2024-08-01T22:51:09.078+0000] {logging_mixin.py:188} INFO - ------------------------------
[2024-08-01T22:51:09.078+0000] {logging_mixin.py:188} INFO - Title: Paul Whelan released from Russia in prisoner swap that includes reporter Evan Gershkovich
[2024-08-01T22:51:09.079+0000] {logging_mixin.py:188} INFO - Text: 
[2024-08-01T22:51:09.079+0000] {logging_mixin.py:188} INFO - Upvotes: 6
[2024-08-01T22:51:09.079+0000] {logging_mixin.py:188} INFO - ------------------------------
[2024-08-01T22:51:09.080+0000] {logging_mixin.py:188} INFO - Title: US and Israel discuss "new defensive military deployments" 
[2024-08-01T22:51:09.080+0000] {logging_mixin.py:188} INFO - Text: 
[2024-08-01T22:51:09.080+0000] {logging_mixin.py:188} INFO - Upvotes: 17
[2024-08-01T22:51:09.080+0000] {logging_mixin.py:188} INFO - ------------------------------
[2024-08-01T22:51:09.081+0000] {logging_mixin.py:188} INFO - Title: Release of Russian hackers believed to be first U.S. prisoner swap of international cybercriminals
[2024-08-01T22:51:09.081+0000] {logging_mixin.py:188} INFO - Text: 
[2024-08-01T22:51:09.081+0000] {logging_mixin.py:188} INFO - Upvotes: 6
[2024-08-01T22:51:09.081+0000] {logging_mixin.py:188} INFO - ------------------------------
[2024-08-01T22:51:09.082+0000] {logging_mixin.py:188} INFO - Title: The U.S. moves to recognize election victory of Venezuelan opposition over Maduro
[2024-08-01T22:51:09.082+0000] {logging_mixin.py:188} INFO - Text: 
[2024-08-01T22:51:09.082+0000] {logging_mixin.py:188} INFO - Upvotes: 105
[2024-08-01T22:51:09.083+0000] {logging_mixin.py:188} INFO - ------------------------------
[2024-08-01T22:51:09.083+0000] {logging_mixin.py:188} INFO - Title: World Bank warns 108 countries risk being stuck in ‘middle-income trap’
[2024-08-01T22:51:09.083+0000] {logging_mixin.py:188} INFO - Text: 
[2024-08-01T22:51:09.083+0000] {logging_mixin.py:188} INFO - Upvotes: 46
[2024-08-01T22:51:09.084+0000] {logging_mixin.py:188} INFO - ------------------------------
[2024-08-01T22:51:09.084+0000] {logging_mixin.py:188} INFO - Title: Paul Whelan released from Russia in prisoner swap that includes reporter Evan Gershkovich
[2024-08-01T22:51:09.084+0000] {logging_mixin.py:188} INFO - Text: 
[2024-08-01T22:51:09.084+0000] {logging_mixin.py:188} INFO - Upvotes: 6
[2024-08-01T22:51:09.085+0000] {logging_mixin.py:188} INFO - ------------------------------
[2024-08-01T22:51:09.085+0000] {logging_mixin.py:188} INFO - Title: US and Israel discuss "new defensive military deployments" 
[2024-08-01T22:51:09.085+0000] {logging_mixin.py:188} INFO - Text: 
[2024-08-01T22:51:09.086+0000] {logging_mixin.py:188} INFO - Upvotes: 17
[2024-08-01T22:51:09.086+0000] {logging_mixin.py:188} INFO - ------------------------------
[2024-08-01T22:51:09.086+0000] {logging_mixin.py:188} INFO - Title: Release of Russian hackers believed to be first U.S. prisoner swap of international cybercriminals
[2024-08-01T22:51:09.086+0000] {logging_mixin.py:188} INFO - Text: 
[2024-08-01T22:51:09.087+0000] {logging_mixin.py:188} INFO - Upvotes: 7
[2024-08-01T22:51:09.087+0000] {logging_mixin.py:188} INFO - ------------------------------
[2024-08-01T22:51:09.087+0000] {logging_mixin.py:188} INFO - Title: The U.S. moves to recognize election victory of Venezuelan opposition over Maduro
[2024-08-01T22:51:09.088+0000] {logging_mixin.py:188} INFO - Text: 
[2024-08-01T22:51:09.088+0000] {logging_mixin.py:188} INFO - Upvotes: 107
[2024-08-01T22:51:09.088+0000] {logging_mixin.py:188} INFO - ------------------------------
[2024-08-01T22:51:09.088+0000] {logging_mixin.py:188} INFO - Title: World Bank warns 108 countries risk being stuck in ‘middle-income trap’
[2024-08-01T22:51:09.089+0000] {logging_mixin.py:188} INFO - Text: 
[2024-08-01T22:51:09.089+0000] {logging_mixin.py:188} INFO - Upvotes: 45
[2024-08-01T22:51:09.089+0000] {logging_mixin.py:188} INFO - ------------------------------
[2024-08-01T22:51:09.089+0000] {logging_mixin.py:188} INFO - Title: Paul Whelan released from Russia in prisoner swap that includes reporter Evan Gershkovich
[2024-08-01T22:51:09.090+0000] {logging_mixin.py:188} INFO - Text: 
[2024-08-01T22:51:09.090+0000] {logging_mixin.py:188} INFO - Upvotes: 6
[2024-08-01T22:51:09.090+0000] {logging_mixin.py:188} INFO - ------------------------------
[2024-08-01T22:51:09.091+0000] {logging_mixin.py:188} INFO - Title: US and Israel discuss "new defensive military deployments" 
[2024-08-01T22:51:09.091+0000] {logging_mixin.py:188} INFO - Text: 
[2024-08-01T22:51:09.091+0000] {logging_mixin.py:188} INFO - Upvotes: 17
[2024-08-01T22:51:09.091+0000] {logging_mixin.py:188} INFO - ------------------------------
[2024-08-01T22:51:09.092+0000] {logging_mixin.py:188} INFO - Title: Release of Russian hackers believed to be first U.S. prisoner swap of international cybercriminals
[2024-08-01T22:51:09.092+0000] {logging_mixin.py:188} INFO - Text: 
[2024-08-01T22:51:09.093+0000] {logging_mixin.py:188} INFO - Upvotes: 8
[2024-08-01T22:51:09.093+0000] {logging_mixin.py:188} INFO - ------------------------------
[2024-08-01T22:51:09.093+0000] {logging_mixin.py:188} INFO - Title: The U.S. moves to recognize election victory of Venezuelan opposition over Maduro
[2024-08-01T22:51:09.093+0000] {logging_mixin.py:188} INFO - Text: 
[2024-08-01T22:51:09.094+0000] {logging_mixin.py:188} INFO - Upvotes: 112
[2024-08-01T22:51:09.094+0000] {logging_mixin.py:188} INFO - ------------------------------
[2024-08-01T22:51:09.094+0000] {logging_mixin.py:188} INFO - Title: World Bank warns 108 countries risk being stuck in ‘middle-income trap’
[2024-08-01T22:51:09.094+0000] {logging_mixin.py:188} INFO - Text: 
[2024-08-01T22:51:09.095+0000] {logging_mixin.py:188} INFO - Upvotes: 47
[2024-08-01T22:51:09.095+0000] {logging_mixin.py:188} INFO - ------------------------------
[2024-08-01T22:51:09.095+0000] {logging_mixin.py:188} INFO - Title: Anger mounts over environmental cost of Google datacentre in Uruguay
[2024-08-01T22:51:09.095+0000] {logging_mixin.py:188} INFO - Text: 
[2024-08-01T22:51:09.096+0000] {logging_mixin.py:188} INFO - Upvotes: 1
[2024-08-01T22:51:09.096+0000] {logging_mixin.py:188} INFO - ------------------------------
[2024-08-01T22:51:09.096+0000] {logging_mixin.py:188} INFO - Title: Paul Whelan released from Russia in prisoner swap that includes reporter Evan Gershkovich
[2024-08-01T22:51:09.097+0000] {logging_mixin.py:188} INFO - Text: 
[2024-08-01T22:51:09.097+0000] {logging_mixin.py:188} INFO - Upvotes: 7
[2024-08-01T22:51:09.097+0000] {logging_mixin.py:188} INFO - ------------------------------
[2024-08-01T22:51:09.097+0000] {logging_mixin.py:188} INFO - Title: US and Israel discuss "new defensive military deployments" 
[2024-08-01T22:51:09.098+0000] {logging_mixin.py:188} INFO - Text: 
[2024-08-01T22:51:09.098+0000] {logging_mixin.py:188} INFO - Upvotes: 17
[2024-08-01T22:51:09.098+0000] {logging_mixin.py:188} INFO - ------------------------------
[2024-08-01T22:51:09.098+0000] {logging_mixin.py:188} INFO - Title: Release of Russian hackers believed to be first U.S. prisoner swap of international cybercriminals
[2024-08-01T22:51:09.099+0000] {logging_mixin.py:188} INFO - Text: 
[2024-08-01T22:51:09.099+0000] {logging_mixin.py:188} INFO - Upvotes: 6
[2024-08-01T22:51:09.099+0000] {logging_mixin.py:188} INFO - ------------------------------
[2024-08-01T22:51:09.100+0000] {logging_mixin.py:188} INFO - Title: The U.S. moves to recognize election victory of Venezuelan opposition over Maduro
[2024-08-01T22:51:09.100+0000] {logging_mixin.py:188} INFO - Text: 
[2024-08-01T22:51:09.100+0000] {logging_mixin.py:188} INFO - Upvotes: 120
[2024-08-01T22:51:09.100+0000] {logging_mixin.py:188} INFO - ------------------------------
[2024-08-01T22:51:09.101+0000] {python.py:237} INFO - Done. Returned value was: None
[2024-08-01T22:51:09.101+0000] {taskinstance.py:441} INFO - ::group::Post task execution logs
[2024-08-01T22:51:09.111+0000] {taskinstance.py:1206} INFO - Marking task as SUCCESS. dag_id=reddit_dag, task_id=processing2, run_id=manual__2024-08-01T22:50:52.302532+00:00, execution_date=20240801T225052, start_date=20240801T225108, end_date=20240801T225109
[2024-08-01T22:51:09.165+0000] {local_task_job_runner.py:243} INFO - Task exited with return code 0
[2024-08-01T22:51:09.182+0000] {taskinstance.py:3503} INFO - 0 downstream tasks scheduled from follow-on schedule check
[2024-08-01T22:51:09.184+0000] {local_task_job_runner.py:222} INFO - ::endgroup::
