[2024-08-02T21:23:12.128+0000] {local_task_job_runner.py:120} INFO - ::group::Pre task execution logs
[2024-08-02T21:23:12.157+0000] {taskinstance.py:2076} INFO - Dependencies all met for dep_context=non-requeueable deps ti=<TaskInstance: reddit_dag.saving_top_post manual__2024-08-02T21:22:51.744859+00:00 [queued]>
[2024-08-02T21:23:12.168+0000] {taskinstance.py:2076} INFO - Dependencies all met for dep_context=requeueable deps ti=<TaskInstance: reddit_dag.saving_top_post manual__2024-08-02T21:22:51.744859+00:00 [queued]>
[2024-08-02T21:23:12.169+0000] {taskinstance.py:2306} INFO - Starting attempt 1 of 1
[2024-08-02T21:23:12.197+0000] {taskinstance.py:2330} INFO - Executing <Task(PythonOperator): saving_top_post> on 2024-08-02 21:22:51.744859+00:00
[2024-08-02T21:23:12.201+0000] {standard_task_runner.py:64} INFO - Started process 2780 to run task
[2024-08-02T21:23:12.202+0000] {standard_task_runner.py:90} INFO - Running: ['airflow', 'tasks', 'run', 'reddit_dag', 'saving_top_post', 'manual__2024-08-02T21:22:51.744859+00:00', '--job-id', '298', '--raw', '--subdir', 'DAGS_FOLDER/project_dag.py', '--cfg-path', '/tmp/tmp3tbx9st8']
[2024-08-02T21:23:12.204+0000] {standard_task_runner.py:91} INFO - Job 298: Subtask saving_top_post
[2024-08-02T21:23:12.265+0000] {task_command.py:426} INFO - Running <TaskInstance: reddit_dag.saving_top_post manual__2024-08-02T21:22:51.744859+00:00 [running]> on host 7df8ffa41b22
[2024-08-02T21:23:12.373+0000] {taskinstance.py:2648} INFO - Exporting env vars: AIRFLOW_CTX_DAG_OWNER='airflow' AIRFLOW_CTX_DAG_ID='reddit_dag' AIRFLOW_CTX_TASK_ID='saving_top_post' AIRFLOW_CTX_EXECUTION_DATE='2024-08-02T21:22:51.744859+00:00' AIRFLOW_CTX_TRY_NUMBER='1' AIRFLOW_CTX_DAG_RUN_ID='manual__2024-08-02T21:22:51.744859+00:00'
[2024-08-02T21:23:12.374+0000] {taskinstance.py:430} INFO - ::endgroup::
[2024-08-02T21:23:12.403+0000] {logging_mixin.py:188} INFO - {'_id': ObjectId('66ad4c45cda09b6440889728'), 'title': "Japan's Olympics delegation has said it will consider contacting the police or taking legal action against defamatory content posted online against athletes", 'text': '', 'upvotes': 48}
[2024-08-02T21:23:12.404+0000] {logging_mixin.py:188} INFO - {'_id': ObjectId('66ad4cfbf75c8a37f1271a69'), 'title': "Japan's Olympics delegation has said it will consider contacting the police or taking legal action against defamatory content posted online against athletes", 'text': '', 'upvotes': 58}
[2024-08-02T21:23:12.404+0000] {logging_mixin.py:188} INFO - {'_id': ObjectId('66ad4d5da896d76775d04990'), 'title': "Japan's Olympics delegation has said it will consider contacting the police or taking legal action against defamatory content posted online against athletes", 'text': '', 'upvotes': 64}
[2024-08-02T21:23:12.405+0000] {logging_mixin.py:188} INFO - {'_id': ObjectId('66ad4da9cd592df5b8dadc74'), 'title': "Japan's Olympics delegation has said it will consider contacting the police or taking legal action against defamatory content posted online against athletes", 'text': '', 'upvotes': 64}
[2024-08-02T21:23:12.405+0000] {logging_mixin.py:188} INFO - {'_id': ObjectId('66ad4dd53836c8b3956f9486'), 'title': "Japan's Olympics delegation has said it will consider contacting the police or taking legal action against defamatory content posted online against athletes", 'text': '', 'upvotes': 64}
[2024-08-02T21:23:12.405+0000] {logging_mixin.py:188} INFO - {'_id': ObjectId('66ad4e3894f521fd40e110b2'), 'title': "Japan's Olympics delegation has said it will consider contacting the police or taking legal action against defamatory content posted online against athletes", 'text': '', 'upvotes': 69}
[2024-08-02T21:23:12.406+0000] {python.py:237} INFO - Done. Returned value was: None
[2024-08-02T21:23:12.406+0000] {taskinstance.py:441} INFO - ::group::Post task execution logs
[2024-08-02T21:23:12.417+0000] {taskinstance.py:1206} INFO - Marking task as SUCCESS. dag_id=reddit_dag, task_id=saving_top_post, run_id=manual__2024-08-02T21:22:51.744859+00:00, execution_date=20240802T212251, start_date=20240802T212312, end_date=20240802T212312
[2024-08-02T21:23:12.455+0000] {local_task_job_runner.py:243} INFO - Task exited with return code 0
[2024-08-02T21:23:12.484+0000] {taskinstance.py:3503} INFO - 1 downstream tasks scheduled from follow-on schedule check
[2024-08-02T21:23:12.492+0000] {local_task_job_runner.py:222} INFO - ::endgroup::
