[2024-08-02T18:18:51.006+0000] {local_task_job_runner.py:120} INFO - ::group::Pre task execution logs
[2024-08-02T18:18:51.042+0000] {taskinstance.py:2076} INFO - Dependencies all met for dep_context=non-requeueable deps ti=<TaskInstance: reddit_dag.print_subreddit_posts manual__2024-08-02T18:18:43.464034+00:00 [queued]>
[2024-08-02T18:18:51.055+0000] {taskinstance.py:2076} INFO - Dependencies all met for dep_context=requeueable deps ti=<TaskInstance: reddit_dag.print_subreddit_posts manual__2024-08-02T18:18:43.464034+00:00 [queued]>
[2024-08-02T18:18:51.056+0000] {taskinstance.py:2306} INFO - Starting attempt 1 of 1
[2024-08-02T18:18:51.088+0000] {taskinstance.py:2330} INFO - Executing <Task(PythonOperator): print_subreddit_posts> on 2024-08-02 18:18:43.464034+00:00
[2024-08-02T18:18:51.093+0000] {standard_task_runner.py:64} INFO - Started process 607 to run task
[2024-08-02T18:18:51.094+0000] {standard_task_runner.py:90} INFO - Running: ['airflow', 'tasks', 'run', 'reddit_dag', 'print_subreddit_posts', 'manual__2024-08-02T18:18:43.464034+00:00', '--job-id', '236', '--raw', '--subdir', 'DAGS_FOLDER/project_dag.py', '--cfg-path', '/tmp/tmp7e5r4pzc']
[2024-08-02T18:18:51.095+0000] {standard_task_runner.py:91} INFO - Job 236: Subtask print_subreddit_posts
[2024-08-02T18:18:51.154+0000] {task_command.py:426} INFO - Running <TaskInstance: reddit_dag.print_subreddit_posts manual__2024-08-02T18:18:43.464034+00:00 [running]> on host 7df8ffa41b22
[2024-08-02T18:18:51.274+0000] {taskinstance.py:2648} INFO - Exporting env vars: AIRFLOW_CTX_DAG_OWNER='airflow' AIRFLOW_CTX_DAG_ID='reddit_dag' AIRFLOW_CTX_TASK_ID='print_subreddit_posts' AIRFLOW_CTX_EXECUTION_DATE='2024-08-02T18:18:43.464034+00:00' AIRFLOW_CTX_TRY_NUMBER='1' AIRFLOW_CTX_DAG_RUN_ID='manual__2024-08-02T18:18:43.464034+00:00'
[2024-08-02T18:18:51.275+0000] {taskinstance.py:430} INFO - ::endgroup::
[2024-08-02T18:18:54.151+0000] {logging_mixin.py:188} INFO - Post saved: Released Russian dissidents Vladimir Kara-Murza, Ilya Yashin and Andrei Pivovarov express relief at their release, but also concern that the high-profile prisoner swap could "encourage" Putin to take more hostages
[2024-08-02T18:18:54.152+0000] {logging_mixin.py:188} INFO - Post saved: Fresh violence in Bangladesh student protests
[2024-08-02T18:18:54.153+0000] {logging_mixin.py:188} INFO - Post saved: Maduro Opposition Shares ‘Overwhelming Evidence’ of Venezuela Election Fraud
[2024-08-02T18:18:54.154+0000] {logging_mixin.py:188} INFO - Post saved: Ukraine receives first F-16 fighter jets from Netherlands
[2024-08-02T18:18:54.156+0000] {logging_mixin.py:188} INFO - Post saved: Carter Center unable to verify Venezuela election results, blasts officials for lack of transparency
[2024-08-02T18:18:54.156+0000] {python.py:237} INFO - Done. Returned value was: None
[2024-08-02T18:18:54.157+0000] {taskinstance.py:441} INFO - ::group::Post task execution logs
[2024-08-02T18:18:54.166+0000] {taskinstance.py:1206} INFO - Marking task as SUCCESS. dag_id=reddit_dag, task_id=print_subreddit_posts, run_id=manual__2024-08-02T18:18:43.464034+00:00, execution_date=20240802T181843, start_date=20240802T181851, end_date=20240802T181854
[2024-08-02T18:18:54.199+0000] {local_task_job_runner.py:243} INFO - Task exited with return code 0
[2024-08-02T18:18:54.230+0000] {taskinstance.py:3503} INFO - 1 downstream tasks scheduled from follow-on schedule check
[2024-08-02T18:18:54.238+0000] {local_task_job_runner.py:222} INFO - ::endgroup::
