[2024-08-02T21:28:26.144+0000] {local_task_job_runner.py:120} INFO - ::group::Pre task execution logs
[2024-08-02T21:28:26.171+0000] {taskinstance.py:2076} INFO - Dependencies all met for dep_context=non-requeueable deps ti=<TaskInstance: reddit_dag.print_subreddit_posts manual__2024-08-02T21:28:18.063909+00:00 [queued]>
[2024-08-02T21:28:26.183+0000] {taskinstance.py:2076} INFO - Dependencies all met for dep_context=requeueable deps ti=<TaskInstance: reddit_dag.print_subreddit_posts manual__2024-08-02T21:28:18.063909+00:00 [queued]>
[2024-08-02T21:28:26.183+0000] {taskinstance.py:2306} INFO - Starting attempt 1 of 1
[2024-08-02T21:28:26.211+0000] {taskinstance.py:2330} INFO - Executing <Task(PythonOperator): print_subreddit_posts> on 2024-08-02 21:28:18.063909+00:00
[2024-08-02T21:28:26.215+0000] {standard_task_runner.py:64} INFO - Started process 3263 to run task
[2024-08-02T21:28:26.217+0000] {standard_task_runner.py:90} INFO - Running: ['airflow', 'tasks', 'run', 'reddit_dag', 'print_subreddit_posts', 'manual__2024-08-02T21:28:18.063909+00:00', '--job-id', '321', '--raw', '--subdir', 'DAGS_FOLDER/project_dag.py', '--cfg-path', '/tmp/tmpjng5ah1b']
[2024-08-02T21:28:26.218+0000] {standard_task_runner.py:91} INFO - Job 321: Subtask print_subreddit_posts
[2024-08-02T21:28:26.282+0000] {task_command.py:426} INFO - Running <TaskInstance: reddit_dag.print_subreddit_posts manual__2024-08-02T21:28:18.063909+00:00 [running]> on host 7df8ffa41b22
[2024-08-02T21:28:26.391+0000] {taskinstance.py:2648} INFO - Exporting env vars: AIRFLOW_CTX_DAG_OWNER='airflow' AIRFLOW_CTX_DAG_ID='reddit_dag' AIRFLOW_CTX_TASK_ID='print_subreddit_posts' AIRFLOW_CTX_EXECUTION_DATE='2024-08-02T21:28:18.063909+00:00' AIRFLOW_CTX_TRY_NUMBER='1' AIRFLOW_CTX_DAG_RUN_ID='manual__2024-08-02T21:28:18.063909+00:00'
[2024-08-02T21:28:26.392+0000] {taskinstance.py:430} INFO - ::endgroup::
[2024-08-02T21:28:27.959+0000] {logging_mixin.py:188} INFO - Post saved: Venezuelan opposition leader thanks U.S. for recognizing him as presidential election's winner
[2024-08-02T21:28:27.960+0000] {logging_mixin.py:188} INFO - Post saved: Crimean Bridge could be destroyed in coming months, Budanov says
[2024-08-02T21:28:27.961+0000] {logging_mixin.py:188} INFO - Post saved: Dozens of children killed in Bangladesh protests - Unicef
[2024-08-02T21:28:27.963+0000] {logging_mixin.py:188} INFO - Post saved: Japan's Olympics delegation has said it will consider contacting the police or taking legal action against defamatory content posted online against athletes
[2024-08-02T21:28:27.964+0000] {logging_mixin.py:188} INFO - Post saved: Keir Starmer warns social media firms after Southport misinformation fuels riots
[2024-08-02T21:28:27.964+0000] {python.py:237} INFO - Done. Returned value was: None
[2024-08-02T21:28:27.965+0000] {taskinstance.py:441} INFO - ::group::Post task execution logs
[2024-08-02T21:28:27.975+0000] {taskinstance.py:1206} INFO - Marking task as SUCCESS. dag_id=reddit_dag, task_id=print_subreddit_posts, run_id=manual__2024-08-02T21:28:18.063909+00:00, execution_date=20240802T212818, start_date=20240802T212826, end_date=20240802T212827
[2024-08-02T21:28:28.036+0000] {local_task_job_runner.py:243} INFO - Task exited with return code 0
[2024-08-02T21:28:28.073+0000] {taskinstance.py:3503} INFO - 1 downstream tasks scheduled from follow-on schedule check
[2024-08-02T21:28:28.083+0000] {local_task_job_runner.py:222} INFO - ::endgroup::
