[2024-08-01T22:52:30.539+0000] {local_task_job_runner.py:120} INFO - ::group::Pre task execution logs
[2024-08-01T22:52:30.568+0000] {taskinstance.py:2076} INFO - Dependencies all met for dep_context=non-requeueable deps ti=<TaskInstance: reddit_dag.print_subreddit_posts manual__2024-08-01T22:52:22.481710+00:00 [queued]>
[2024-08-01T22:52:30.579+0000] {taskinstance.py:2076} INFO - Dependencies all met for dep_context=requeueable deps ti=<TaskInstance: reddit_dag.print_subreddit_posts manual__2024-08-01T22:52:22.481710+00:00 [queued]>
[2024-08-01T22:52:30.579+0000] {taskinstance.py:2306} INFO - Starting attempt 1 of 1
[2024-08-01T22:52:30.605+0000] {taskinstance.py:2330} INFO - Executing <Task(PythonOperator): print_subreddit_posts> on 2024-08-01 22:52:22.481710+00:00
[2024-08-01T22:52:30.609+0000] {standard_task_runner.py:64} INFO - Started process 3029 to run task
[2024-08-01T22:52:30.611+0000] {standard_task_runner.py:90} INFO - Running: ['airflow', 'tasks', 'run', 'reddit_dag', 'print_subreddit_posts', 'manual__2024-08-01T22:52:22.481710+00:00', '--job-id', '103', '--raw', '--subdir', 'DAGS_FOLDER/project_dag.py', '--cfg-path', '/tmp/tmpkl357owl']
[2024-08-01T22:52:30.612+0000] {standard_task_runner.py:91} INFO - Job 103: Subtask print_subreddit_posts
[2024-08-01T22:52:30.668+0000] {task_command.py:426} INFO - Running <TaskInstance: reddit_dag.print_subreddit_posts manual__2024-08-01T22:52:22.481710+00:00 [running]> on host a520ee17329b
[2024-08-01T22:52:30.780+0000] {taskinstance.py:2648} INFO - Exporting env vars: AIRFLOW_CTX_DAG_OWNER='airflow' AIRFLOW_CTX_DAG_ID='reddit_dag' AIRFLOW_CTX_TASK_ID='print_subreddit_posts' AIRFLOW_CTX_EXECUTION_DATE='2024-08-01T22:52:22.481710+00:00' AIRFLOW_CTX_TRY_NUMBER='1' AIRFLOW_CTX_DAG_RUN_ID='manual__2024-08-01T22:52:22.481710+00:00'
[2024-08-01T22:52:30.781+0000] {taskinstance.py:430} INFO - ::endgroup::
[2024-08-01T22:52:32.332+0000] {logging_mixin.py:188} INFO - Post saved: Anger mounts over environmental cost of Google datacentre in Uruguay
[2024-08-01T22:52:32.334+0000] {logging_mixin.py:188} INFO - Post saved: Paul Whelan released from Russia in prisoner swap that includes reporter Evan Gershkovich
[2024-08-01T22:52:32.335+0000] {logging_mixin.py:188} INFO - Post saved: US and Israel discuss "new defensive military deployments" 
[2024-08-01T22:52:32.337+0000] {logging_mixin.py:188} INFO - Post saved: Release of Russian hackers believed to be first U.S. prisoner swap of international cybercriminals
[2024-08-01T22:52:32.338+0000] {logging_mixin.py:188} INFO - Post saved: The U.S. moves to recognize election victory of Venezuelan opposition over Maduro
[2024-08-01T22:52:32.338+0000] {python.py:237} INFO - Done. Returned value was: None
[2024-08-01T22:52:32.339+0000] {taskinstance.py:441} INFO - ::group::Post task execution logs
[2024-08-01T22:52:32.349+0000] {taskinstance.py:1206} INFO - Marking task as SUCCESS. dag_id=reddit_dag, task_id=print_subreddit_posts, run_id=manual__2024-08-01T22:52:22.481710+00:00, execution_date=20240801T225222, start_date=20240801T225230, end_date=20240801T225232
[2024-08-01T22:52:32.389+0000] {local_task_job_runner.py:243} INFO - Task exited with return code 0
[2024-08-01T22:52:32.420+0000] {taskinstance.py:3503} INFO - 1 downstream tasks scheduled from follow-on schedule check
[2024-08-01T22:52:32.427+0000] {local_task_job_runner.py:222} INFO - ::endgroup::
