[2024-08-02T16:07:33.880+0000] {local_task_job_runner.py:120} INFO - ::group::Pre task execution logs
[2024-08-02T16:07:33.907+0000] {taskinstance.py:2076} INFO - Dependencies all met for dep_context=non-requeueable deps ti=<TaskInstance: reddit_dag.processing manual__2024-08-02T16:07:21.053738+00:00 [queued]>
[2024-08-02T16:07:33.918+0000] {taskinstance.py:2076} INFO - Dependencies all met for dep_context=requeueable deps ti=<TaskInstance: reddit_dag.processing manual__2024-08-02T16:07:21.053738+00:00 [queued]>
[2024-08-02T16:07:33.919+0000] {taskinstance.py:2306} INFO - Starting attempt 1 of 1
[2024-08-02T16:07:33.946+0000] {taskinstance.py:2330} INFO - Executing <Task(PythonOperator): processing> on 2024-08-02 16:07:21.053738+00:00
[2024-08-02T16:07:33.950+0000] {standard_task_runner.py:64} INFO - Started process 529 to run task
[2024-08-02T16:07:33.952+0000] {standard_task_runner.py:90} INFO - Running: ['airflow', 'tasks', 'run', 'reddit_dag', 'processing', 'manual__2024-08-02T16:07:21.053738+00:00', '--job-id', '142', '--raw', '--subdir', 'DAGS_FOLDER/project_dag.py', '--cfg-path', '/tmp/tmp3_1tfvix']
[2024-08-02T16:07:33.954+0000] {standard_task_runner.py:91} INFO - Job 142: Subtask processing
[2024-08-02T16:07:34.013+0000] {task_command.py:426} INFO - Running <TaskInstance: reddit_dag.processing manual__2024-08-02T16:07:21.053738+00:00 [running]> on host 3e56899c9e52
[2024-08-02T16:07:34.127+0000] {taskinstance.py:2648} INFO - Exporting env vars: AIRFLOW_CTX_DAG_OWNER='airflow' AIRFLOW_CTX_DAG_ID='reddit_dag' AIRFLOW_CTX_TASK_ID='processing' AIRFLOW_CTX_EXECUTION_DATE='2024-08-02T16:07:21.053738+00:00' AIRFLOW_CTX_TRY_NUMBER='1' AIRFLOW_CTX_DAG_RUN_ID='manual__2024-08-02T16:07:21.053738+00:00'
[2024-08-02T16:07:34.128+0000] {taskinstance.py:430} INFO - ::endgroup::
[2024-08-02T16:07:34.158+0000] {logging_mixin.py:188} INFO - {'_id': ObjectId('66ac14ebbd9c6b770798862f'), 'title': 'The U.S. moves to recognize election victory of Venezuelan opposition over Maduro', 'text': '', 'upvotes': 245}
[2024-08-02T16:07:34.159+0000] {logging_mixin.py:188} INFO - Post saved: The U.S. moves to recognize election victory of Venezuelan opposition over Maduro
[2024-08-02T16:07:34.160+0000] {logging_mixin.py:188} INFO - done
[2024-08-02T16:07:34.160+0000] {python.py:237} INFO - Done. Returned value was: None
[2024-08-02T16:07:34.162+0000] {taskinstance.py:441} INFO - ::group::Post task execution logs
[2024-08-02T16:07:34.175+0000] {taskinstance.py:1206} INFO - Marking task as SUCCESS. dag_id=reddit_dag, task_id=processing, run_id=manual__2024-08-02T16:07:21.053738+00:00, execution_date=20240802T160721, start_date=20240802T160733, end_date=20240802T160734
[2024-08-02T16:07:34.245+0000] {local_task_job_runner.py:243} INFO - Task exited with return code 0
[2024-08-02T16:07:34.271+0000] {taskinstance.py:3503} INFO - 1 downstream tasks scheduled from follow-on schedule check
[2024-08-02T16:07:34.282+0000] {local_task_job_runner.py:222} INFO - ::endgroup::
