[2024-08-01T22:26:19.773+0000] {local_task_job_runner.py:120} INFO - ::group::Pre task execution logs
[2024-08-01T22:26:19.800+0000] {taskinstance.py:2076} INFO - Dependencies all met for dep_context=non-requeueable deps ti=<TaskInstance: reddit_dag.print_subreddit_posts manual__2024-08-01T22:26:12.367204+00:00 [queued]>
[2024-08-01T22:26:19.811+0000] {taskinstance.py:2076} INFO - Dependencies all met for dep_context=requeueable deps ti=<TaskInstance: reddit_dag.print_subreddit_posts manual__2024-08-01T22:26:12.367204+00:00 [queued]>
[2024-08-01T22:26:19.812+0000] {taskinstance.py:2306} INFO - Starting attempt 1 of 1
[2024-08-01T22:26:19.839+0000] {taskinstance.py:2330} INFO - Executing <Task(PythonOperator): print_subreddit_posts> on 2024-08-01 22:26:12.367204+00:00
[2024-08-01T22:26:19.843+0000] {standard_task_runner.py:64} INFO - Started process 2048 to run task
[2024-08-01T22:26:19.845+0000] {standard_task_runner.py:90} INFO - Running: ['airflow', 'tasks', 'run', 'reddit_dag', 'print_subreddit_posts', 'manual__2024-08-01T22:26:12.367204+00:00', '--job-id', '65', '--raw', '--subdir', 'DAGS_FOLDER/project_dag.py', '--cfg-path', '/tmp/tmpnvx_23_r']
[2024-08-01T22:26:19.846+0000] {standard_task_runner.py:91} INFO - Job 65: Subtask print_subreddit_posts
[2024-08-01T22:26:19.903+0000] {task_command.py:426} INFO - Running <TaskInstance: reddit_dag.print_subreddit_posts manual__2024-08-01T22:26:12.367204+00:00 [running]> on host a520ee17329b
[2024-08-01T22:26:20.001+0000] {taskinstance.py:2648} INFO - Exporting env vars: AIRFLOW_CTX_DAG_OWNER='airflow' AIRFLOW_CTX_DAG_ID='reddit_dag' AIRFLOW_CTX_TASK_ID='print_subreddit_posts' AIRFLOW_CTX_EXECUTION_DATE='2024-08-01T22:26:12.367204+00:00' AIRFLOW_CTX_TRY_NUMBER='1' AIRFLOW_CTX_DAG_RUN_ID='manual__2024-08-01T22:26:12.367204+00:00'
[2024-08-01T22:26:20.001+0000] {taskinstance.py:430} INFO - ::endgroup::
[2024-08-01T22:26:21.373+0000] {logging_mixin.py:188} INFO - Post saved: US and Israel discuss "new defensive military deployments" 
[2024-08-01T22:26:21.375+0000] {logging_mixin.py:188} INFO - Post saved: U.S. prepares to counter Iranian attack on Israel within days, U.S. officials say
[2024-08-01T22:26:21.376+0000] {logging_mixin.py:188} INFO - Post saved: Release of Russian hackers believed to be first U.S. prisoner swap of international cybercriminals
[2024-08-01T22:26:21.377+0000] {logging_mixin.py:188} INFO - Post saved: The U.S. moves to recognize election victory of Venezuelan opposition over Maduro
[2024-08-01T22:26:21.379+0000] {logging_mixin.py:188} INFO - Post saved: World Bank warns 108 countries risk being stuck in ‘middle-income trap’
[2024-08-01T22:26:21.379+0000] {python.py:237} INFO - Done. Returned value was: None
[2024-08-01T22:26:21.380+0000] {taskinstance.py:441} INFO - ::group::Post task execution logs
[2024-08-01T22:26:21.390+0000] {taskinstance.py:1206} INFO - Marking task as SUCCESS. dag_id=reddit_dag, task_id=print_subreddit_posts, run_id=manual__2024-08-01T22:26:12.367204+00:00, execution_date=20240801T222612, start_date=20240801T222619, end_date=20240801T222621
[2024-08-01T22:26:21.423+0000] {local_task_job_runner.py:243} INFO - Task exited with return code 0
[2024-08-01T22:26:21.448+0000] {taskinstance.py:3503} INFO - 1 downstream tasks scheduled from follow-on schedule check
[2024-08-01T22:26:21.455+0000] {local_task_job_runner.py:222} INFO - ::endgroup::
