[2024-08-01T22:51:04.980+0000] {local_task_job_runner.py:120} INFO - ::group::Pre task execution logs
[2024-08-01T22:51:05.011+0000] {taskinstance.py:2076} INFO - Dependencies all met for dep_context=non-requeueable deps ti=<TaskInstance: reddit_dag.processing manual__2024-08-01T22:50:52.302532+00:00 [queued]>
[2024-08-01T22:51:05.023+0000] {taskinstance.py:2076} INFO - Dependencies all met for dep_context=requeueable deps ti=<TaskInstance: reddit_dag.processing manual__2024-08-01T22:50:52.302532+00:00 [queued]>
[2024-08-01T22:51:05.024+0000] {taskinstance.py:2306} INFO - Starting attempt 1 of 1
[2024-08-01T22:51:05.053+0000] {taskinstance.py:2330} INFO - Executing <Task(PythonOperator): processing> on 2024-08-01 22:50:52.302532+00:00
[2024-08-01T22:51:05.057+0000] {standard_task_runner.py:64} INFO - Started process 2939 to run task
[2024-08-01T22:51:05.059+0000] {standard_task_runner.py:90} INFO - Running: ['airflow', 'tasks', 'run', 'reddit_dag', 'processing', 'manual__2024-08-01T22:50:52.302532+00:00', '--job-id', '100', '--raw', '--subdir', 'DAGS_FOLDER/project_dag.py', '--cfg-path', '/tmp/tmp8s96jdzl']
[2024-08-01T22:51:05.061+0000] {standard_task_runner.py:91} INFO - Job 100: Subtask processing
[2024-08-01T22:51:05.119+0000] {task_command.py:426} INFO - Running <TaskInstance: reddit_dag.processing manual__2024-08-01T22:50:52.302532+00:00 [running]> on host a520ee17329b
[2024-08-01T22:51:05.240+0000] {taskinstance.py:2648} INFO - Exporting env vars: AIRFLOW_CTX_DAG_OWNER='airflow' AIRFLOW_CTX_DAG_ID='reddit_dag' AIRFLOW_CTX_TASK_ID='processing' AIRFLOW_CTX_EXECUTION_DATE='2024-08-01T22:50:52.302532+00:00' AIRFLOW_CTX_TRY_NUMBER='1' AIRFLOW_CTX_DAG_RUN_ID='manual__2024-08-01T22:50:52.302532+00:00'
[2024-08-01T22:51:05.240+0000] {taskinstance.py:430} INFO - ::endgroup::
[2024-08-01T22:51:05.268+0000] {logging_mixin.py:188} INFO - {'_id': ObjectId('66ac1155fefd49bfb7253cd4'), 'title': 'The U.S. moves to recognize election victory of Venezuelan opposition over Maduro', 'text': '', 'upvotes': 120}
[2024-08-01T22:51:05.270+0000] {logging_mixin.py:188} INFO - Post saved: The U.S. moves to recognize election victory of Venezuelan opposition over Maduro
[2024-08-01T22:51:05.270+0000] {logging_mixin.py:188} INFO - done
[2024-08-01T22:51:05.271+0000] {python.py:237} INFO - Done. Returned value was: None
[2024-08-01T22:51:05.271+0000] {taskinstance.py:441} INFO - ::group::Post task execution logs
[2024-08-01T22:51:05.282+0000] {taskinstance.py:1206} INFO - Marking task as SUCCESS. dag_id=reddit_dag, task_id=processing, run_id=manual__2024-08-01T22:50:52.302532+00:00, execution_date=20240801T225052, start_date=20240801T225105, end_date=20240801T225105
[2024-08-01T22:51:05.312+0000] {local_task_job_runner.py:243} INFO - Task exited with return code 0
[2024-08-01T22:51:05.337+0000] {taskinstance.py:3503} INFO - 1 downstream tasks scheduled from follow-on schedule check
[2024-08-01T22:51:05.345+0000] {local_task_job_runner.py:222} INFO - ::endgroup::
