[2024-08-01T22:54:41.950+0000] {local_task_job_runner.py:120} INFO - ::group::Pre task execution logs
[2024-08-01T22:54:41.980+0000] {taskinstance.py:2076} INFO - Dependencies all met for dep_context=non-requeueable deps ti=<TaskInstance: reddit_dag.processing manual__2024-08-01T22:54:28.420191+00:00 [queued]>
[2024-08-01T22:54:41.991+0000] {taskinstance.py:2076} INFO - Dependencies all met for dep_context=requeueable deps ti=<TaskInstance: reddit_dag.processing manual__2024-08-01T22:54:28.420191+00:00 [queued]>
[2024-08-01T22:54:41.992+0000] {taskinstance.py:2306} INFO - Starting attempt 1 of 1
[2024-08-01T22:54:42.018+0000] {taskinstance.py:2330} INFO - Executing <Task(PythonOperator): processing> on 2024-08-01 22:54:28.420191+00:00
[2024-08-01T22:54:42.022+0000] {standard_task_runner.py:64} INFO - Started process 3135 to run task
[2024-08-01T22:54:42.023+0000] {standard_task_runner.py:90} INFO - Running: ['airflow', 'tasks', 'run', 'reddit_dag', 'processing', 'manual__2024-08-01T22:54:28.420191+00:00', '--job-id', '108', '--raw', '--subdir', 'DAGS_FOLDER/project_dag.py', '--cfg-path', '/tmp/tmpxeww_msf']
[2024-08-01T22:54:42.024+0000] {standard_task_runner.py:91} INFO - Job 108: Subtask processing
[2024-08-01T22:54:42.081+0000] {task_command.py:426} INFO - Running <TaskInstance: reddit_dag.processing manual__2024-08-01T22:54:28.420191+00:00 [running]> on host a520ee17329b
[2024-08-01T22:54:42.190+0000] {taskinstance.py:2648} INFO - Exporting env vars: AIRFLOW_CTX_DAG_OWNER='airflow' AIRFLOW_CTX_DAG_ID='reddit_dag' AIRFLOW_CTX_TASK_ID='processing' AIRFLOW_CTX_EXECUTION_DATE='2024-08-01T22:54:28.420191+00:00' AIRFLOW_CTX_TRY_NUMBER='1' AIRFLOW_CTX_DAG_RUN_ID='manual__2024-08-01T22:54:28.420191+00:00'
[2024-08-01T22:54:42.191+0000] {taskinstance.py:430} INFO - ::endgroup::
[2024-08-01T22:54:42.219+0000] {logging_mixin.py:188} INFO - {'_id': ObjectId('66ac122e40e01dad22058172'), 'title': 'The U.S. moves to recognize election victory of Venezuelan opposition over Maduro', 'text': '', 'upvotes': 143}
[2024-08-01T22:54:42.221+0000] {logging_mixin.py:188} INFO - Post saved: The U.S. moves to recognize election victory of Venezuelan opposition over Maduro
[2024-08-01T22:54:42.221+0000] {logging_mixin.py:188} INFO - done
[2024-08-01T22:54:42.221+0000] {python.py:237} INFO - Done. Returned value was: None
[2024-08-01T22:54:42.222+0000] {taskinstance.py:441} INFO - ::group::Post task execution logs
[2024-08-01T22:54:42.232+0000] {taskinstance.py:1206} INFO - Marking task as SUCCESS. dag_id=reddit_dag, task_id=processing, run_id=manual__2024-08-01T22:54:28.420191+00:00, execution_date=20240801T225428, start_date=20240801T225441, end_date=20240801T225442
[2024-08-01T22:54:42.276+0000] {local_task_job_runner.py:243} INFO - Task exited with return code 0
[2024-08-01T22:54:42.301+0000] {taskinstance.py:3503} INFO - 1 downstream tasks scheduled from follow-on schedule check
[2024-08-01T22:54:42.309+0000] {local_task_job_runner.py:222} INFO - ::endgroup::
