[2024-08-01T22:06:46.671+0000] {local_task_job_runner.py:120} INFO - ::group::Pre task execution logs
[2024-08-01T22:06:46.698+0000] {taskinstance.py:2076} INFO - Dependencies all met for dep_context=non-requeueable deps ti=<TaskInstance: reddit_dag.print_subreddit_posts manual__2024-08-01T22:06:39.769481+00:00 [queued]>
[2024-08-01T22:06:46.708+0000] {taskinstance.py:2076} INFO - Dependencies all met for dep_context=requeueable deps ti=<TaskInstance: reddit_dag.print_subreddit_posts manual__2024-08-01T22:06:39.769481+00:00 [queued]>
[2024-08-01T22:06:46.708+0000] {taskinstance.py:2306} INFO - Starting attempt 1 of 1
[2024-08-01T22:06:46.734+0000] {taskinstance.py:2330} INFO - Executing <Task(PythonOperator): print_subreddit_posts> on 2024-08-01 22:06:39.769481+00:00
[2024-08-01T22:06:46.738+0000] {standard_task_runner.py:64} INFO - Started process 1477 to run task
[2024-08-01T22:06:46.740+0000] {standard_task_runner.py:90} INFO - Running: ['airflow', 'tasks', 'run', 'reddit_dag', 'print_subreddit_posts', 'manual__2024-08-01T22:06:39.769481+00:00', '--job-id', '41', '--raw', '--subdir', 'DAGS_FOLDER/project_dag.py', '--cfg-path', '/tmp/tmp4vlaoqcl']
[2024-08-01T22:06:46.741+0000] {standard_task_runner.py:91} INFO - Job 41: Subtask print_subreddit_posts
[2024-08-01T22:06:46.793+0000] {task_command.py:426} INFO - Running <TaskInstance: reddit_dag.print_subreddit_posts manual__2024-08-01T22:06:39.769481+00:00 [running]> on host a520ee17329b
[2024-08-01T22:06:46.893+0000] {taskinstance.py:2648} INFO - Exporting env vars: AIRFLOW_CTX_DAG_OWNER='airflow' AIRFLOW_CTX_DAG_ID='reddit_dag' AIRFLOW_CTX_TASK_ID='print_subreddit_posts' AIRFLOW_CTX_EXECUTION_DATE='2024-08-01T22:06:39.769481+00:00' AIRFLOW_CTX_TRY_NUMBER='1' AIRFLOW_CTX_DAG_RUN_ID='manual__2024-08-01T22:06:39.769481+00:00'
[2024-08-01T22:06:46.893+0000] {taskinstance.py:430} INFO - ::endgroup::
[2024-08-01T22:06:48.604+0000] {logging_mixin.py:188} INFO - Post saved: Support someone
[2024-08-01T22:06:48.606+0000] {logging_mixin.py:188} INFO - Post saved: World Bank warns 108 countries risk being stuck in ‘middle-income trap’
[2024-08-01T22:06:48.608+0000] {logging_mixin.py:188} INFO - Post saved: Head of Russia's military supplier company detained as corruption cases mount
[2024-08-01T22:06:48.609+0000] {logging_mixin.py:188} INFO - Post saved: Defense Ministry to purchase Ukrainian-made unmanned ground vehicles
[2024-08-01T22:06:48.610+0000] {logging_mixin.py:188} INFO - Post saved: IDF says slain Al Jazeera reporter a Hamas commando, took part in October 7 massacre
[2024-08-01T22:06:48.611+0000] {python.py:237} INFO - Done. Returned value was: None
[2024-08-01T22:06:48.611+0000] {taskinstance.py:441} INFO - ::group::Post task execution logs
[2024-08-01T22:06:48.620+0000] {taskinstance.py:1206} INFO - Marking task as SUCCESS. dag_id=reddit_dag, task_id=print_subreddit_posts, run_id=manual__2024-08-01T22:06:39.769481+00:00, execution_date=20240801T220639, start_date=20240801T220646, end_date=20240801T220648
[2024-08-01T22:06:48.680+0000] {local_task_job_runner.py:243} INFO - Task exited with return code 0
[2024-08-01T22:06:48.708+0000] {taskinstance.py:3503} INFO - 1 downstream tasks scheduled from follow-on schedule check
[2024-08-01T22:06:48.715+0000] {local_task_job_runner.py:222} INFO - ::endgroup::
