[2024-08-01T23:06:23.391+0000] {local_task_job_runner.py:120} INFO - ::group::Pre task execution logs
[2024-08-01T23:06:23.422+0000] {taskinstance.py:2076} INFO - Dependencies all met for dep_context=non-requeueable deps ti=<TaskInstance: reddit_dag.processing manual__2024-08-01T23:06:10.957954+00:00 [queued]>
[2024-08-01T23:06:23.433+0000] {taskinstance.py:2076} INFO - Dependencies all met for dep_context=requeueable deps ti=<TaskInstance: reddit_dag.processing manual__2024-08-01T23:06:10.957954+00:00 [queued]>
[2024-08-01T23:06:23.434+0000] {taskinstance.py:2306} INFO - Starting attempt 1 of 1
[2024-08-01T23:06:23.461+0000] {taskinstance.py:2330} INFO - Executing <Task(PythonOperator): processing> on 2024-08-01 23:06:10.957954+00:00
[2024-08-01T23:06:23.465+0000] {standard_task_runner.py:64} INFO - Started process 3507 to run task
[2024-08-01T23:06:23.467+0000] {standard_task_runner.py:90} INFO - Running: ['airflow', 'tasks', 'run', 'reddit_dag', 'processing', 'manual__2024-08-01T23:06:10.957954+00:00', '--job-id', '124', '--raw', '--subdir', 'DAGS_FOLDER/project_dag.py', '--cfg-path', '/tmp/tmprfjwyldo']
[2024-08-01T23:06:23.469+0000] {standard_task_runner.py:91} INFO - Job 124: Subtask processing
[2024-08-01T23:06:23.525+0000] {task_command.py:426} INFO - Running <TaskInstance: reddit_dag.processing manual__2024-08-01T23:06:10.957954+00:00 [running]> on host a520ee17329b
[2024-08-01T23:06:23.633+0000] {taskinstance.py:2648} INFO - Exporting env vars: AIRFLOW_CTX_DAG_OWNER='airflow' AIRFLOW_CTX_DAG_ID='reddit_dag' AIRFLOW_CTX_TASK_ID='processing' AIRFLOW_CTX_EXECUTION_DATE='2024-08-01T23:06:10.957954+00:00' AIRFLOW_CTX_TRY_NUMBER='1' AIRFLOW_CTX_DAG_RUN_ID='manual__2024-08-01T23:06:10.957954+00:00'
[2024-08-01T23:06:23.634+0000] {taskinstance.py:430} INFO - ::endgroup::
[2024-08-01T23:06:23.663+0000] {logging_mixin.py:188} INFO - {'_id': ObjectId('66ac14ebbd9c6b770798862f'), 'title': 'The U.S. moves to recognize election victory of Venezuelan opposition over Maduro', 'text': '', 'upvotes': 245}
[2024-08-01T23:06:23.664+0000] {logging_mixin.py:188} INFO - Post saved: The U.S. moves to recognize election victory of Venezuelan opposition over Maduro
[2024-08-01T23:06:23.665+0000] {logging_mixin.py:188} INFO - done
[2024-08-01T23:06:23.665+0000] {python.py:237} INFO - Done. Returned value was: None
[2024-08-01T23:06:23.666+0000] {taskinstance.py:441} INFO - ::group::Post task execution logs
[2024-08-01T23:06:23.676+0000] {taskinstance.py:1206} INFO - Marking task as SUCCESS. dag_id=reddit_dag, task_id=processing, run_id=manual__2024-08-01T23:06:10.957954+00:00, execution_date=20240801T230610, start_date=20240801T230623, end_date=20240801T230623
[2024-08-01T23:06:23.720+0000] {local_task_job_runner.py:243} INFO - Task exited with return code 0
[2024-08-01T23:06:23.747+0000] {taskinstance.py:3503} INFO - 1 downstream tasks scheduled from follow-on schedule check
[2024-08-01T23:06:23.756+0000] {local_task_job_runner.py:222} INFO - ::endgroup::
