[2024-08-02T21:29:52.660+0000] {local_task_job_runner.py:120} INFO - ::group::Pre task execution logs
[2024-08-02T21:29:52.688+0000] {taskinstance.py:2076} INFO - Dependencies all met for dep_context=non-requeueable deps ti=<TaskInstance: reddit_dag.processing2 manual__2024-08-02T21:29:35.636546+00:00 [queued]>
[2024-08-02T21:29:52.699+0000] {taskinstance.py:2076} INFO - Dependencies all met for dep_context=requeueable deps ti=<TaskInstance: reddit_dag.processing2 manual__2024-08-02T21:29:35.636546+00:00 [queued]>
[2024-08-02T21:29:52.700+0000] {taskinstance.py:2306} INFO - Starting attempt 1 of 1
[2024-08-02T21:29:52.729+0000] {taskinstance.py:2330} INFO - Executing <Task(PythonOperator): processing2> on 2024-08-02 21:29:35.636546+00:00
[2024-08-02T21:29:52.732+0000] {standard_task_runner.py:64} INFO - Started process 3444 to run task
[2024-08-02T21:29:52.734+0000] {standard_task_runner.py:90} INFO - Running: ['airflow', 'tasks', 'run', 'reddit_dag', 'processing2', 'manual__2024-08-02T21:29:35.636546+00:00', '--job-id', '330', '--raw', '--subdir', 'DAGS_FOLDER/project_dag.py', '--cfg-path', '/tmp/tmppli2qotb']
[2024-08-02T21:29:52.736+0000] {standard_task_runner.py:91} INFO - Job 330: Subtask processing2
[2024-08-02T21:29:52.791+0000] {task_command.py:426} INFO - Running <TaskInstance: reddit_dag.processing2 manual__2024-08-02T21:29:35.636546+00:00 [running]> on host 7df8ffa41b22
[2024-08-02T21:29:52.896+0000] {taskinstance.py:2648} INFO - Exporting env vars: AIRFLOW_CTX_DAG_OWNER='airflow' AIRFLOW_CTX_DAG_ID='reddit_dag' AIRFLOW_CTX_TASK_ID='processing2' AIRFLOW_CTX_EXECUTION_DATE='2024-08-02T21:29:35.636546+00:00' AIRFLOW_CTX_TRY_NUMBER='1' AIRFLOW_CTX_DAG_RUN_ID='manual__2024-08-02T21:29:35.636546+00:00'
[2024-08-02T21:29:52.897+0000] {taskinstance.py:430} INFO - ::endgroup::
[2024-08-02T21:29:52.925+0000] {logging_mixin.py:188} INFO - US says Maduro lost Venezuela election as opposition leader says she’s in hidingCrimean Bridge could be destroyed in coming months, Budanov saysDozens of children killed in Bangladesh protests - UnicefJapan's Olympics delegation has said it will consider contacting the police or taking legal action against defamatory content posted online against athletesKeir Starmer warns social media firms after Southport misinformation fuels riotsSudan's famine-stricken Zamzam camp hit by devastating floodsA Fraught Election Just Reshaped the Next Steps for Deep Sea MiningWe'll see our home again, exchanged Russian prisoners sayDozens of children killed in Bangladesh protests - UNICEF Slain Hamas leader Haniyeh buried in Qatar amid vows of revenge against IsraelVenezuela election: Masked assailants raid opposition HQAustralian probe finds Israel didn't target WCK aid workers in GazaNicolás Maduro announces the preparation of re-education camps to imprison detained demonstratorsRussian opposition figure Ilya Yashin says he demanded not to be freedNigerian protests: Security forces kill nine as biting economic crisis persistsReleased Russian dissidents Vladimir Kara-Murza, Ilya Yashin and Andrei Pivovarov express relief at their release, but also concern that the high-profile prisoner swap could "encourage" Putin to take more hostagesFresh violence in Bangladesh student protestsUkraine receives first F-16 fighter jets from NetherlandsCarter Center unable to verify Venezuela election results, blasts officials for lack of transparencyGermany joins multinational force monitoring Korean borderPolish foreign ministry warns against travel to Lebanon, Israel, Iran'We will act': Brussels asks Hungary to explain the easing of visa rules for RussiansHezbollah resumes steady rocket, artillery fire against IsraelIran plans to attack Israel on Tisha B’Av - the Jewish day of disasters, Western intelligence saysUkraine estimates 700,000 people will leave country in 2024-2025China lodges complaint after Canadian warship passes through Taiwan Strait - HMCS Montreal was conducting a routine transit, Ottawa saysCanadian military encounters Chinese research vessel in Arctic, warns competitors are 'probing' infrastructureZimbabwe ready to crush opposition dissent ahead of regional SADC summit, govt official saysUN Hunger Map: 2023 severe food insecurity drops 85% in Brazil$10M cash withdrawal drove secret probe into whether Trump took money from EgyptFrance investigates death threats against Olympics ceremony directorFrance has formally advised its citizen against travelling to Iran and has asked French citizens still the country to leave as soon as possible due to a risk of military escalation in the regionNigerians protest 'bad governance', cost of living, runaway inflation | SemaforPolish opposition criticises release of Russian prisoner while Poles remain detained in Belarus(UK) Chester Zoo hails birth of 'one of world's rarest animals'Hezbollah has started evacuating headquarters and military equipment from the Dahieh district in Beirut amid fears of escalating war with IsraelChildren of freed sleeper agents learned they were Russians on the flight, Kremlin saysRussian lawmaker arrested over alleged murder plotBangladesh arrests more than 10,000 in crackdown on protests | Bangladesh | The GuardianJavan rhino poaching saga reveals serious security lapse: An investigation has discovered that these organized groups accessed inside information about rhino movements from people with past government ties
Canada concludes negotiations on use of US space launch technologyHezbollah evacuates military equipment from Beirut in preparation for escalation - reportAirlines avoid some Mideast airspace, cancel Israel flights as tensions mountVenezuela’s Maduro asks top court to audit the presidential election, but observers cry foulOutcry as Turkish embassy in Israel lowers flag in honor of Haniyeh; envoy summonedIn apparent preparation for war, Hezbollah evacuates command center from south Beirut stronghold - i24NEWSOdesa's Russian street names should be renamed to avoid 'living in the past,' governor arguesIsraelis brace for a thousand-rocket, multi-proxy attackRussia-West prisoner exchange: Kremlin admits killer Krasikov is FSB agentChina to Start Setting Hard Targets for Cutting Carbon EmissionsRussian military hackers appear to target diplomats with fake car adsBangladesh student protests become ‘people’s uprising’ after brutal government crackdownChinese veteran's protest in downtown Beijing causes stirMinister asks for 'additional checks' after company won tender to rebuild Kyiv children's hospital at inflated priceMontreal man launches class-action lawsuit against social media platforms for being too addictive Iran masterminded anti-Israel protest in Canadian universityPhilippines, Japan militaries hold first joint exercises in South China SeaPolish Supreme Court acquits politician of offending religious feelings in church abortion protestIsraeli hacker group takes responsibility for reported collapse of Wi-Fi in IranEight Indians killed while fighting against Ukraine in Russian armyCanada preparing to unveil suite of measures to clamp down on uncapped programs for immigration: Report55 Russian indigenous, regional and ethno groups labeled as extremists by Russian Ministry of JusticeIDF kills Palestinian Islamic Jihad deputy weapons production head Mohammed al-JabariKim Jong Un wants Trump back, elite defector tells BBCHamas chief Haniyeh's killing 'doesn't help' ceasefire talks, says BidenPhilippines President Ferdinand Marcos Jr. has asked the public to love the country’s national languageCosta Rica is prepared to offer asylum to Venezuelan opposition leaders, minister saysBleak prospect of Ukraine ceding territory to Russia to bring peacePhilippines, US forces hold joint military exercises in West Philippine SeaVietnam, Philippines to hold South China Sea exercisesRain disasters have killed more than 200 across Asia in a weekGershkovich, other freed prisoners met by families, Biden and Harris as they land in USCurfew imposed and shots fired in Kano crackdown on 'hunger' demonstratorsBlinken: Overwhelming evidence Venezuela opposition won electionBBC executive dismisses letter from Jewish staff highlighting systemic antisemitism at networkBrittany Higgins: Australian senator sues alleged rape victimTurkey Blocks Instagram Amid Hamas ‘Censorship’ RowTurkey's Erdogan declares Aug 2 day of national mourning over killing of Hamas chiefBomb Smuggled Into Tehran Guesthouse Months Ago Killed Hamas LeaderShelling, Drones Kill More Civilians As Kyiv Pleads For OK To Strike Deeper Into RussiaGermany's Pistorius talks Middle East, Indo-Pacific with DWArgentina will use AI to ‘predict future crimes’ but experts worry for citizens’ rights | ArgentinaLondon Stock Exchange denies lowering standards to win Shein IPO3 newly freed Americans are back on US soil after a landmark prisoner exchange with Russia/r/WorldNews Live Thread: Russian Invasion of Ukraine Day 890, Part 1 (Thread #1037)Fears of violence rise in Venezuela as diplomatic efforts to pressure Maduro intensifyHezbollah leader says conflict with Israel in 'new phase' after killingsDrone fragments hit areas of Sevastopol in Russian-occupied Crimea, governor saysAustralian police make $538 million drug seizure in machines imported from U.S.Crimea building evacuated after being hit by ATACMS, Russian official saysUS recognizes Maduro's opponent as winner in Venezuela electionAustralia says Israel did not deliberately kill foreign aid workers in GazaHong Kong secondary students may soon be schooled in ‘Xi Jinping Thought’Russia holds military drills on disputed island near Japan, Interfax says Air New Zealand scraps its 2030 carbon emissions target, saying solutions are costly and scarceUS recognizes opposition candidate González as the winner of Venezuela's presidential electionIsraeli hacker group takes responsibility for reported collapse of Wi-Fi in IranToronto father and son face multiple terror-related chargesMaduro reports 1,200 arrests during protests in Venezuela, warns about 1,000 moreIranian Revolutionary Guard Killed In Israeli Strike That Targeted Top Hizballah Commander
[2024-08-02T21:29:52.928+0000] {logging_mixin.py:188} INFO - against: 9
[2024-08-02T21:29:52.929+0000] {logging_mixin.py:188} INFO - russian: 9
[2024-08-02T21:29:52.929+0000] {logging_mixin.py:188} INFO - opposition: 8
[2024-08-02T21:29:52.929+0000] {logging_mixin.py:188} INFO - says: 7
[2024-08-02T21:29:52.930+0000] {logging_mixin.py:188} INFO - military: 7
[2024-08-02T21:29:52.930+0000] {logging_mixin.py:188} INFO - killed: 6
[2024-08-02T21:29:52.930+0000] {logging_mixin.py:188} INFO - -: 6
[2024-08-02T21:29:52.931+0000] {logging_mixin.py:188} INFO - israel: 6
[2024-08-02T21:29:52.931+0000] {logging_mixin.py:188} INFO - venezuela: 5
[2024-08-02T21:29:52.931+0000] {logging_mixin.py:188} INFO - protests: 5
[2024-08-02T21:29:52.931+0000] {logging_mixin.py:188} INFO - us: 4
[2024-08-02T21:29:52.932+0000] {logging_mixin.py:188} INFO - maduro: 4
[2024-08-02T21:29:52.932+0000] {logging_mixin.py:188} INFO - be: 4
[2024-08-02T21:29:52.932+0000] {logging_mixin.py:188} INFO - bangladesh: 4
[2024-08-02T21:29:52.933+0000] {logging_mixin.py:188} INFO - will: 4
[2024-08-02T21:29:52.933+0000] {logging_mixin.py:188} INFO - warns: 4
[2024-08-02T21:29:52.933+0000] {logging_mixin.py:188} INFO - hamas: 4
[2024-08-02T21:29:52.933+0000] {logging_mixin.py:188} INFO - prisoner: 4
[2024-08-02T21:29:52.934+0000] {logging_mixin.py:188} INFO - more: 4
[2024-08-02T21:29:52.934+0000] {logging_mixin.py:188} INFO - |: 4
[2024-08-02T21:29:52.934+0000] {logging_mixin.py:188} INFO - election: 3
[2024-08-02T21:29:52.935+0000] {logging_mixin.py:188} INFO - leader: 3
[2024-08-02T21:29:52.935+0000] {logging_mixin.py:188} INFO - hit: 3
[2024-08-02T21:29:52.935+0000] {logging_mixin.py:188} INFO - amid: 3
[2024-08-02T21:29:52.936+0000] {logging_mixin.py:188} INFO - preparation: 3
[2024-08-02T21:29:52.936+0000] {logging_mixin.py:188} INFO - kill: 3
[2024-08-02T21:29:52.936+0000] {logging_mixin.py:188} INFO - but: 3
[2024-08-02T21:29:52.937+0000] {logging_mixin.py:188} INFO - asks: 3
[2024-08-02T21:29:52.937+0000] {logging_mixin.py:188} INFO - day: 3
[2024-08-02T21:29:52.937+0000] {logging_mixin.py:188} INFO - are: 3
[2024-08-02T21:29:52.938+0000] {logging_mixin.py:188} INFO - protest: 3
[2024-08-02T21:29:52.938+0000] {logging_mixin.py:188} INFO - beirut: 3
[2024-08-02T21:29:52.938+0000] {logging_mixin.py:188} INFO - freed: 3
[2024-08-02T21:29:52.938+0000] {logging_mixin.py:188} INFO - south: 3
[2024-08-02T21:29:52.939+0000] {logging_mixin.py:188} INFO - hold: 3
[2024-08-02T21:29:52.939+0000] {logging_mixin.py:188} INFO - ukraine: 3
[2024-08-02T21:29:52.939+0000] {logging_mixin.py:188} INFO - could: 2
[2024-08-02T21:29:52.939+0000] {logging_mixin.py:188} INFO - children: 2
[2024-08-02T21:29:52.940+0000] {logging_mixin.py:188} INFO - olympics: 2
[2024-08-02T21:29:52.940+0000] {logging_mixin.py:188} INFO - police: 2
[2024-08-02T21:29:52.940+0000] {logging_mixin.py:188} INFO - social: 2
[2024-08-02T21:29:52.941+0000] {logging_mixin.py:188} INFO - sea: 2
[2024-08-02T21:29:52.941+0000] {logging_mixin.py:188} INFO - prisoners: 2
[2024-08-02T21:29:52.941+0000] {logging_mixin.py:188} INFO - probe: 2
[2024-08-02T21:29:52.941+0000] {logging_mixin.py:188} INFO - target: 2
[2024-08-02T21:29:52.942+0000] {logging_mixin.py:188} INFO - aid: 2
[2024-08-02T21:29:52.942+0000] {logging_mixin.py:188} INFO - workers: 2
[2024-08-02T21:29:52.942+0000] {logging_mixin.py:188} INFO - detained: 2
[2024-08-02T21:29:52.943+0000] {logging_mixin.py:188} INFO - ilya: 2
[2024-08-02T21:29:52.943+0000] {logging_mixin.py:188} INFO - yashin: 2
[2024-08-02T21:29:52.943+0000] {logging_mixin.py:188} INFO - not: 2
[2024-08-02T21:29:52.943+0000] {logging_mixin.py:188} INFO - security: 2
[2024-08-02T21:29:52.944+0000] {logging_mixin.py:188} INFO - forces: 2
[2024-08-02T21:29:52.944+0000] {logging_mixin.py:188} INFO - violence: 2
[2024-08-02T21:29:52.944+0000] {logging_mixin.py:188} INFO - student: 2
[2024-08-02T21:29:52.944+0000] {logging_mixin.py:188} INFO - first: 2
[2024-08-02T21:29:52.945+0000] {logging_mixin.py:188} INFO - center: 2
[2024-08-02T21:29:52.945+0000] {logging_mixin.py:188} INFO - foreign: 2
[2024-08-02T21:29:52.945+0000] {logging_mixin.py:188} INFO - ministry: 2
[2024-08-02T21:29:52.945+0000] {logging_mixin.py:188} INFO - jewish: 2
[2024-08-02T21:29:52.946+0000] {logging_mixin.py:188} INFO - people: 2
[2024-08-02T21:29:52.946+0000] {logging_mixin.py:188} INFO - leave: 2
[2024-08-02T21:29:52.946+0000] {logging_mixin.py:188} INFO - country: 2
[2024-08-02T21:29:52.947+0000] {logging_mixin.py:188} INFO - canadian: 2
[2024-08-02T21:29:52.947+0000] {logging_mixin.py:188} INFO - regional: 2
[2024-08-02T21:29:52.947+0000] {logging_mixin.py:188} INFO - official: 2
[2024-08-02T21:29:52.947+0000] {logging_mixin.py:188} INFO - trump: 2
[2024-08-02T21:29:52.948+0000] {logging_mixin.py:188} INFO - its: 2
[2024-08-02T21:29:52.948+0000] {logging_mixin.py:188} INFO - iran: 2
[2024-08-02T21:29:52.948+0000] {logging_mixin.py:188} INFO - soon: 2
[2024-08-02T21:29:52.949+0000] {logging_mixin.py:188} INFO - escalation: 2
[2024-08-02T21:29:52.949+0000] {logging_mixin.py:188} INFO - equipment: 2
[2024-08-02T21:29:52.949+0000] {logging_mixin.py:188} INFO - they: 2
[2024-08-02T21:29:52.949+0000] {logging_mixin.py:188} INFO - kremlin: 2
[2024-08-02T21:29:52.950+0000] {logging_mixin.py:188} INFO - alleged: 2
[2024-08-02T21:29:52.950+0000] {logging_mixin.py:188} INFO - arrests: 2
[2024-08-02T21:29:52.950+0000] {logging_mixin.py:188} INFO - than: 2
[2024-08-02T21:29:52.951+0000] {logging_mixin.py:188} INFO - crackdown: 2
[2024-08-02T21:29:52.951+0000] {logging_mixin.py:188} INFO - rhino: 2
[2024-08-02T21:29:52.951+0000] {logging_mixin.py:188} INFO - groups: 2
[2024-08-02T21:29:52.951+0000] {logging_mixin.py:188} INFO - government: 2
[2024-08-02T21:29:52.952+0000] {logging_mixin.py:188} INFO - use: 2
[2024-08-02T21:29:52.952+0000] {logging_mixin.py:188} INFO - evacuates: 2
[2024-08-02T21:29:52.952+0000] {logging_mixin.py:188} INFO - avoid: 2
[2024-08-02T21:29:52.953+0000] {logging_mixin.py:188} INFO - top: 2
[2024-08-02T21:29:52.953+0000] {logging_mixin.py:188} INFO - court: 2
[2024-08-02T21:29:52.953+0000] {logging_mixin.py:188} INFO - presidential: 2
[2024-08-02T21:29:52.953+0000] {logging_mixin.py:188} INFO - governor: 2
[2024-08-02T21:29:52.954+0000] {logging_mixin.py:188} INFO - carbon: 2
[2024-08-02T21:29:52.954+0000] {logging_mixin.py:188} INFO - won: 2
[2024-08-02T21:29:52.954+0000] {logging_mixin.py:188} INFO - kyiv: 2
[2024-08-02T21:29:52.954+0000] {logging_mixin.py:188} INFO - being: 2
[2024-08-02T21:29:52.955+0000] {logging_mixin.py:188} INFO - joint: 2
[2024-08-02T21:29:52.955+0000] {logging_mixin.py:188} INFO - exercises: 2
[2024-08-02T21:29:52.955+0000] {logging_mixin.py:188} INFO - china: 2
[2024-08-02T21:29:52.956+0000] {logging_mixin.py:188} INFO - hacker: 2
[2024-08-02T21:29:52.956+0000] {logging_mixin.py:188} INFO - group: 2
[2024-08-02T21:29:52.956+0000] {logging_mixin.py:188} INFO - takes: 2
[2024-08-02T21:29:52.956+0000] {logging_mixin.py:188} INFO - responsibility: 2
[2024-08-02T21:29:52.957+0000] {logging_mixin.py:188} INFO - reported: 2
[2024-08-02T21:29:52.957+0000] {logging_mixin.py:188} INFO - collapse: 2
[2024-08-02T21:29:52.957+0000] {logging_mixin.py:188} INFO - wi-fi: 2
[2024-08-02T21:29:52.957+0000] {logging_mixin.py:188} INFO - killing: 2
[2024-08-02T21:29:52.958+0000] {logging_mixin.py:188} INFO - national: 2
[2024-08-02T21:29:52.958+0000] {logging_mixin.py:188} INFO - strike: 2
[2024-08-02T21:29:52.958+0000] {logging_mixin.py:188} INFO - exchange: 2
[2024-08-02T21:29:52.959+0000] {logging_mixin.py:188} INFO - recognizes: 2
[2024-08-02T21:29:52.959+0000] {logging_mixin.py:188} INFO - winner: 2
[2024-08-02T21:29:52.959+0000] {logging_mixin.py:188} INFO - lost: 1
[2024-08-02T21:29:52.960+0000] {logging_mixin.py:188} INFO - she’s: 1
[2024-08-02T21:29:52.960+0000] {logging_mixin.py:188} INFO - hidingcrimean: 1
[2024-08-02T21:29:52.961+0000] {logging_mixin.py:188} INFO - bridge: 1
[2024-08-02T21:29:52.961+0000] {logging_mixin.py:188} INFO - destroyed: 1
[2024-08-02T21:29:52.961+0000] {logging_mixin.py:188} INFO - coming: 1
[2024-08-02T21:29:52.961+0000] {logging_mixin.py:188} INFO - months,: 1
[2024-08-02T21:29:52.962+0000] {logging_mixin.py:188} INFO - budanov: 1
[2024-08-02T21:29:52.962+0000] {logging_mixin.py:188} INFO - saysdozens: 1
[2024-08-02T21:29:52.962+0000] {logging_mixin.py:188} INFO - unicefjapan's: 1
[2024-08-02T21:29:52.962+0000] {logging_mixin.py:188} INFO - delegation: 1
[2024-08-02T21:29:52.963+0000] {logging_mixin.py:188} INFO - consider: 1
[2024-08-02T21:29:52.963+0000] {logging_mixin.py:188} INFO - contacting: 1
[2024-08-02T21:29:52.963+0000] {logging_mixin.py:188} INFO - taking: 1
[2024-08-02T21:29:52.963+0000] {logging_mixin.py:188} INFO - legal: 1
[2024-08-02T21:29:52.964+0000] {logging_mixin.py:188} INFO - action: 1
[2024-08-02T21:29:52.964+0000] {logging_mixin.py:188} INFO - defamatory: 1
[2024-08-02T21:29:52.964+0000] {logging_mixin.py:188} INFO - content: 1
[2024-08-02T21:29:52.964+0000] {logging_mixin.py:188} INFO - posted: 1
[2024-08-02T21:29:52.965+0000] {logging_mixin.py:188} INFO - online: 1
[2024-08-02T21:29:52.965+0000] {logging_mixin.py:188} INFO - athleteskeir: 1
[2024-08-02T21:29:52.965+0000] {logging_mixin.py:188} INFO - starmer: 1
[2024-08-02T21:29:52.966+0000] {logging_mixin.py:188} INFO - firms: 1
[2024-08-02T21:29:52.966+0000] {logging_mixin.py:188} INFO - southport: 1
[2024-08-02T21:29:52.966+0000] {logging_mixin.py:188} INFO - misinformation: 1
[2024-08-02T21:29:52.966+0000] {logging_mixin.py:188} INFO - fuels: 1
[2024-08-02T21:29:52.967+0000] {logging_mixin.py:188} INFO - riotssudan's: 1
[2024-08-02T21:29:52.967+0000] {logging_mixin.py:188} INFO - famine-stricken: 1
[2024-08-02T21:29:52.967+0000] {logging_mixin.py:188} INFO - zamzam: 1
[2024-08-02T21:29:52.967+0000] {logging_mixin.py:188} INFO - camp: 1
[2024-08-02T21:29:52.968+0000] {logging_mixin.py:188} INFO - devastating: 1
[2024-08-02T21:29:52.968+0000] {logging_mixin.py:188} INFO - floodsa: 1
[2024-08-02T21:29:52.968+0000] {logging_mixin.py:188} INFO - fraught: 1
[2024-08-02T21:29:52.969+0000] {logging_mixin.py:188} INFO - just: 1
[2024-08-02T21:29:52.969+0000] {logging_mixin.py:188} INFO - reshaped: 1
[2024-08-02T21:29:52.969+0000] {logging_mixin.py:188} INFO - next: 1
[2024-08-02T21:29:52.969+0000] {logging_mixin.py:188} INFO - steps: 1
[2024-08-02T21:29:52.970+0000] {logging_mixin.py:188} INFO - deep: 1
[2024-08-02T21:29:52.970+0000] {logging_mixin.py:188} INFO - miningwe'll: 1
[2024-08-02T21:29:52.970+0000] {logging_mixin.py:188} INFO - home: 1
[2024-08-02T21:29:52.971+0000] {logging_mixin.py:188} INFO - again,: 1
[2024-08-02T21:29:52.971+0000] {logging_mixin.py:188} INFO - exchanged: 1
[2024-08-02T21:29:52.971+0000] {logging_mixin.py:188} INFO - saydozens: 1
[2024-08-02T21:29:52.971+0000] {logging_mixin.py:188} INFO - unicef: 1
[2024-08-02T21:29:52.972+0000] {logging_mixin.py:188} INFO - slain: 1
[2024-08-02T21:29:52.972+0000] {logging_mixin.py:188} INFO - haniyeh: 1
[2024-08-02T21:29:52.972+0000] {logging_mixin.py:188} INFO - buried: 1
[2024-08-02T21:29:52.972+0000] {logging_mixin.py:188} INFO - qatar: 1
[2024-08-02T21:29:52.973+0000] {logging_mixin.py:188} INFO - vows: 1
[2024-08-02T21:29:52.973+0000] {logging_mixin.py:188} INFO - revenge: 1
[2024-08-02T21:29:52.973+0000] {logging_mixin.py:188} INFO - israelvenezuela: 1
[2024-08-02T21:29:52.974+0000] {logging_mixin.py:188} INFO - election:: 1
[2024-08-02T21:29:52.974+0000] {logging_mixin.py:188} INFO - masked: 1
[2024-08-02T21:29:52.974+0000] {logging_mixin.py:188} INFO - assailants: 1
[2024-08-02T21:29:52.974+0000] {logging_mixin.py:188} INFO - raid: 1
[2024-08-02T21:29:52.975+0000] {logging_mixin.py:188} INFO - hqaustralian: 1
[2024-08-02T21:29:52.975+0000] {logging_mixin.py:188} INFO - finds: 1
[2024-08-02T21:29:52.975+0000] {logging_mixin.py:188} INFO - didn't: 1
[2024-08-02T21:29:52.976+0000] {logging_mixin.py:188} INFO - wck: 1
[2024-08-02T21:29:52.976+0000] {logging_mixin.py:188} INFO - gazanicolás: 1
[2024-08-02T21:29:52.976+0000] {logging_mixin.py:188} INFO - announces: 1
[2024-08-02T21:29:52.976+0000] {logging_mixin.py:188} INFO - re-education: 1
[2024-08-02T21:29:52.977+0000] {logging_mixin.py:188} INFO - camps: 1
[2024-08-02T21:29:52.977+0000] {logging_mixin.py:188} INFO - imprison: 1
[2024-08-02T21:29:52.977+0000] {logging_mixin.py:188} INFO - demonstratorsrussian: 1
[2024-08-02T21:29:52.978+0000] {logging_mixin.py:188} INFO - figure: 1
[2024-08-02T21:29:52.978+0000] {logging_mixin.py:188} INFO - he: 1
[2024-08-02T21:29:52.978+0000] {logging_mixin.py:188} INFO - demanded: 1
[2024-08-02T21:29:52.979+0000] {logging_mixin.py:188} INFO - freednigerian: 1
[2024-08-02T21:29:52.979+0000] {logging_mixin.py:188} INFO - protests:: 1
[2024-08-02T21:29:52.979+0000] {logging_mixin.py:188} INFO - nine: 1
[2024-08-02T21:29:52.980+0000] {logging_mixin.py:188} INFO - biting: 1
[2024-08-02T21:29:52.980+0000] {logging_mixin.py:188} INFO - economic: 1
[2024-08-02T21:29:52.980+0000] {logging_mixin.py:188} INFO - crisis: 1
[2024-08-02T21:29:52.980+0000] {logging_mixin.py:188} INFO - persistsreleased: 1
[2024-08-02T21:29:52.981+0000] {logging_mixin.py:188} INFO - dissidents: 1
[2024-08-02T21:29:52.981+0000] {logging_mixin.py:188} INFO - vladimir: 1
[2024-08-02T21:29:52.981+0000] {logging_mixin.py:188} INFO - kara-murza,: 1
[2024-08-02T21:29:52.982+0000] {logging_mixin.py:188} INFO - andrei: 1
[2024-08-02T21:29:52.982+0000] {logging_mixin.py:188} INFO - pivovarov: 1
[2024-08-02T21:29:52.982+0000] {logging_mixin.py:188} INFO - express: 1
[2024-08-02T21:29:52.982+0000] {logging_mixin.py:188} INFO - relief: 1
[2024-08-02T21:29:52.983+0000] {logging_mixin.py:188} INFO - their: 1
[2024-08-02T21:29:52.983+0000] {logging_mixin.py:188} INFO - release,: 1
[2024-08-02T21:29:52.983+0000] {logging_mixin.py:188} INFO - also: 1
[2024-08-02T21:29:52.984+0000] {logging_mixin.py:188} INFO - concern: 1
[2024-08-02T21:29:52.984+0000] {logging_mixin.py:188} INFO - high-profile: 1
[2024-08-02T21:29:52.984+0000] {logging_mixin.py:188} INFO - swap: 1
[2024-08-02T21:29:52.984+0000] {logging_mixin.py:188} INFO - "encourage": 1
[2024-08-02T21:29:52.985+0000] {logging_mixin.py:188} INFO - putin: 1
[2024-08-02T21:29:52.985+0000] {logging_mixin.py:188} INFO - take: 1
[2024-08-02T21:29:52.985+0000] {logging_mixin.py:188} INFO - hostagesfresh: 1
[2024-08-02T21:29:52.986+0000] {logging_mixin.py:188} INFO - protestsukraine: 1
[2024-08-02T21:29:52.986+0000] {logging_mixin.py:188} INFO - receives: 1
[2024-08-02T21:29:52.986+0000] {logging_mixin.py:188} INFO - f-16: 1
[2024-08-02T21:29:52.987+0000] {logging_mixin.py:188} INFO - fighter: 1
[2024-08-02T21:29:52.987+0000] {logging_mixin.py:188} INFO - jets: 1
[2024-08-02T21:29:52.987+0000] {logging_mixin.py:188} INFO - netherlandscarter: 1
[2024-08-02T21:29:52.988+0000] {logging_mixin.py:188} INFO - unable: 1
[2024-08-02T21:29:52.988+0000] {logging_mixin.py:188} INFO - verify: 1
[2024-08-02T21:29:52.988+0000] {logging_mixin.py:188} INFO - results,: 1
[2024-08-02T21:29:52.988+0000] {logging_mixin.py:188} INFO - blasts: 1
[2024-08-02T21:29:52.989+0000] {logging_mixin.py:188} INFO - officials: 1
[2024-08-02T21:29:52.989+0000] {logging_mixin.py:188} INFO - lack: 1
[2024-08-02T21:29:52.989+0000] {logging_mixin.py:188} INFO - transparencygermany: 1
[2024-08-02T21:29:52.990+0000] {logging_mixin.py:188} INFO - joins: 1
[2024-08-02T21:29:52.990+0000] {logging_mixin.py:188} INFO - multinational: 1
[2024-08-02T21:29:52.990+0000] {logging_mixin.py:188} INFO - force: 1
[2024-08-02T21:29:52.991+0000] {logging_mixin.py:188} INFO - monitoring: 1
[2024-08-02T21:29:52.991+0000] {logging_mixin.py:188} INFO - korean: 1
[2024-08-02T21:29:52.991+0000] {logging_mixin.py:188} INFO - borderpolish: 1
[2024-08-02T21:29:52.991+0000] {logging_mixin.py:188} INFO - travel: 1
[2024-08-02T21:29:52.992+0000] {logging_mixin.py:188} INFO - lebanon,: 1
[2024-08-02T21:29:52.992+0000] {logging_mixin.py:188} INFO - israel,: 1
[2024-08-02T21:29:52.992+0000] {logging_mixin.py:188} INFO - iran'we: 1
[2024-08-02T21:29:52.993+0000] {logging_mixin.py:188} INFO - act':: 1
[2024-08-02T21:29:52.993+0000] {logging_mixin.py:188} INFO - brussels: 1
[2024-08-02T21:29:52.993+0000] {logging_mixin.py:188} INFO - hungary: 1
[2024-08-02T21:29:52.993+0000] {logging_mixin.py:188} INFO - explain: 1
[2024-08-02T21:29:52.994+0000] {logging_mixin.py:188} INFO - easing: 1
[2024-08-02T21:29:52.994+0000] {logging_mixin.py:188} INFO - visa: 1
[2024-08-02T21:29:52.994+0000] {logging_mixin.py:188} INFO - rules: 1
[2024-08-02T21:29:52.995+0000] {logging_mixin.py:188} INFO - russianshezbollah: 1
[2024-08-02T21:29:52.995+0000] {logging_mixin.py:188} INFO - resumes: 1
[2024-08-02T21:29:52.995+0000] {logging_mixin.py:188} INFO - steady: 1
[2024-08-02T21:29:52.996+0000] {logging_mixin.py:188} INFO - rocket,: 1
[2024-08-02T21:29:52.996+0000] {logging_mixin.py:188} INFO - artillery: 1
[2024-08-02T21:29:52.996+0000] {logging_mixin.py:188} INFO - fire: 1
[2024-08-02T21:29:52.996+0000] {logging_mixin.py:188} INFO - israeliran: 1
[2024-08-02T21:29:52.997+0000] {logging_mixin.py:188} INFO - plans: 1
[2024-08-02T21:29:52.997+0000] {logging_mixin.py:188} INFO - attack: 1
[2024-08-02T21:29:52.997+0000] {logging_mixin.py:188} INFO - tisha: 1
[2024-08-02T21:29:52.998+0000] {logging_mixin.py:188} INFO - b’av: 1
[2024-08-02T21:29:52.998+0000] {logging_mixin.py:188} INFO - disasters,: 1
[2024-08-02T21:29:52.998+0000] {logging_mixin.py:188} INFO - western: 1
[2024-08-02T21:29:52.998+0000] {logging_mixin.py:188} INFO - intelligence: 1
[2024-08-02T21:29:52.999+0000] {logging_mixin.py:188} INFO - saysukraine: 1
[2024-08-02T21:29:52.999+0000] {logging_mixin.py:188} INFO - estimates: 1
[2024-08-02T21:29:52.999+0000] {logging_mixin.py:188} INFO - 700,000: 1
[2024-08-02T21:29:53.000+0000] {logging_mixin.py:188} INFO - 2024-2025china: 1
[2024-08-02T21:29:53.000+0000] {logging_mixin.py:188} INFO - lodges: 1
[2024-08-02T21:29:53.000+0000] {logging_mixin.py:188} INFO - complaint: 1
[2024-08-02T21:29:53.000+0000] {logging_mixin.py:188} INFO - warship: 1
[2024-08-02T21:29:53.001+0000] {logging_mixin.py:188} INFO - passes: 1
[2024-08-02T21:29:53.001+0000] {logging_mixin.py:188} INFO - taiwan: 1
[2024-08-02T21:29:53.001+0000] {logging_mixin.py:188} INFO - strait: 1
[2024-08-02T21:29:53.002+0000] {logging_mixin.py:188} INFO - hmcs: 1
[2024-08-02T21:29:53.002+0000] {logging_mixin.py:188} INFO - montreal: 1
[2024-08-02T21:29:53.002+0000] {logging_mixin.py:188} INFO - was: 1
[2024-08-02T21:29:53.003+0000] {logging_mixin.py:188} INFO - conducting: 1
[2024-08-02T21:29:53.003+0000] {logging_mixin.py:188} INFO - routine: 1
[2024-08-02T21:29:53.003+0000] {logging_mixin.py:188} INFO - transit,: 1
[2024-08-02T21:29:53.003+0000] {logging_mixin.py:188} INFO - ottawa: 1
[2024-08-02T21:29:53.004+0000] {logging_mixin.py:188} INFO - sayscanadian: 1
[2024-08-02T21:29:53.004+0000] {logging_mixin.py:188} INFO - encounters: 1
[2024-08-02T21:29:53.004+0000] {logging_mixin.py:188} INFO - chinese: 1
[2024-08-02T21:29:53.005+0000] {logging_mixin.py:188} INFO - research: 1
[2024-08-02T21:29:53.005+0000] {logging_mixin.py:188} INFO - vessel: 1
[2024-08-02T21:29:53.005+0000] {logging_mixin.py:188} INFO - arctic,: 1
[2024-08-02T21:29:53.005+0000] {logging_mixin.py:188} INFO - competitors: 1
[2024-08-02T21:29:53.006+0000] {logging_mixin.py:188} INFO - 'probing': 1
[2024-08-02T21:29:53.006+0000] {logging_mixin.py:188} INFO - infrastructurezimbabwe: 1
[2024-08-02T21:29:53.006+0000] {logging_mixin.py:188} INFO - ready: 1
[2024-08-02T21:29:53.007+0000] {logging_mixin.py:188} INFO - crush: 1
[2024-08-02T21:29:53.007+0000] {logging_mixin.py:188} INFO - dissent: 1
[2024-08-02T21:29:53.007+0000] {logging_mixin.py:188} INFO - ahead: 1
[2024-08-02T21:29:53.007+0000] {logging_mixin.py:188} INFO - sadc: 1
[2024-08-02T21:29:53.008+0000] {logging_mixin.py:188} INFO - summit,: 1
[2024-08-02T21:29:53.008+0000] {logging_mixin.py:188} INFO - govt: 1
[2024-08-02T21:29:53.008+0000] {logging_mixin.py:188} INFO - saysun: 1
[2024-08-02T21:29:53.009+0000] {logging_mixin.py:188} INFO - hunger: 1
[2024-08-02T21:29:53.009+0000] {logging_mixin.py:188} INFO - map:: 1
[2024-08-02T21:29:53.009+0000] {logging_mixin.py:188} INFO - 2023: 1
[2024-08-02T21:29:53.009+0000] {logging_mixin.py:188} INFO - severe: 1
[2024-08-02T21:29:53.010+0000] {logging_mixin.py:188} INFO - food: 1
[2024-08-02T21:29:53.010+0000] {logging_mixin.py:188} INFO - insecurity: 1
[2024-08-02T21:29:53.010+0000] {logging_mixin.py:188} INFO - drops: 1
[2024-08-02T21:29:53.010+0000] {logging_mixin.py:188} INFO - 85%: 1
[2024-08-02T21:29:53.011+0000] {logging_mixin.py:188} INFO - brazil$10m: 1
[2024-08-02T21:29:53.011+0000] {logging_mixin.py:188} INFO - cash: 1
[2024-08-02T21:29:53.011+0000] {logging_mixin.py:188} INFO - withdrawal: 1
[2024-08-02T21:29:53.012+0000] {logging_mixin.py:188} INFO - drove: 1
[2024-08-02T21:29:53.012+0000] {logging_mixin.py:188} INFO - secret: 1
[2024-08-02T21:29:53.012+0000] {logging_mixin.py:188} INFO - took: 1
[2024-08-02T21:29:53.013+0000] {logging_mixin.py:188} INFO - money: 1
[2024-08-02T21:29:53.013+0000] {logging_mixin.py:188} INFO - egyptfrance: 1
[2024-08-02T21:29:53.013+0000] {logging_mixin.py:188} INFO - investigates: 1
[2024-08-02T21:29:53.013+0000] {logging_mixin.py:188} INFO - death: 1
[2024-08-02T21:29:53.014+0000] {logging_mixin.py:188} INFO - threats: 1
[2024-08-02T21:29:53.014+0000] {logging_mixin.py:188} INFO - ceremony: 1
[2024-08-02T21:29:53.014+0000] {logging_mixin.py:188} INFO - directorfrance: 1
[2024-08-02T21:29:53.014+0000] {logging_mixin.py:188} INFO - formally: 1
[2024-08-02T21:29:53.015+0000] {logging_mixin.py:188} INFO - advised: 1
[2024-08-02T21:29:53.015+0000] {logging_mixin.py:188} INFO - citizen: 1
[2024-08-02T21:29:53.015+0000] {logging_mixin.py:188} INFO - travelling: 1
[2024-08-02T21:29:53.016+0000] {logging_mixin.py:188} INFO - french: 1
[2024-08-02T21:29:53.016+0000] {logging_mixin.py:188} INFO - citizens: 1
[2024-08-02T21:29:53.016+0000] {logging_mixin.py:188} INFO - still: 1
[2024-08-02T21:29:53.016+0000] {logging_mixin.py:188} INFO - possible: 1
[2024-08-02T21:29:53.017+0000] {logging_mixin.py:188} INFO - due: 1
[2024-08-02T21:29:53.017+0000] {logging_mixin.py:188} INFO - risk: 1
[2024-08-02T21:29:53.017+0000] {logging_mixin.py:188} INFO - regionnigerians: 1
[2024-08-02T21:29:53.018+0000] {logging_mixin.py:188} INFO - 'bad: 1
[2024-08-02T21:29:53.018+0000] {logging_mixin.py:188} INFO - governance',: 1
[2024-08-02T21:29:53.018+0000] {logging_mixin.py:188} INFO - cost: 1
[2024-08-02T21:29:53.018+0000] {logging_mixin.py:188} INFO - living,: 1
[2024-08-02T21:29:53.019+0000] {logging_mixin.py:188} INFO - runaway: 1
[2024-08-02T21:29:53.019+0000] {logging_mixin.py:188} INFO - inflation: 1
[2024-08-02T21:29:53.019+0000] {logging_mixin.py:188} INFO - semaforpolish: 1
[2024-08-02T21:29:53.020+0000] {logging_mixin.py:188} INFO - criticises: 1
[2024-08-02T21:29:53.020+0000] {logging_mixin.py:188} INFO - release: 1
[2024-08-02T21:29:53.020+0000] {logging_mixin.py:188} INFO - poles: 1
[2024-08-02T21:29:53.021+0000] {logging_mixin.py:188} INFO - remain: 1
[2024-08-02T21:29:53.021+0000] {logging_mixin.py:188} INFO - belarus(uk): 1
[2024-08-02T21:29:53.021+0000] {logging_mixin.py:188} INFO - chester: 1
[2024-08-02T21:29:53.021+0000] {logging_mixin.py:188} INFO - zoo: 1
[2024-08-02T21:29:53.022+0000] {logging_mixin.py:188} INFO - hails: 1
[2024-08-02T21:29:53.022+0000] {logging_mixin.py:188} INFO - birth: 1
[2024-08-02T21:29:53.022+0000] {logging_mixin.py:188} INFO - 'one: 1
[2024-08-02T21:29:53.023+0000] {logging_mixin.py:188} INFO - world's: 1
[2024-08-02T21:29:53.023+0000] {logging_mixin.py:188} INFO - rarest: 1
[2024-08-02T21:29:53.023+0000] {logging_mixin.py:188} INFO - animals'hezbollah: 1
[2024-08-02T21:29:53.023+0000] {logging_mixin.py:188} INFO - started: 1
[2024-08-02T21:29:53.024+0000] {logging_mixin.py:188} INFO - evacuating: 1
[2024-08-02T21:29:53.024+0000] {logging_mixin.py:188} INFO - headquarters: 1
[2024-08-02T21:29:53.024+0000] {logging_mixin.py:188} INFO - dahieh: 1
[2024-08-02T21:29:53.025+0000] {logging_mixin.py:188} INFO - district: 1
[2024-08-02T21:29:53.025+0000] {logging_mixin.py:188} INFO - fears: 1
[2024-08-02T21:29:53.025+0000] {logging_mixin.py:188} INFO - escalating: 1
[2024-08-02T21:29:53.025+0000] {logging_mixin.py:188} INFO - war: 1
[2024-08-02T21:29:53.026+0000] {logging_mixin.py:188} INFO - israelchildren: 1
[2024-08-02T21:29:53.026+0000] {logging_mixin.py:188} INFO - sleeper: 1
[2024-08-02T21:29:53.026+0000] {logging_mixin.py:188} INFO - agents: 1
[2024-08-02T21:29:53.027+0000] {logging_mixin.py:188} INFO - learned: 1
[2024-08-02T21:29:53.027+0000] {logging_mixin.py:188} INFO - were: 1
[2024-08-02T21:29:53.027+0000] {logging_mixin.py:188} INFO - russians: 1
[2024-08-02T21:29:53.027+0000] {logging_mixin.py:188} INFO - flight,: 1
[2024-08-02T21:29:53.028+0000] {logging_mixin.py:188} INFO - saysrussian: 1
[2024-08-02T21:29:53.028+0000] {logging_mixin.py:188} INFO - lawmaker: 1
[2024-08-02T21:29:53.028+0000] {logging_mixin.py:188} INFO - arrested: 1
[2024-08-02T21:29:53.029+0000] {logging_mixin.py:188} INFO - murder: 1
[2024-08-02T21:29:53.029+0000] {logging_mixin.py:188} INFO - plotbangladesh: 1
[2024-08-02T21:29:53.029+0000] {logging_mixin.py:188} INFO - 10,000: 1
[2024-08-02T21:29:53.029+0000] {logging_mixin.py:188} INFO - guardianjavan: 1
[2024-08-02T21:29:53.030+0000] {logging_mixin.py:188} INFO - poaching: 1
[2024-08-02T21:29:53.030+0000] {logging_mixin.py:188} INFO - saga: 1
[2024-08-02T21:29:53.030+0000] {logging_mixin.py:188} INFO - reveals: 1
[2024-08-02T21:29:53.031+0000] {logging_mixin.py:188} INFO - serious: 1
[2024-08-02T21:29:53.031+0000] {logging_mixin.py:188} INFO - lapse:: 1
[2024-08-02T21:29:53.031+0000] {logging_mixin.py:188} INFO - an: 1
[2024-08-02T21:29:53.031+0000] {logging_mixin.py:188} INFO - discovered: 1
[2024-08-02T21:29:53.032+0000] {logging_mixin.py:188} INFO - these: 1
[2024-08-02T21:29:53.032+0000] {logging_mixin.py:188} INFO - organized: 1
[2024-08-02T21:29:53.032+0000] {logging_mixin.py:188} INFO - accessed: 1
[2024-08-02T21:29:53.032+0000] {logging_mixin.py:188} INFO - inside: 1
[2024-08-02T21:29:53.033+0000] {logging_mixin.py:188} INFO - information: 1
[2024-08-02T21:29:53.033+0000] {logging_mixin.py:188} INFO - movements: 1
[2024-08-02T21:29:53.033+0000] {logging_mixin.py:188} INFO - past: 1
[2024-08-02T21:29:53.034+0000] {logging_mixin.py:188} INFO - ties: 1
[2024-08-02T21:29:53.034+0000] {logging_mixin.py:188} INFO - canada: 1
[2024-08-02T21:29:53.034+0000] {logging_mixin.py:188} INFO - concludes: 1
[2024-08-02T21:29:53.034+0000] {logging_mixin.py:188} INFO - negotiations: 1
[2024-08-02T21:29:53.035+0000] {logging_mixin.py:188} INFO - space: 1
[2024-08-02T21:29:53.035+0000] {logging_mixin.py:188} INFO - launch: 1
[2024-08-02T21:29:53.035+0000] {logging_mixin.py:188} INFO - technologyhezbollah: 1
[2024-08-02T21:29:53.035+0000] {logging_mixin.py:188} INFO - reportairlines: 1
[2024-08-02T21:29:53.036+0000] {logging_mixin.py:188} INFO - some: 1
[2024-08-02T21:29:53.036+0000] {logging_mixin.py:188} INFO - mideast: 1
[2024-08-02T21:29:53.036+0000] {logging_mixin.py:188} INFO - airspace,: 1
[2024-08-02T21:29:53.037+0000] {logging_mixin.py:188} INFO - cancel: 1
[2024-08-02T21:29:53.037+0000] {logging_mixin.py:188} INFO - flights: 1
[2024-08-02T21:29:53.037+0000] {logging_mixin.py:188} INFO - tensions: 1
[2024-08-02T21:29:53.038+0000] {logging_mixin.py:188} INFO - mountvenezuela’s: 1
[2024-08-02T21:29:53.038+0000] {logging_mixin.py:188} INFO - audit: 1
[2024-08-02T21:29:53.038+0000] {logging_mixin.py:188} INFO - election,: 1
[2024-08-02T21:29:53.038+0000] {logging_mixin.py:188} INFO - observers: 1
[2024-08-02T21:29:53.039+0000] {logging_mixin.py:188} INFO - cry: 1
[2024-08-02T21:29:53.039+0000] {logging_mixin.py:188} INFO - fouloutcry: 1
[2024-08-02T21:29:53.039+0000] {logging_mixin.py:188} INFO - turkish: 1
[2024-08-02T21:29:53.040+0000] {logging_mixin.py:188} INFO - embassy: 1
[2024-08-02T21:29:53.040+0000] {logging_mixin.py:188} INFO - lowers: 1
[2024-08-02T21:29:53.040+0000] {logging_mixin.py:188} INFO - flag: 1
[2024-08-02T21:29:53.040+0000] {logging_mixin.py:188} INFO - honor: 1
[2024-08-02T21:29:53.041+0000] {logging_mixin.py:188} INFO - haniyeh;: 1
[2024-08-02T21:29:53.041+0000] {logging_mixin.py:188} INFO - envoy: 1
[2024-08-02T21:29:53.041+0000] {logging_mixin.py:188} INFO - summonedin: 1
[2024-08-02T21:29:53.042+0000] {logging_mixin.py:188} INFO - apparent: 1
[2024-08-02T21:29:53.042+0000] {logging_mixin.py:188} INFO - war,: 1
[2024-08-02T21:29:53.042+0000] {logging_mixin.py:188} INFO - hezbollah: 1
[2024-08-02T21:29:53.042+0000] {logging_mixin.py:188} INFO - command: 1
[2024-08-02T21:29:53.043+0000] {logging_mixin.py:188} INFO - stronghold: 1
[2024-08-02T21:29:53.043+0000] {logging_mixin.py:188} INFO - i24newsodesa's: 1
[2024-08-02T21:29:53.043+0000] {logging_mixin.py:188} INFO - street: 1
[2024-08-02T21:29:53.044+0000] {logging_mixin.py:188} INFO - names: 1
[2024-08-02T21:29:53.044+0000] {logging_mixin.py:188} INFO - should: 1
[2024-08-02T21:29:53.044+0000] {logging_mixin.py:188} INFO - renamed: 1
[2024-08-02T21:29:53.044+0000] {logging_mixin.py:188} INFO - 'living: 1
[2024-08-02T21:29:53.045+0000] {logging_mixin.py:188} INFO - past,': 1
[2024-08-02T21:29:53.045+0000] {logging_mixin.py:188} INFO - arguesisraelis: 1
[2024-08-02T21:29:53.045+0000] {logging_mixin.py:188} INFO - brace: 1
[2024-08-02T21:29:53.046+0000] {logging_mixin.py:188} INFO - thousand-rocket,: 1
[2024-08-02T21:29:53.046+0000] {logging_mixin.py:188} INFO - multi-proxy: 1
[2024-08-02T21:29:53.046+0000] {logging_mixin.py:188} INFO - attackrussia-west: 1
[2024-08-02T21:29:53.046+0000] {logging_mixin.py:188} INFO - exchange:: 1
[2024-08-02T21:29:53.047+0000] {logging_mixin.py:188} INFO - admits: 1
[2024-08-02T21:29:53.047+0000] {logging_mixin.py:188} INFO - killer: 1
[2024-08-02T21:29:53.047+0000] {logging_mixin.py:188} INFO - krasikov: 1
[2024-08-02T21:29:53.048+0000] {logging_mixin.py:188} INFO - fsb: 1
[2024-08-02T21:29:53.048+0000] {logging_mixin.py:188} INFO - agentchina: 1
[2024-08-02T21:29:53.048+0000] {logging_mixin.py:188} INFO - start: 1
[2024-08-02T21:29:53.049+0000] {logging_mixin.py:188} INFO - setting: 1
[2024-08-02T21:29:53.049+0000] {logging_mixin.py:188} INFO - hard: 1
[2024-08-02T21:29:53.050+0000] {logging_mixin.py:188} INFO - targets: 1
[2024-08-02T21:29:53.050+0000] {logging_mixin.py:188} INFO - cutting: 1
[2024-08-02T21:29:53.050+0000] {logging_mixin.py:188} INFO - emissionsrussian: 1
[2024-08-02T21:29:53.050+0000] {logging_mixin.py:188} INFO - hackers: 1
[2024-08-02T21:29:53.051+0000] {logging_mixin.py:188} INFO - appear: 1
[2024-08-02T21:29:53.051+0000] {logging_mixin.py:188} INFO - diplomats: 1
[2024-08-02T21:29:53.051+0000] {logging_mixin.py:188} INFO - fake: 1
[2024-08-02T21:29:53.051+0000] {logging_mixin.py:188} INFO - car: 1
[2024-08-02T21:29:53.052+0000] {logging_mixin.py:188} INFO - adsbangladesh: 1
[2024-08-02T21:29:53.052+0000] {logging_mixin.py:188} INFO - become: 1
[2024-08-02T21:29:53.052+0000] {logging_mixin.py:188} INFO - ‘people’s: 1
[2024-08-02T21:29:53.053+0000] {logging_mixin.py:188} INFO - uprising’: 1
[2024-08-02T21:29:53.053+0000] {logging_mixin.py:188} INFO - brutal: 1
[2024-08-02T21:29:53.053+0000] {logging_mixin.py:188} INFO - crackdownchinese: 1
[2024-08-02T21:29:53.054+0000] {logging_mixin.py:188} INFO - veteran's: 1
[2024-08-02T21:29:53.054+0000] {logging_mixin.py:188} INFO - downtown: 1
[2024-08-02T21:29:53.054+0000] {logging_mixin.py:188} INFO - beijing: 1
[2024-08-02T21:29:53.054+0000] {logging_mixin.py:188} INFO - causes: 1
[2024-08-02T21:29:53.055+0000] {logging_mixin.py:188} INFO - stirminister: 1
[2024-08-02T21:29:53.055+0000] {logging_mixin.py:188} INFO - 'additional: 1
[2024-08-02T21:29:53.055+0000] {logging_mixin.py:188} INFO - checks': 1
[2024-08-02T21:29:53.056+0000] {logging_mixin.py:188} INFO - company: 1
[2024-08-02T21:29:53.056+0000] {logging_mixin.py:188} INFO - tender: 1
[2024-08-02T21:29:53.056+0000] {logging_mixin.py:188} INFO - rebuild: 1
[2024-08-02T21:29:53.057+0000] {logging_mixin.py:188} INFO - children's: 1
[2024-08-02T21:29:53.057+0000] {logging_mixin.py:188} INFO - hospital: 1
[2024-08-02T21:29:53.057+0000] {logging_mixin.py:188} INFO - inflated: 1
[2024-08-02T21:29:53.058+0000] {logging_mixin.py:188} INFO - pricemontreal: 1
[2024-08-02T21:29:53.058+0000] {logging_mixin.py:188} INFO - man: 1
[2024-08-02T21:29:53.058+0000] {logging_mixin.py:188} INFO - launches: 1
[2024-08-02T21:29:53.058+0000] {logging_mixin.py:188} INFO - class-action: 1
[2024-08-02T21:29:53.059+0000] {logging_mixin.py:188} INFO - lawsuit: 1
[2024-08-02T21:29:53.059+0000] {logging_mixin.py:188} INFO - platforms: 1
[2024-08-02T21:29:53.059+0000] {logging_mixin.py:188} INFO - too: 1
[2024-08-02T21:29:53.060+0000] {logging_mixin.py:188} INFO - addictive: 1
[2024-08-02T21:29:53.060+0000] {logging_mixin.py:188} INFO - masterminded: 1
[2024-08-02T21:29:53.060+0000] {logging_mixin.py:188} INFO - anti-israel: 1
[2024-08-02T21:29:53.060+0000] {logging_mixin.py:188} INFO - universityphilippines,: 1
[2024-08-02T21:29:53.061+0000] {logging_mixin.py:188} INFO - japan: 1
[2024-08-02T21:29:53.061+0000] {logging_mixin.py:188} INFO - militaries: 1
[2024-08-02T21:29:53.062+0000] {logging_mixin.py:188} INFO - seapolish: 1
[2024-08-02T21:29:53.062+0000] {logging_mixin.py:188} INFO - supreme: 1
[2024-08-02T21:29:53.062+0000] {logging_mixin.py:188} INFO - acquits: 1
[2024-08-02T21:29:53.063+0000] {logging_mixin.py:188} INFO - politician: 1
[2024-08-02T21:29:53.063+0000] {logging_mixin.py:188} INFO - offending: 1
[2024-08-02T21:29:53.063+0000] {logging_mixin.py:188} INFO - religious: 1
[2024-08-02T21:29:53.064+0000] {logging_mixin.py:188} INFO - feelings: 1
[2024-08-02T21:29:53.064+0000] {logging_mixin.py:188} INFO - church: 1
[2024-08-02T21:29:53.064+0000] {logging_mixin.py:188} INFO - abortion: 1
[2024-08-02T21:29:53.064+0000] {logging_mixin.py:188} INFO - protestisraeli: 1
[2024-08-02T21:29:53.065+0000] {logging_mixin.py:188} INFO - iraneight: 1
[2024-08-02T21:29:53.065+0000] {logging_mixin.py:188} INFO - indians: 1
[2024-08-02T21:29:53.065+0000] {logging_mixin.py:188} INFO - fighting: 1
[2024-08-02T21:29:53.066+0000] {logging_mixin.py:188} INFO - armycanada: 1
[2024-08-02T21:29:53.066+0000] {logging_mixin.py:188} INFO - preparing: 1
[2024-08-02T21:29:53.066+0000] {logging_mixin.py:188} INFO - unveil: 1
[2024-08-02T21:29:53.067+0000] {logging_mixin.py:188} INFO - suite: 1
[2024-08-02T21:29:53.067+0000] {logging_mixin.py:188} INFO - measures: 1
[2024-08-02T21:29:53.067+0000] {logging_mixin.py:188} INFO - clamp: 1
[2024-08-02T21:29:53.067+0000] {logging_mixin.py:188} INFO - down: 1
[2024-08-02T21:29:53.068+0000] {logging_mixin.py:188} INFO - uncapped: 1
[2024-08-02T21:29:53.068+0000] {logging_mixin.py:188} INFO - programs: 1
[2024-08-02T21:29:53.068+0000] {logging_mixin.py:188} INFO - immigration:: 1
[2024-08-02T21:29:53.069+0000] {logging_mixin.py:188} INFO - report55: 1
[2024-08-02T21:29:53.069+0000] {logging_mixin.py:188} INFO - indigenous,: 1
[2024-08-02T21:29:53.069+0000] {logging_mixin.py:188} INFO - ethno: 1
[2024-08-02T21:29:53.070+0000] {logging_mixin.py:188} INFO - labeled: 1
[2024-08-02T21:29:53.070+0000] {logging_mixin.py:188} INFO - extremists: 1
[2024-08-02T21:29:53.070+0000] {logging_mixin.py:188} INFO - justiceidf: 1
[2024-08-02T21:29:53.070+0000] {logging_mixin.py:188} INFO - kills: 1
[2024-08-02T21:29:53.071+0000] {logging_mixin.py:188} INFO - palestinian: 1
[2024-08-02T21:29:53.071+0000] {logging_mixin.py:188} INFO - islamic: 1
[2024-08-02T21:29:53.071+0000] {logging_mixin.py:188} INFO - jihad: 1
[2024-08-02T21:29:53.072+0000] {logging_mixin.py:188} INFO - deputy: 1
[2024-08-02T21:29:53.072+0000] {logging_mixin.py:188} INFO - weapons: 1
[2024-08-02T21:29:53.072+0000] {logging_mixin.py:188} INFO - production: 1
[2024-08-02T21:29:53.072+0000] {logging_mixin.py:188} INFO - head: 1
[2024-08-02T21:29:53.073+0000] {logging_mixin.py:188} INFO - mohammed: 1
[2024-08-02T21:29:53.073+0000] {logging_mixin.py:188} INFO - al-jabarikim: 1
[2024-08-02T21:29:53.073+0000] {logging_mixin.py:188} INFO - jong: 1
[2024-08-02T21:29:53.074+0000] {logging_mixin.py:188} INFO - un: 1
[2024-08-02T21:29:53.074+0000] {logging_mixin.py:188} INFO - wants: 1
[2024-08-02T21:29:53.074+0000] {logging_mixin.py:188} INFO - back,: 1
[2024-08-02T21:29:53.074+0000] {logging_mixin.py:188} INFO - elite: 1
[2024-08-02T21:29:53.075+0000] {logging_mixin.py:188} INFO - defector: 1
[2024-08-02T21:29:53.075+0000] {logging_mixin.py:188} INFO - tells: 1
[2024-08-02T21:29:53.075+0000] {logging_mixin.py:188} INFO - bbchamas: 1
[2024-08-02T21:29:53.076+0000] {logging_mixin.py:188} INFO - chief: 1
[2024-08-02T21:29:53.076+0000] {logging_mixin.py:188} INFO - haniyeh's: 1
[2024-08-02T21:29:53.076+0000] {logging_mixin.py:188} INFO - 'doesn't: 1
[2024-08-02T21:29:53.076+0000] {logging_mixin.py:188} INFO - help': 1
[2024-08-02T21:29:53.077+0000] {logging_mixin.py:188} INFO - ceasefire: 1
[2024-08-02T21:29:53.077+0000] {logging_mixin.py:188} INFO - talks,: 1
[2024-08-02T21:29:53.077+0000] {logging_mixin.py:188} INFO - bidenphilippines: 1
[2024-08-02T21:29:53.078+0000] {logging_mixin.py:188} INFO - president: 1
[2024-08-02T21:29:53.078+0000] {logging_mixin.py:188} INFO - ferdinand: 1
[2024-08-02T21:29:53.078+0000] {logging_mixin.py:188} INFO - marcos: 1
[2024-08-02T21:29:53.078+0000] {logging_mixin.py:188} INFO - jr.: 1
[2024-08-02T21:29:53.079+0000] {logging_mixin.py:188} INFO - public: 1
[2024-08-02T21:29:53.079+0000] {logging_mixin.py:188} INFO - love: 1
[2024-08-02T21:29:53.079+0000] {logging_mixin.py:188} INFO - country’s: 1
[2024-08-02T21:29:53.080+0000] {logging_mixin.py:188} INFO - languagecosta: 1
[2024-08-02T21:29:53.080+0000] {logging_mixin.py:188} INFO - rica: 1
[2024-08-02T21:29:53.080+0000] {logging_mixin.py:188} INFO - prepared: 1
[2024-08-02T21:29:53.080+0000] {logging_mixin.py:188} INFO - offer: 1
[2024-08-02T21:29:53.081+0000] {logging_mixin.py:188} INFO - asylum: 1
[2024-08-02T21:29:53.081+0000] {logging_mixin.py:188} INFO - venezuelan: 1
[2024-08-02T21:29:53.081+0000] {logging_mixin.py:188} INFO - leaders,: 1
[2024-08-02T21:29:53.082+0000] {logging_mixin.py:188} INFO - minister: 1
[2024-08-02T21:29:53.082+0000] {logging_mixin.py:188} INFO - saysbleak: 1
[2024-08-02T21:29:53.082+0000] {logging_mixin.py:188} INFO - prospect: 1
[2024-08-02T21:29:53.082+0000] {logging_mixin.py:188} INFO - ceding: 1
[2024-08-02T21:29:53.083+0000] {logging_mixin.py:188} INFO - territory: 1
[2024-08-02T21:29:53.083+0000] {logging_mixin.py:188} INFO - russia: 1
[2024-08-02T21:29:53.083+0000] {logging_mixin.py:188} INFO - bring: 1
[2024-08-02T21:29:53.084+0000] {logging_mixin.py:188} INFO - peacephilippines,: 1
[2024-08-02T21:29:53.084+0000] {logging_mixin.py:188} INFO - west: 1
[2024-08-02T21:29:53.084+0000] {logging_mixin.py:188} INFO - philippine: 1
[2024-08-02T21:29:53.084+0000] {logging_mixin.py:188} INFO - seavietnam,: 1
[2024-08-02T21:29:53.085+0000] {logging_mixin.py:188} INFO - philippines: 1
[2024-08-02T21:29:53.085+0000] {logging_mixin.py:188} INFO - exercisesrain: 1
[2024-08-02T21:29:53.085+0000] {logging_mixin.py:188} INFO - disasters: 1
[2024-08-02T21:29:53.086+0000] {logging_mixin.py:188} INFO - have: 1
[2024-08-02T21:29:53.086+0000] {logging_mixin.py:188} INFO - 200: 1
[2024-08-02T21:29:53.086+0000] {logging_mixin.py:188} INFO - across: 1
[2024-08-02T21:29:53.087+0000] {logging_mixin.py:188} INFO - asia: 1
[2024-08-02T21:29:53.087+0000] {logging_mixin.py:188} INFO - weekgershkovich,: 1
[2024-08-02T21:29:53.087+0000] {logging_mixin.py:188} INFO - other: 1
[2024-08-02T21:29:53.087+0000] {logging_mixin.py:188} INFO - met: 1
[2024-08-02T21:29:53.088+0000] {logging_mixin.py:188} INFO - families,: 1
[2024-08-02T21:29:53.088+0000] {logging_mixin.py:188} INFO - biden: 1
[2024-08-02T21:29:53.088+0000] {logging_mixin.py:188} INFO - harris: 1
[2024-08-02T21:29:53.089+0000] {logging_mixin.py:188} INFO - land: 1
[2024-08-02T21:29:53.089+0000] {logging_mixin.py:188} INFO - uscurfew: 1
[2024-08-02T21:29:53.089+0000] {logging_mixin.py:188} INFO - imposed: 1
[2024-08-02T21:29:53.089+0000] {logging_mixin.py:188} INFO - shots: 1
[2024-08-02T21:29:53.090+0000] {logging_mixin.py:188} INFO - fired: 1
[2024-08-02T21:29:53.090+0000] {logging_mixin.py:188} INFO - kano: 1
[2024-08-02T21:29:53.090+0000] {logging_mixin.py:188} INFO - 'hunger': 1
[2024-08-02T21:29:53.090+0000] {logging_mixin.py:188} INFO - demonstratorsblinken:: 1
[2024-08-02T21:29:53.091+0000] {logging_mixin.py:188} INFO - overwhelming: 1
[2024-08-02T21:29:53.091+0000] {logging_mixin.py:188} INFO - evidence: 1
[2024-08-02T21:29:53.091+0000] {logging_mixin.py:188} INFO - electionbbc: 1
[2024-08-02T21:29:53.092+0000] {logging_mixin.py:188} INFO - executive: 1
[2024-08-02T21:29:53.092+0000] {logging_mixin.py:188} INFO - dismisses: 1
[2024-08-02T21:29:53.092+0000] {logging_mixin.py:188} INFO - letter: 1
[2024-08-02T21:29:53.092+0000] {logging_mixin.py:188} INFO - staff: 1
[2024-08-02T21:29:53.093+0000] {logging_mixin.py:188} INFO - highlighting: 1
[2024-08-02T21:29:53.093+0000] {logging_mixin.py:188} INFO - systemic: 1
[2024-08-02T21:29:53.093+0000] {logging_mixin.py:188} INFO - antisemitism: 1
[2024-08-02T21:29:53.094+0000] {logging_mixin.py:188} INFO - networkbrittany: 1
[2024-08-02T21:29:53.094+0000] {logging_mixin.py:188} INFO - higgins:: 1
[2024-08-02T21:29:53.094+0000] {logging_mixin.py:188} INFO - australian: 1
[2024-08-02T21:29:53.094+0000] {logging_mixin.py:188} INFO - senator: 1
[2024-08-02T21:29:53.095+0000] {logging_mixin.py:188} INFO - sues: 1
[2024-08-02T21:29:53.095+0000] {logging_mixin.py:188} INFO - rape: 1
[2024-08-02T21:29:53.095+0000] {logging_mixin.py:188} INFO - victimturkey: 1
[2024-08-02T21:29:53.095+0000] {logging_mixin.py:188} INFO - blocks: 1
[2024-08-02T21:29:53.096+0000] {logging_mixin.py:188} INFO - instagram: 1
[2024-08-02T21:29:53.096+0000] {logging_mixin.py:188} INFO - ‘censorship’: 1
[2024-08-02T21:29:53.096+0000] {logging_mixin.py:188} INFO - rowturkey's: 1
[2024-08-02T21:29:53.097+0000] {logging_mixin.py:188} INFO - erdogan: 1
[2024-08-02T21:29:53.097+0000] {logging_mixin.py:188} INFO - declares: 1
[2024-08-02T21:29:53.097+0000] {logging_mixin.py:188} INFO - aug: 1
[2024-08-02T21:29:53.097+0000] {logging_mixin.py:188} INFO - 2: 1
[2024-08-02T21:29:53.098+0000] {logging_mixin.py:188} INFO - mourning: 1
[2024-08-02T21:29:53.098+0000] {logging_mixin.py:188} INFO - chiefbomb: 1
[2024-08-02T21:29:53.098+0000] {logging_mixin.py:188} INFO - smuggled: 1
[2024-08-02T21:29:53.099+0000] {logging_mixin.py:188} INFO - tehran: 1
[2024-08-02T21:29:53.099+0000] {logging_mixin.py:188} INFO - guesthouse: 1
[2024-08-02T21:29:53.099+0000] {logging_mixin.py:188} INFO - months: 1
[2024-08-02T21:29:53.100+0000] {logging_mixin.py:188} INFO - ago: 1
[2024-08-02T21:29:53.100+0000] {logging_mixin.py:188} INFO - leadershelling,: 1
[2024-08-02T21:29:53.100+0000] {logging_mixin.py:188} INFO - drones: 1
[2024-08-02T21:29:53.100+0000] {logging_mixin.py:188} INFO - civilians: 1
[2024-08-02T21:29:53.101+0000] {logging_mixin.py:188} INFO - pleads: 1
[2024-08-02T21:29:53.101+0000] {logging_mixin.py:188} INFO - ok: 1
[2024-08-02T21:29:53.101+0000] {logging_mixin.py:188} INFO - deeper: 1
[2024-08-02T21:29:53.102+0000] {logging_mixin.py:188} INFO - russiagermany's: 1
[2024-08-02T21:29:53.102+0000] {logging_mixin.py:188} INFO - pistorius: 1
[2024-08-02T21:29:53.102+0000] {logging_mixin.py:188} INFO - talks: 1
[2024-08-02T21:29:53.102+0000] {logging_mixin.py:188} INFO - middle: 1
[2024-08-02T21:29:53.103+0000] {logging_mixin.py:188} INFO - east,: 1
[2024-08-02T21:29:53.103+0000] {logging_mixin.py:188} INFO - indo-pacific: 1
[2024-08-02T21:29:53.103+0000] {logging_mixin.py:188} INFO - dwargentina: 1
[2024-08-02T21:29:53.103+0000] {logging_mixin.py:188} INFO - ai: 1
[2024-08-02T21:29:53.104+0000] {logging_mixin.py:188} INFO - ‘predict: 1
[2024-08-02T21:29:53.104+0000] {logging_mixin.py:188} INFO - future: 1
[2024-08-02T21:29:53.104+0000] {logging_mixin.py:188} INFO - crimes’: 1
[2024-08-02T21:29:53.105+0000] {logging_mixin.py:188} INFO - experts: 1
[2024-08-02T21:29:53.105+0000] {logging_mixin.py:188} INFO - worry: 1
[2024-08-02T21:29:53.105+0000] {logging_mixin.py:188} INFO - citizens’: 1
[2024-08-02T21:29:53.105+0000] {logging_mixin.py:188} INFO - rights: 1
[2024-08-02T21:29:53.106+0000] {logging_mixin.py:188} INFO - argentinalondon: 1
[2024-08-02T21:29:53.106+0000] {logging_mixin.py:188} INFO - stock: 1
[2024-08-02T21:29:53.106+0000] {logging_mixin.py:188} INFO - denies: 1
[2024-08-02T21:29:53.107+0000] {logging_mixin.py:188} INFO - lowering: 1
[2024-08-02T21:29:53.107+0000] {logging_mixin.py:188} INFO - standards: 1
[2024-08-02T21:29:53.107+0000] {logging_mixin.py:188} INFO - win: 1
[2024-08-02T21:29:53.107+0000] {logging_mixin.py:188} INFO - shein: 1
[2024-08-02T21:29:53.108+0000] {logging_mixin.py:188} INFO - ipo3: 1
[2024-08-02T21:29:53.108+0000] {logging_mixin.py:188} INFO - newly: 1
[2024-08-02T21:29:53.108+0000] {logging_mixin.py:188} INFO - americans: 1
[2024-08-02T21:29:53.108+0000] {logging_mixin.py:188} INFO - back: 1
[2024-08-02T21:29:53.109+0000] {logging_mixin.py:188} INFO - soil: 1
[2024-08-02T21:29:53.109+0000] {logging_mixin.py:188} INFO - landmark: 1
[2024-08-02T21:29:53.109+0000] {logging_mixin.py:188} INFO - russia/r/worldnews: 1
[2024-08-02T21:29:53.110+0000] {logging_mixin.py:188} INFO - thread:: 1
[2024-08-02T21:29:53.110+0000] {logging_mixin.py:188} INFO - invasion: 1
[2024-08-02T21:29:53.110+0000] {logging_mixin.py:188} INFO - 890,: 1
[2024-08-02T21:29:53.110+0000] {logging_mixin.py:188} INFO - part: 1
[2024-08-02T21:29:53.111+0000] {logging_mixin.py:188} INFO - 1: 1
[2024-08-02T21:29:53.111+0000] {logging_mixin.py:188} INFO - (thread: 1
[2024-08-02T21:29:53.111+0000] {logging_mixin.py:188} INFO - #1037)fears: 1
[2024-08-02T21:29:53.112+0000] {logging_mixin.py:188} INFO - rise: 1
[2024-08-02T21:29:53.112+0000] {logging_mixin.py:188} INFO - diplomatic: 1
[2024-08-02T21:29:53.112+0000] {logging_mixin.py:188} INFO - efforts: 1
[2024-08-02T21:29:53.112+0000] {logging_mixin.py:188} INFO - pressure: 1
[2024-08-02T21:29:53.113+0000] {logging_mixin.py:188} INFO - intensifyhezbollah: 1
[2024-08-02T21:29:53.113+0000] {logging_mixin.py:188} INFO - conflict: 1
[2024-08-02T21:29:53.113+0000] {logging_mixin.py:188} INFO - 'new: 1
[2024-08-02T21:29:53.114+0000] {logging_mixin.py:188} INFO - phase': 1
[2024-08-02T21:29:53.114+0000] {logging_mixin.py:188} INFO - killingsdrone: 1
[2024-08-02T21:29:53.114+0000] {logging_mixin.py:188} INFO - fragments: 1
[2024-08-02T21:29:53.114+0000] {logging_mixin.py:188} INFO - areas: 1
[2024-08-02T21:29:53.115+0000] {logging_mixin.py:188} INFO - sevastopol: 1
[2024-08-02T21:29:53.115+0000] {logging_mixin.py:188} INFO - russian-occupied: 1
[2024-08-02T21:29:53.115+0000] {logging_mixin.py:188} INFO - crimea,: 1
[2024-08-02T21:29:53.116+0000] {logging_mixin.py:188} INFO - saysaustralian: 1
[2024-08-02T21:29:53.116+0000] {logging_mixin.py:188} INFO - make: 1
[2024-08-02T21:29:53.116+0000] {logging_mixin.py:188} INFO - $538: 1
[2024-08-02T21:29:53.117+0000] {logging_mixin.py:188} INFO - million: 1
[2024-08-02T21:29:53.117+0000] {logging_mixin.py:188} INFO - drug: 1
[2024-08-02T21:29:53.117+0000] {logging_mixin.py:188} INFO - seizure: 1
[2024-08-02T21:29:53.118+0000] {logging_mixin.py:188} INFO - machines: 1
[2024-08-02T21:29:53.118+0000] {logging_mixin.py:188} INFO - imported: 1
[2024-08-02T21:29:53.118+0000] {logging_mixin.py:188} INFO - u.s.crimea: 1
[2024-08-02T21:29:53.119+0000] {logging_mixin.py:188} INFO - building: 1
[2024-08-02T21:29:53.119+0000] {logging_mixin.py:188} INFO - evacuated: 1
[2024-08-02T21:29:53.119+0000] {logging_mixin.py:188} INFO - atacms,: 1
[2024-08-02T21:29:53.119+0000] {logging_mixin.py:188} INFO - saysus: 1
[2024-08-02T21:29:53.120+0000] {logging_mixin.py:188} INFO - maduro's: 1
[2024-08-02T21:29:53.120+0000] {logging_mixin.py:188} INFO - opponent: 1
[2024-08-02T21:29:53.120+0000] {logging_mixin.py:188} INFO - electionaustralia: 1
[2024-08-02T21:29:53.121+0000] {logging_mixin.py:188} INFO - did: 1
[2024-08-02T21:29:53.121+0000] {logging_mixin.py:188} INFO - deliberately: 1
[2024-08-02T21:29:53.121+0000] {logging_mixin.py:188} INFO - gazahong: 1
[2024-08-02T21:29:53.121+0000] {logging_mixin.py:188} INFO - kong: 1
[2024-08-02T21:29:53.122+0000] {logging_mixin.py:188} INFO - secondary: 1
[2024-08-02T21:29:53.122+0000] {logging_mixin.py:188} INFO - students: 1
[2024-08-02T21:29:53.122+0000] {logging_mixin.py:188} INFO - may: 1
[2024-08-02T21:29:53.123+0000] {logging_mixin.py:188} INFO - schooled: 1
[2024-08-02T21:29:53.123+0000] {logging_mixin.py:188} INFO - ‘xi: 1
[2024-08-02T21:29:53.123+0000] {logging_mixin.py:188} INFO - jinping: 1
[2024-08-02T21:29:53.124+0000] {logging_mixin.py:188} INFO - thought’russia: 1
[2024-08-02T21:29:53.124+0000] {logging_mixin.py:188} INFO - holds: 1
[2024-08-02T21:29:53.124+0000] {logging_mixin.py:188} INFO - drills: 1
[2024-08-02T21:29:53.124+0000] {logging_mixin.py:188} INFO - disputed: 1
[2024-08-02T21:29:53.125+0000] {logging_mixin.py:188} INFO - island: 1
[2024-08-02T21:29:53.125+0000] {logging_mixin.py:188} INFO - near: 1
[2024-08-02T21:29:53.125+0000] {logging_mixin.py:188} INFO - japan,: 1
[2024-08-02T21:29:53.126+0000] {logging_mixin.py:188} INFO - interfax: 1
[2024-08-02T21:29:53.126+0000] {logging_mixin.py:188} INFO - air: 1
[2024-08-02T21:29:53.126+0000] {logging_mixin.py:188} INFO - new: 1
[2024-08-02T21:29:53.126+0000] {logging_mixin.py:188} INFO - zealand: 1
[2024-08-02T21:29:53.127+0000] {logging_mixin.py:188} INFO - scraps: 1
[2024-08-02T21:29:53.127+0000] {logging_mixin.py:188} INFO - 2030: 1
[2024-08-02T21:29:53.127+0000] {logging_mixin.py:188} INFO - emissions: 1
[2024-08-02T21:29:53.128+0000] {logging_mixin.py:188} INFO - target,: 1
[2024-08-02T21:29:53.128+0000] {logging_mixin.py:188} INFO - saying: 1
[2024-08-02T21:29:53.128+0000] {logging_mixin.py:188} INFO - solutions: 1
[2024-08-02T21:29:53.129+0000] {logging_mixin.py:188} INFO - costly: 1
[2024-08-02T21:29:53.129+0000] {logging_mixin.py:188} INFO - scarceus: 1
[2024-08-02T21:29:53.129+0000] {logging_mixin.py:188} INFO - candidate: 1
[2024-08-02T21:29:53.130+0000] {logging_mixin.py:188} INFO - gonzález: 1
[2024-08-02T21:29:53.130+0000] {logging_mixin.py:188} INFO - venezuela's: 1
[2024-08-02T21:29:53.130+0000] {logging_mixin.py:188} INFO - electionisraeli: 1
[2024-08-02T21:29:53.131+0000] {logging_mixin.py:188} INFO - irantoronto: 1
[2024-08-02T21:29:53.131+0000] {logging_mixin.py:188} INFO - father: 1
[2024-08-02T21:29:53.131+0000] {logging_mixin.py:188} INFO - son: 1
[2024-08-02T21:29:53.131+0000] {logging_mixin.py:188} INFO - face: 1
[2024-08-02T21:29:53.132+0000] {logging_mixin.py:188} INFO - multiple: 1
[2024-08-02T21:29:53.132+0000] {logging_mixin.py:188} INFO - terror-related: 1
[2024-08-02T21:29:53.132+0000] {logging_mixin.py:188} INFO - chargesmaduro: 1
[2024-08-02T21:29:53.133+0000] {logging_mixin.py:188} INFO - 1,200: 1
[2024-08-02T21:29:53.133+0000] {logging_mixin.py:188} INFO - venezuela,: 1
[2024-08-02T21:29:53.133+0000] {logging_mixin.py:188} INFO - 1,000: 1
[2024-08-02T21:29:53.134+0000] {logging_mixin.py:188} INFO - moreiranian: 1
[2024-08-02T21:29:53.134+0000] {logging_mixin.py:188} INFO - revolutionary: 1
[2024-08-02T21:29:53.135+0000] {logging_mixin.py:188} INFO - guard: 1
[2024-08-02T21:29:53.135+0000] {logging_mixin.py:188} INFO - israeli: 1
[2024-08-02T21:29:53.135+0000] {logging_mixin.py:188} INFO - targeted: 1
[2024-08-02T21:29:53.135+0000] {logging_mixin.py:188} INFO - hizballah: 1
[2024-08-02T21:29:53.136+0000] {logging_mixin.py:188} INFO - commander: 1
[2024-08-02T21:29:53.137+0000] {python.py:237} INFO - Done. Returned value was: None
[2024-08-02T21:29:53.137+0000] {taskinstance.py:441} INFO - ::group::Post task execution logs
[2024-08-02T21:29:53.147+0000] {taskinstance.py:1206} INFO - Marking task as SUCCESS. dag_id=reddit_dag, task_id=processing2, run_id=manual__2024-08-02T21:29:35.636546+00:00, execution_date=20240802T212935, start_date=20240802T212952, end_date=20240802T212953
[2024-08-02T21:29:53.187+0000] {local_task_job_runner.py:243} INFO - Task exited with return code 0
[2024-08-02T21:29:53.219+0000] {taskinstance.py:3503} INFO - 1 downstream tasks scheduled from follow-on schedule check
[2024-08-02T21:29:53.227+0000] {local_task_job_runner.py:222} INFO - ::endgroup::
