[2024-08-01T22:47:41.047+0000] {local_task_job_runner.py:120} INFO - ::group::Pre task execution logs
[2024-08-01T22:47:41.080+0000] {taskinstance.py:2076} INFO - Dependencies all met for dep_context=non-requeueable deps ti=<TaskInstance: reddit_dag.processing2 manual__2024-08-01T22:47:23.578378+00:00 [queued]>
[2024-08-01T22:47:41.092+0000] {taskinstance.py:2076} INFO - Dependencies all met for dep_context=requeueable deps ti=<TaskInstance: reddit_dag.processing2 manual__2024-08-01T22:47:23.578378+00:00 [queued]>
[2024-08-01T22:47:41.092+0000] {taskinstance.py:2306} INFO - Starting attempt 1 of 1
[2024-08-01T22:47:41.119+0000] {taskinstance.py:2330} INFO - Executing <Task(PythonOperator): processing2> on 2024-08-01 22:47:23.578378+00:00
[2024-08-01T22:47:41.123+0000] {standard_task_runner.py:64} INFO - Started process 2704 to run task
[2024-08-01T22:47:41.125+0000] {standard_task_runner.py:90} INFO - Running: ['airflow', 'tasks', 'run', 'reddit_dag', 'processing2', 'manual__2024-08-01T22:47:23.578378+00:00', '--job-id', '89', '--raw', '--subdir', 'DAGS_FOLDER/project_dag.py', '--cfg-path', '/tmp/tmpcmu3h3di']
[2024-08-01T22:47:41.126+0000] {standard_task_runner.py:91} INFO - Job 89: Subtask processing2
[2024-08-01T22:47:41.182+0000] {task_command.py:426} INFO - Running <TaskInstance: reddit_dag.processing2 manual__2024-08-01T22:47:23.578378+00:00 [running]> on host a520ee17329b
[2024-08-01T22:47:41.290+0000] {taskinstance.py:2648} INFO - Exporting env vars: AIRFLOW_CTX_DAG_OWNER='airflow' AIRFLOW_CTX_DAG_ID='reddit_dag' AIRFLOW_CTX_TASK_ID='processing2' AIRFLOW_CTX_EXECUTION_DATE='2024-08-01T22:47:23.578378+00:00' AIRFLOW_CTX_TRY_NUMBER='1' AIRFLOW_CTX_DAG_RUN_ID='manual__2024-08-01T22:47:23.578378+00:00'
[2024-08-01T22:47:41.291+0000] {taskinstance.py:430} INFO - ::endgroup::
[2024-08-01T22:47:41.319+0000] {taskinstance.py:441} INFO - ::group::Post task execution logs
[2024-08-01T22:47:41.320+0000] {taskinstance.py:2905} ERROR - Task failed with exception
Traceback (most recent call last):
  File "/home/airflow/.local/lib/python3.12/site-packages/airflow/models/taskinstance.py", line 465, in _execute_task
    result = _execute_callable(context=context, **execute_callable_kwargs)
             ^^^^^^^^^^^^^^^^^^^^^^^^^^^^^^^^^^^^^^^^^^^^^^^^^^^^^^^^^^^^^
  File "/home/airflow/.local/lib/python3.12/site-packages/airflow/models/taskinstance.py", line 432, in _execute_callable
    return execute_callable(context=context, **execute_callable_kwargs)
           ^^^^^^^^^^^^^^^^^^^^^^^^^^^^^^^^^^^^^^^^^^^^^^^^^^^^^^^^^^^^
  File "/home/airflow/.local/lib/python3.12/site-packages/airflow/models/baseoperator.py", line 401, in wrapper
    return func(self, *args, **kwargs)
           ^^^^^^^^^^^^^^^^^^^^^^^^^^^
  File "/home/airflow/.local/lib/python3.12/site-packages/airflow/operators/python.py", line 235, in execute
    return_value = self.execute_callable()
                   ^^^^^^^^^^^^^^^^^^^^^^^
  File "/home/airflow/.local/lib/python3.12/site-packages/airflow/operators/python.py", line 252, in execute_callable
    return self.python_callable(*self.op_args, **self.op_kwargs)
           ^^^^^^^^^^^^^^^^^^^^^^^^^^^^^^^^^^^^^^^^^^^^^^^^^^^^^
  File "/opt/airflow/dags/project_dag.py", line 77, in processing2
    all_text += post['title'] + post['text']
    ^^^^^^^^
UnboundLocalError: cannot access local variable 'all_text' where it is not associated with a value
[2024-08-01T22:47:41.330+0000] {taskinstance.py:1206} INFO - Marking task as FAILED. dag_id=reddit_dag, task_id=processing2, run_id=manual__2024-08-01T22:47:23.578378+00:00, execution_date=20240801T224723, start_date=20240801T224741, end_date=20240801T224741
[2024-08-01T22:47:41.355+0000] {standard_task_runner.py:110} ERROR - Failed to execute job 89 for task processing2 (cannot access local variable 'all_text' where it is not associated with a value; 2704)
[2024-08-01T22:47:41.378+0000] {local_task_job_runner.py:243} INFO - Task exited with return code 1
[2024-08-01T22:47:41.396+0000] {taskinstance.py:3503} INFO - 0 downstream tasks scheduled from follow-on schedule check
[2024-08-01T22:47:41.397+0000] {local_task_job_runner.py:222} INFO - ::endgroup::
