[2024-08-02T18:03:20.510+0000] {local_task_job_runner.py:120} INFO - ::group::Pre task execution logs
[2024-08-02T18:03:20.537+0000] {taskinstance.py:2076} INFO - Dependencies all met for dep_context=non-requeueable deps ti=<TaskInstance: reddit_dag.processing manual__2024-08-02T18:03:06.357352+00:00 [queued]>
[2024-08-02T18:03:20.548+0000] {taskinstance.py:2076} INFO - Dependencies all met for dep_context=requeueable deps ti=<TaskInstance: reddit_dag.processing manual__2024-08-02T18:03:06.357352+00:00 [queued]>
[2024-08-02T18:03:20.549+0000] {taskinstance.py:2306} INFO - Starting attempt 1 of 1
[2024-08-02T18:03:20.576+0000] {taskinstance.py:2330} INFO - Executing <Task(PythonOperator): processing> on 2024-08-02 18:03:06.357352+00:00
[2024-08-02T18:03:20.580+0000] {standard_task_runner.py:64} INFO - Started process 468 to run task
[2024-08-02T18:03:20.582+0000] {standard_task_runner.py:90} INFO - Running: ['airflow', 'tasks', 'run', 'reddit_dag', 'processing', 'manual__2024-08-02T18:03:06.357352+00:00', '--job-id', '210', '--raw', '--subdir', 'DAGS_FOLDER/project_dag.py', '--cfg-path', '/tmp/tmpejhp0jis']
[2024-08-02T18:03:20.583+0000] {standard_task_runner.py:91} INFO - Job 210: Subtask processing
[2024-08-02T18:03:20.642+0000] {task_command.py:426} INFO - Running <TaskInstance: reddit_dag.processing manual__2024-08-02T18:03:06.357352+00:00 [running]> on host 2c089d13d5db
[2024-08-02T18:03:20.755+0000] {taskinstance.py:2648} INFO - Exporting env vars: AIRFLOW_CTX_DAG_OWNER='airflow' AIRFLOW_CTX_DAG_ID='reddit_dag' AIRFLOW_CTX_TASK_ID='processing' AIRFLOW_CTX_EXECUTION_DATE='2024-08-02T18:03:06.357352+00:00' AIRFLOW_CTX_TRY_NUMBER='1' AIRFLOW_CTX_DAG_RUN_ID='manual__2024-08-02T18:03:06.357352+00:00'
[2024-08-02T18:03:20.756+0000] {taskinstance.py:430} INFO - ::endgroup::
[2024-08-02T18:03:20.786+0000] {logging_mixin.py:188} INFO - {'_id': ObjectId('66ac14ebbd9c6b770798862f'), 'title': 'The U.S. moves to recognize election victory of Venezuelan opposition over Maduro', 'text': '', 'upvotes': 245}
[2024-08-02T18:03:20.788+0000] {logging_mixin.py:188} INFO - Post saved: The U.S. moves to recognize election victory of Venezuelan opposition over Maduro
[2024-08-02T18:03:20.788+0000] {logging_mixin.py:188} INFO - done
[2024-08-02T18:03:20.789+0000] {python.py:237} INFO - Done. Returned value was: None
[2024-08-02T18:03:20.789+0000] {taskinstance.py:441} INFO - ::group::Post task execution logs
[2024-08-02T18:03:20.799+0000] {taskinstance.py:1206} INFO - Marking task as SUCCESS. dag_id=reddit_dag, task_id=processing, run_id=manual__2024-08-02T18:03:06.357352+00:00, execution_date=20240802T180306, start_date=20240802T180320, end_date=20240802T180320
[2024-08-02T18:03:20.835+0000] {local_task_job_runner.py:243} INFO - Task exited with return code 0
[2024-08-02T18:03:20.866+0000] {taskinstance.py:3503} INFO - 1 downstream tasks scheduled from follow-on schedule check
[2024-08-02T18:03:20.874+0000] {local_task_job_runner.py:222} INFO - ::endgroup::
