[2024-08-02T21:29:42.717+0000] {local_task_job_runner.py:120} INFO - ::group::Pre task execution logs
[2024-08-02T21:29:42.745+0000] {taskinstance.py:2076} INFO - Dependencies all met for dep_context=non-requeueable deps ti=<TaskInstance: reddit_dag.print_subreddit_posts manual__2024-08-02T21:29:35.636546+00:00 [queued]>
[2024-08-02T21:29:42.757+0000] {taskinstance.py:2076} INFO - Dependencies all met for dep_context=requeueable deps ti=<TaskInstance: reddit_dag.print_subreddit_posts manual__2024-08-02T21:29:35.636546+00:00 [queued]>
[2024-08-02T21:29:42.757+0000] {taskinstance.py:2306} INFO - Starting attempt 1 of 1
[2024-08-02T21:29:42.788+0000] {taskinstance.py:2330} INFO - Executing <Task(PythonOperator): print_subreddit_posts> on 2024-08-02 21:29:35.636546+00:00
[2024-08-02T21:29:42.792+0000] {standard_task_runner.py:64} INFO - Started process 3404 to run task
[2024-08-02T21:29:42.794+0000] {standard_task_runner.py:90} INFO - Running: ['airflow', 'tasks', 'run', 'reddit_dag', 'print_subreddit_posts', 'manual__2024-08-02T21:29:35.636546+00:00', '--job-id', '328', '--raw', '--subdir', 'DAGS_FOLDER/project_dag.py', '--cfg-path', '/tmp/tmp3tmeoztw']
[2024-08-02T21:29:42.795+0000] {standard_task_runner.py:91} INFO - Job 328: Subtask print_subreddit_posts
[2024-08-02T21:29:42.851+0000] {task_command.py:426} INFO - Running <TaskInstance: reddit_dag.print_subreddit_posts manual__2024-08-02T21:29:35.636546+00:00 [running]> on host 7df8ffa41b22
[2024-08-02T21:29:42.955+0000] {taskinstance.py:2648} INFO - Exporting env vars: AIRFLOW_CTX_DAG_OWNER='airflow' AIRFLOW_CTX_DAG_ID='reddit_dag' AIRFLOW_CTX_TASK_ID='print_subreddit_posts' AIRFLOW_CTX_EXECUTION_DATE='2024-08-02T21:29:35.636546+00:00' AIRFLOW_CTX_TRY_NUMBER='1' AIRFLOW_CTX_DAG_RUN_ID='manual__2024-08-02T21:29:35.636546+00:00'
[2024-08-02T21:29:42.956+0000] {taskinstance.py:430} INFO - ::endgroup::
[2024-08-02T21:29:45.543+0000] {logging_mixin.py:188} INFO - Post saved: US says Maduro lost Venezuela election as opposition leader says she’s in hiding
[2024-08-02T21:29:45.545+0000] {logging_mixin.py:188} INFO - Post saved: Crimean Bridge could be destroyed in coming months, Budanov says
[2024-08-02T21:29:45.546+0000] {logging_mixin.py:188} INFO - Post saved: Dozens of children killed in Bangladesh protests - Unicef
[2024-08-02T21:29:45.548+0000] {logging_mixin.py:188} INFO - Post saved: Japan's Olympics delegation has said it will consider contacting the police or taking legal action against defamatory content posted online against athletes
[2024-08-02T21:29:45.549+0000] {logging_mixin.py:188} INFO - Post saved: Keir Starmer warns social media firms after Southport misinformation fuels riots
[2024-08-02T21:29:45.550+0000] {logging_mixin.py:188} INFO - Post saved: Sudan's famine-stricken Zamzam camp hit by devastating floods
[2024-08-02T21:29:45.551+0000] {logging_mixin.py:188} INFO - Post saved: A Fraught Election Just Reshaped the Next Steps for Deep Sea Mining
[2024-08-02T21:29:45.552+0000] {logging_mixin.py:188} INFO - Post saved: We'll see our home again, exchanged Russian prisoners say
[2024-08-02T21:29:45.554+0000] {logging_mixin.py:188} INFO - Post saved: Dozens of children killed in Bangladesh protests - UNICEF 
[2024-08-02T21:29:45.555+0000] {logging_mixin.py:188} INFO - Post saved: Slain Hamas leader Haniyeh buried in Qatar amid vows of revenge against Israel
[2024-08-02T21:29:45.556+0000] {logging_mixin.py:188} INFO - Post saved: Venezuela election: Masked assailants raid opposition HQ
[2024-08-02T21:29:45.557+0000] {logging_mixin.py:188} INFO - Post saved: Australian probe finds Israel didn't target WCK aid workers in Gaza
[2024-08-02T21:29:45.558+0000] {logging_mixin.py:188} INFO - Post saved: Nicolás Maduro announces the preparation of re-education camps to imprison detained demonstrators
[2024-08-02T21:29:45.560+0000] {logging_mixin.py:188} INFO - Post saved: Russian opposition figure Ilya Yashin says he demanded not to be freed
[2024-08-02T21:29:45.563+0000] {logging_mixin.py:188} INFO - Post saved: Nigerian protests: Security forces kill nine as biting economic crisis persists
[2024-08-02T21:29:45.565+0000] {logging_mixin.py:188} INFO - Post saved: Released Russian dissidents Vladimir Kara-Murza, Ilya Yashin and Andrei Pivovarov express relief at their release, but also concern that the high-profile prisoner swap could "encourage" Putin to take more hostages
[2024-08-02T21:29:45.566+0000] {logging_mixin.py:188} INFO - Post saved: Fresh violence in Bangladesh student protests
[2024-08-02T21:29:45.568+0000] {logging_mixin.py:188} INFO - Post saved: Ukraine receives first F-16 fighter jets from Netherlands
[2024-08-02T21:29:45.569+0000] {logging_mixin.py:188} INFO - Post saved: Carter Center unable to verify Venezuela election results, blasts officials for lack of transparency
[2024-08-02T21:29:45.570+0000] {logging_mixin.py:188} INFO - Post saved: Germany joins multinational force monitoring Korean border
[2024-08-02T21:29:45.571+0000] {logging_mixin.py:188} INFO - Post saved: Polish foreign ministry warns against travel to Lebanon, Israel, Iran
[2024-08-02T21:29:45.572+0000] {logging_mixin.py:188} INFO - Post saved: 'We will act': Brussels asks Hungary to explain the easing of visa rules for Russians
[2024-08-02T21:29:45.573+0000] {logging_mixin.py:188} INFO - Post saved: Hezbollah resumes steady rocket, artillery fire against Israel
[2024-08-02T21:29:45.574+0000] {logging_mixin.py:188} INFO - Post saved: Iran plans to attack Israel on Tisha B’Av - the Jewish day of disasters, Western intelligence says
[2024-08-02T21:29:45.575+0000] {logging_mixin.py:188} INFO - Post saved: Ukraine estimates 700,000 people will leave country in 2024-2025
[2024-08-02T21:29:45.576+0000] {logging_mixin.py:188} INFO - Post saved: China lodges complaint after Canadian warship passes through Taiwan Strait - HMCS Montreal was conducting a routine transit, Ottawa says
[2024-08-02T21:29:45.578+0000] {logging_mixin.py:188} INFO - Post saved: Canadian military encounters Chinese research vessel in Arctic, warns competitors are 'probing' infrastructure
[2024-08-02T21:29:45.579+0000] {logging_mixin.py:188} INFO - Post saved: Zimbabwe ready to crush opposition dissent ahead of regional SADC summit, govt official says
[2024-08-02T21:29:45.580+0000] {logging_mixin.py:188} INFO - Post saved: UN Hunger Map: 2023 severe food insecurity drops 85% in Brazil
[2024-08-02T21:29:45.581+0000] {logging_mixin.py:188} INFO - Post saved: $10M cash withdrawal drove secret probe into whether Trump took money from Egypt
[2024-08-02T21:29:45.582+0000] {logging_mixin.py:188} INFO - Post saved: France investigates death threats against Olympics ceremony director
[2024-08-02T21:29:45.583+0000] {logging_mixin.py:188} INFO - Post saved: France has formally advised its citizen against travelling to Iran and has asked French citizens still the country to leave as soon as possible due to a risk of military escalation in the region
[2024-08-02T21:29:45.584+0000] {logging_mixin.py:188} INFO - Post saved: Nigerians protest 'bad governance', cost of living, runaway inflation | Semafor
[2024-08-02T21:29:45.585+0000] {logging_mixin.py:188} INFO - Post saved: Polish opposition criticises release of Russian prisoner while Poles remain detained in Belarus
[2024-08-02T21:29:45.586+0000] {logging_mixin.py:188} INFO - Post saved: (UK) Chester Zoo hails birth of 'one of world's rarest animals'
[2024-08-02T21:29:45.587+0000] {logging_mixin.py:188} INFO - Post saved: Hezbollah has started evacuating headquarters and military equipment from the Dahieh district in Beirut amid fears of escalating war with Israel
[2024-08-02T21:29:45.588+0000] {logging_mixin.py:188} INFO - Post saved: Children of freed sleeper agents learned they were Russians on the flight, Kremlin says
[2024-08-02T21:29:45.589+0000] {logging_mixin.py:188} INFO - Post saved: Russian lawmaker arrested over alleged murder plot
[2024-08-02T21:29:45.591+0000] {logging_mixin.py:188} INFO - Post saved: Bangladesh arrests more than 10,000 in crackdown on protests | Bangladesh | The Guardian
[2024-08-02T21:29:45.592+0000] {logging_mixin.py:188} INFO - Post saved: Javan rhino poaching saga reveals serious security lapse: An investigation has discovered that these organized groups accessed inside information about rhino movements from people with past government ties
[2024-08-02T21:29:45.593+0000] {logging_mixin.py:188} INFO - Post saved: Canada concludes negotiations on use of US space launch technology
[2024-08-02T21:29:45.594+0000] {logging_mixin.py:188} INFO - Post saved: Hezbollah evacuates military equipment from Beirut in preparation for escalation - report
[2024-08-02T21:29:45.595+0000] {logging_mixin.py:188} INFO - Post saved: Airlines avoid some Mideast airspace, cancel Israel flights as tensions mount
[2024-08-02T21:29:45.596+0000] {logging_mixin.py:188} INFO - Post saved: Venezuela’s Maduro asks top court to audit the presidential election, but observers cry foul
[2024-08-02T21:29:45.597+0000] {logging_mixin.py:188} INFO - Post saved: Outcry as Turkish embassy in Israel lowers flag in honor of Haniyeh; envoy summoned
[2024-08-02T21:29:45.598+0000] {logging_mixin.py:188} INFO - Post saved: In apparent preparation for war, Hezbollah evacuates command center from south Beirut stronghold - i24NEWS
[2024-08-02T21:29:45.600+0000] {logging_mixin.py:188} INFO - Post saved: Odesa's Russian street names should be renamed to avoid 'living in the past,' governor argues
[2024-08-02T21:29:45.601+0000] {logging_mixin.py:188} INFO - Post saved: Israelis brace for a thousand-rocket, multi-proxy attack
[2024-08-02T21:29:45.602+0000] {logging_mixin.py:188} INFO - Post saved: Russia-West prisoner exchange: Kremlin admits killer Krasikov is FSB agent
[2024-08-02T21:29:45.603+0000] {logging_mixin.py:188} INFO - Post saved: China to Start Setting Hard Targets for Cutting Carbon Emissions
[2024-08-02T21:29:45.604+0000] {logging_mixin.py:188} INFO - Post saved: Russian military hackers appear to target diplomats with fake car ads
[2024-08-02T21:29:45.605+0000] {logging_mixin.py:188} INFO - Post saved: Bangladesh student protests become ‘people’s uprising’ after brutal government crackdown
[2024-08-02T21:29:45.606+0000] {logging_mixin.py:188} INFO - Post saved: Chinese veteran's protest in downtown Beijing causes stir
[2024-08-02T21:29:45.607+0000] {logging_mixin.py:188} INFO - Post saved: Minister asks for 'additional checks' after company won tender to rebuild Kyiv children's hospital at inflated price
[2024-08-02T21:29:45.608+0000] {logging_mixin.py:188} INFO - Post saved: Montreal man launches class-action lawsuit against social media platforms for being too addictive 
[2024-08-02T21:29:45.610+0000] {logging_mixin.py:188} INFO - Post saved: Iran masterminded anti-Israel protest in Canadian university
[2024-08-02T21:29:45.611+0000] {logging_mixin.py:188} INFO - Post saved: Philippines, Japan militaries hold first joint exercises in South China Sea
[2024-08-02T21:29:45.612+0000] {logging_mixin.py:188} INFO - Post saved: Polish Supreme Court acquits politician of offending religious feelings in church abortion protest
[2024-08-02T21:29:45.613+0000] {logging_mixin.py:188} INFO - Post saved: Israeli hacker group takes responsibility for reported collapse of Wi-Fi in Iran
[2024-08-02T21:29:45.614+0000] {logging_mixin.py:188} INFO - Post saved: Eight Indians killed while fighting against Ukraine in Russian army
[2024-08-02T21:29:45.615+0000] {logging_mixin.py:188} INFO - Post saved: Canada preparing to unveil suite of measures to clamp down on uncapped programs for immigration: Report
[2024-08-02T21:29:45.616+0000] {logging_mixin.py:188} INFO - Post saved: 55 Russian indigenous, regional and ethno groups labeled as extremists by Russian Ministry of Justice
[2024-08-02T21:29:45.617+0000] {logging_mixin.py:188} INFO - Post saved: IDF kills Palestinian Islamic Jihad deputy weapons production head Mohammed al-Jabari
[2024-08-02T21:29:45.618+0000] {logging_mixin.py:188} INFO - Post saved: Kim Jong Un wants Trump back, elite defector tells BBC
[2024-08-02T21:29:45.620+0000] {logging_mixin.py:188} INFO - Post saved: Hamas chief Haniyeh's killing 'doesn't help' ceasefire talks, says Biden
[2024-08-02T21:29:45.621+0000] {logging_mixin.py:188} INFO - Post saved: Philippines President Ferdinand Marcos Jr. has asked the public to love the country’s national language
[2024-08-02T21:29:45.622+0000] {logging_mixin.py:188} INFO - Post saved: Costa Rica is prepared to offer asylum to Venezuelan opposition leaders, minister says
[2024-08-02T21:29:45.623+0000] {logging_mixin.py:188} INFO - Post saved: Bleak prospect of Ukraine ceding territory to Russia to bring peace
[2024-08-02T21:29:45.624+0000] {logging_mixin.py:188} INFO - Post saved: Philippines, US forces hold joint military exercises in West Philippine Sea
[2024-08-02T21:29:45.625+0000] {logging_mixin.py:188} INFO - Post saved: Vietnam, Philippines to hold South China Sea exercises
[2024-08-02T21:29:45.626+0000] {logging_mixin.py:188} INFO - Post saved: Rain disasters have killed more than 200 across Asia in a week
[2024-08-02T21:29:45.627+0000] {logging_mixin.py:188} INFO - Post saved: Gershkovich, other freed prisoners met by families, Biden and Harris as they land in US
[2024-08-02T21:29:45.628+0000] {logging_mixin.py:188} INFO - Post saved: Curfew imposed and shots fired in Kano crackdown on 'hunger' demonstrators
[2024-08-02T21:29:45.629+0000] {logging_mixin.py:188} INFO - Post saved: Blinken: Overwhelming evidence Venezuela opposition won election
[2024-08-02T21:29:45.630+0000] {logging_mixin.py:188} INFO - Post saved: BBC executive dismisses letter from Jewish staff highlighting systemic antisemitism at network
[2024-08-02T21:29:45.631+0000] {logging_mixin.py:188} INFO - Post saved: Brittany Higgins: Australian senator sues alleged rape victim
[2024-08-02T21:29:45.632+0000] {logging_mixin.py:188} INFO - Post saved: Turkey Blocks Instagram Amid Hamas ‘Censorship’ Row
[2024-08-02T21:29:45.634+0000] {logging_mixin.py:188} INFO - Post saved: Turkey's Erdogan declares Aug 2 day of national mourning over killing of Hamas chief
[2024-08-02T21:29:45.635+0000] {logging_mixin.py:188} INFO - Post saved: Bomb Smuggled Into Tehran Guesthouse Months Ago Killed Hamas Leader
[2024-08-02T21:29:45.636+0000] {logging_mixin.py:188} INFO - Post saved: Shelling, Drones Kill More Civilians As Kyiv Pleads For OK To Strike Deeper Into Russia
[2024-08-02T21:29:45.637+0000] {logging_mixin.py:188} INFO - Post saved: Germany's Pistorius talks Middle East, Indo-Pacific with DW
[2024-08-02T21:29:45.638+0000] {logging_mixin.py:188} INFO - Post saved: Argentina will use AI to ‘predict future crimes’ but experts worry for citizens’ rights | Argentina
[2024-08-02T21:29:45.639+0000] {logging_mixin.py:188} INFO - Post saved: London Stock Exchange denies lowering standards to win Shein IPO
[2024-08-02T21:29:45.640+0000] {logging_mixin.py:188} INFO - Post saved: 3 newly freed Americans are back on US soil after a landmark prisoner exchange with Russia
[2024-08-02T21:29:45.641+0000] {logging_mixin.py:188} INFO - Post saved: /r/WorldNews Live Thread: Russian Invasion of Ukraine Day 890, Part 1 (Thread #1037)
[2024-08-02T21:29:45.643+0000] {logging_mixin.py:188} INFO - Post saved: Fears of violence rise in Venezuela as diplomatic efforts to pressure Maduro intensify
[2024-08-02T21:29:45.644+0000] {logging_mixin.py:188} INFO - Post saved: Hezbollah leader says conflict with Israel in 'new phase' after killings
[2024-08-02T21:29:45.645+0000] {logging_mixin.py:188} INFO - Post saved: Drone fragments hit areas of Sevastopol in Russian-occupied Crimea, governor says
[2024-08-02T21:29:45.646+0000] {logging_mixin.py:188} INFO - Post saved: Australian police make $538 million drug seizure in machines imported from U.S.
[2024-08-02T21:29:45.647+0000] {logging_mixin.py:188} INFO - Post saved: Crimea building evacuated after being hit by ATACMS, Russian official says
[2024-08-02T21:29:45.648+0000] {logging_mixin.py:188} INFO - Post saved: US recognizes Maduro's opponent as winner in Venezuela election
[2024-08-02T21:29:45.649+0000] {logging_mixin.py:188} INFO - Post saved: Australia says Israel did not deliberately kill foreign aid workers in Gaza
[2024-08-02T21:29:45.650+0000] {logging_mixin.py:188} INFO - Post saved: Hong Kong secondary students may soon be schooled in ‘Xi Jinping Thought’
[2024-08-02T21:29:45.652+0000] {logging_mixin.py:188} INFO - Post saved: Russia holds military drills on disputed island near Japan, Interfax says 
[2024-08-02T21:29:45.653+0000] {logging_mixin.py:188} INFO - Post saved: Air New Zealand scraps its 2030 carbon emissions target, saying solutions are costly and scarce
[2024-08-02T21:29:45.654+0000] {logging_mixin.py:188} INFO - Post saved: US recognizes opposition candidate González as the winner of Venezuela's presidential election
[2024-08-02T21:29:45.655+0000] {logging_mixin.py:188} INFO - Post saved: Israeli hacker group takes responsibility for reported collapse of Wi-Fi in Iran
[2024-08-02T21:29:45.656+0000] {logging_mixin.py:188} INFO - Post saved: Toronto father and son face multiple terror-related charges
[2024-08-02T21:29:45.657+0000] {logging_mixin.py:188} INFO - Post saved: Maduro reports 1,200 arrests during protests in Venezuela, warns about 1,000 more
[2024-08-02T21:29:45.658+0000] {logging_mixin.py:188} INFO - Post saved: Iranian Revolutionary Guard Killed In Israeli Strike That Targeted Top Hizballah Commander
[2024-08-02T21:29:45.659+0000] {python.py:237} INFO - Done. Returned value was: None
[2024-08-02T21:29:45.660+0000] {taskinstance.py:441} INFO - ::group::Post task execution logs
[2024-08-02T21:29:45.670+0000] {taskinstance.py:1206} INFO - Marking task as SUCCESS. dag_id=reddit_dag, task_id=print_subreddit_posts, run_id=manual__2024-08-02T21:29:35.636546+00:00, execution_date=20240802T212935, start_date=20240802T212942, end_date=20240802T212945
[2024-08-02T21:29:45.737+0000] {local_task_job_runner.py:243} INFO - Task exited with return code 0
[2024-08-02T21:29:45.776+0000] {taskinstance.py:3503} INFO - 1 downstream tasks scheduled from follow-on schedule check
[2024-08-02T21:29:45.784+0000] {local_task_job_runner.py:222} INFO - ::endgroup::
