[2024-08-02T17:55:57.982+0000] {local_task_job_runner.py:120} INFO - ::group::Pre task execution logs
[2024-08-02T17:55:58.011+0000] {taskinstance.py:2076} INFO - Dependencies all met for dep_context=non-requeueable deps ti=<TaskInstance: reddit_dag.print_subreddit_posts manual__2024-08-02T17:55:50.077864+00:00 [queued]>
[2024-08-02T17:55:58.022+0000] {taskinstance.py:2076} INFO - Dependencies all met for dep_context=requeueable deps ti=<TaskInstance: reddit_dag.print_subreddit_posts manual__2024-08-02T17:55:50.077864+00:00 [queued]>
[2024-08-02T17:55:58.023+0000] {taskinstance.py:2306} INFO - Starting attempt 1 of 1
[2024-08-02T17:55:58.051+0000] {taskinstance.py:2330} INFO - Executing <Task(PythonOperator): print_subreddit_posts> on 2024-08-02 17:55:50.077864+00:00
[2024-08-02T17:55:58.054+0000] {standard_task_runner.py:64} INFO - Started process 305 to run task
[2024-08-02T17:55:58.057+0000] {standard_task_runner.py:90} INFO - Running: ['airflow', 'tasks', 'run', 'reddit_dag', 'print_subreddit_posts', 'manual__2024-08-02T17:55:50.077864+00:00', '--job-id', '204', '--raw', '--subdir', 'DAGS_FOLDER/project_dag.py', '--cfg-path', '/tmp/tmprmqxslx_']
[2024-08-02T17:55:58.058+0000] {standard_task_runner.py:91} INFO - Job 204: Subtask print_subreddit_posts
[2024-08-02T17:55:58.118+0000] {task_command.py:426} INFO - Running <TaskInstance: reddit_dag.print_subreddit_posts manual__2024-08-02T17:55:50.077864+00:00 [running]> on host 2c089d13d5db
[2024-08-02T17:55:58.230+0000] {taskinstance.py:2648} INFO - Exporting env vars: AIRFLOW_CTX_DAG_OWNER='airflow' AIRFLOW_CTX_DAG_ID='reddit_dag' AIRFLOW_CTX_TASK_ID='print_subreddit_posts' AIRFLOW_CTX_EXECUTION_DATE='2024-08-02T17:55:50.077864+00:00' AIRFLOW_CTX_TRY_NUMBER='1' AIRFLOW_CTX_DAG_RUN_ID='manual__2024-08-02T17:55:50.077864+00:00'
[2024-08-02T17:55:58.231+0000] {taskinstance.py:430} INFO - ::endgroup::
[2024-08-02T17:55:59.827+0000] {logging_mixin.py:188} INFO - Post saved: Maduro Opposition Shares ‘Overwhelming Evidence’ of Venezuela Election Fraud
[2024-08-02T17:55:59.828+0000] {logging_mixin.py:188} INFO - Post saved: Ukraine receives first F-16 fighter jets from Netherlands
[2024-08-02T17:55:59.829+0000] {logging_mixin.py:188} INFO - Post saved: Carter Center unable to verify Venezuela election results, blasts officials for lack of transparency
[2024-08-02T17:55:59.831+0000] {logging_mixin.py:188} INFO - Post saved: Biden, Lula press Venezuela to publish election tallies
[2024-08-02T17:55:59.832+0000] {logging_mixin.py:188} INFO - Post saved: Germany joins multinational force monitoring Korean border
[2024-08-02T17:55:59.832+0000] {python.py:237} INFO - Done. Returned value was: None
[2024-08-02T17:55:59.833+0000] {taskinstance.py:441} INFO - ::group::Post task execution logs
[2024-08-02T17:55:59.843+0000] {taskinstance.py:1206} INFO - Marking task as SUCCESS. dag_id=reddit_dag, task_id=print_subreddit_posts, run_id=manual__2024-08-02T17:55:50.077864+00:00, execution_date=20240802T175550, start_date=20240802T175558, end_date=20240802T175559
[2024-08-02T17:55:59.875+0000] {local_task_job_runner.py:243} INFO - Task exited with return code 0
[2024-08-02T17:55:59.907+0000] {taskinstance.py:3503} INFO - 1 downstream tasks scheduled from follow-on schedule check
[2024-08-02T17:55:59.914+0000] {local_task_job_runner.py:222} INFO - ::endgroup::
