[2024-08-01T21:44:20.066+0000] {local_task_job_runner.py:120} INFO - ::group::Pre task execution logs
[2024-08-01T21:44:20.095+0000] {taskinstance.py:2076} INFO - Dependencies all met for dep_context=non-requeueable deps ti=<TaskInstance: reddit_dag.print_subreddit_posts manual__2024-08-01T21:44:12.512216+00:00 [queued]>
[2024-08-01T21:44:20.106+0000] {taskinstance.py:2076} INFO - Dependencies all met for dep_context=requeueable deps ti=<TaskInstance: reddit_dag.print_subreddit_posts manual__2024-08-01T21:44:12.512216+00:00 [queued]>
[2024-08-01T21:44:20.106+0000] {taskinstance.py:2306} INFO - Starting attempt 1 of 1
[2024-08-01T21:44:20.134+0000] {taskinstance.py:2330} INFO - Executing <Task(PythonOperator): print_subreddit_posts> on 2024-08-01 21:44:12.512216+00:00
[2024-08-01T21:44:20.138+0000] {standard_task_runner.py:64} INFO - Started process 967 to run task
[2024-08-01T21:44:20.139+0000] {standard_task_runner.py:90} INFO - Running: ['airflow', 'tasks', 'run', 'reddit_dag', 'print_subreddit_posts', 'manual__2024-08-01T21:44:12.512216+00:00', '--job-id', '23', '--raw', '--subdir', 'DAGS_FOLDER/project_dag.py', '--cfg-path', '/tmp/tmpyl1w9w18']
[2024-08-01T21:44:20.140+0000] {standard_task_runner.py:91} INFO - Job 23: Subtask print_subreddit_posts
[2024-08-01T21:44:20.195+0000] {task_command.py:426} INFO - Running <TaskInstance: reddit_dag.print_subreddit_posts manual__2024-08-01T21:44:12.512216+00:00 [running]> on host a520ee17329b
[2024-08-01T21:44:20.301+0000] {taskinstance.py:2648} INFO - Exporting env vars: AIRFLOW_CTX_DAG_OWNER='airflow' AIRFLOW_CTX_DAG_ID='reddit_dag' AIRFLOW_CTX_TASK_ID='print_subreddit_posts' AIRFLOW_CTX_EXECUTION_DATE='2024-08-01T21:44:12.512216+00:00' AIRFLOW_CTX_TRY_NUMBER='1' AIRFLOW_CTX_DAG_RUN_ID='manual__2024-08-01T21:44:12.512216+00:00'
[2024-08-01T21:44:20.301+0000] {taskinstance.py:430} INFO - ::endgroup::
[2024-08-01T21:44:21.825+0000] {logging_mixin.py:188} INFO - Post saved: World Bank warns 108 countries risk being stuck in ‘middle-income trap’
[2024-08-01T21:44:21.827+0000] {logging_mixin.py:188} INFO - Post saved: Head of Russia's military supplier company detained as corruption cases mount
[2024-08-01T21:44:21.829+0000] {logging_mixin.py:188} INFO - Post saved: Defense Ministry to purchase Ukrainian-made unmanned ground vehicles
[2024-08-01T21:44:21.830+0000] {logging_mixin.py:188} INFO - Post saved: IDF says slain Al Jazeera reporter a Hamas commando, took part in October 7 massacre
[2024-08-01T21:44:21.832+0000] {logging_mixin.py:188} INFO - Post saved: Ukraine concluded 'one of the largest cyberattacks' against Russia, source says
[2024-08-01T21:44:21.832+0000] {python.py:237} INFO - Done. Returned value was: None
[2024-08-01T21:44:21.833+0000] {taskinstance.py:441} INFO - ::group::Post task execution logs
[2024-08-01T21:44:21.843+0000] {taskinstance.py:1206} INFO - Marking task as SUCCESS. dag_id=reddit_dag, task_id=print_subreddit_posts, run_id=manual__2024-08-01T21:44:12.512216+00:00, execution_date=20240801T214412, start_date=20240801T214420, end_date=20240801T214421
[2024-08-01T21:44:21.879+0000] {local_task_job_runner.py:243} INFO - Task exited with return code 0
[2024-08-01T21:44:21.895+0000] {taskinstance.py:3503} INFO - 0 downstream tasks scheduled from follow-on schedule check
[2024-08-01T21:44:21.897+0000] {local_task_job_runner.py:222} INFO - ::endgroup::
