[2024-08-01T22:31:37.520+0000] {local_task_job_runner.py:120} INFO - ::group::Pre task execution logs
[2024-08-01T22:31:37.551+0000] {taskinstance.py:2076} INFO - Dependencies all met for dep_context=non-requeueable deps ti=<TaskInstance: reddit_dag.processing manual__2024-08-01T22:31:25.027051+00:00 [queued]>
[2024-08-01T22:31:37.562+0000] {taskinstance.py:2076} INFO - Dependencies all met for dep_context=requeueable deps ti=<TaskInstance: reddit_dag.processing manual__2024-08-01T22:31:25.027051+00:00 [queued]>
[2024-08-01T22:31:37.563+0000] {taskinstance.py:2306} INFO - Starting attempt 1 of 1
[2024-08-01T22:31:37.592+0000] {taskinstance.py:2330} INFO - Executing <Task(PythonOperator): processing> on 2024-08-01 22:31:25.027051+00:00
[2024-08-01T22:31:37.598+0000] {standard_task_runner.py:64} INFO - Started process 2280 to run task
[2024-08-01T22:31:37.599+0000] {standard_task_runner.py:90} INFO - Running: ['airflow', 'tasks', 'run', 'reddit_dag', 'processing', 'manual__2024-08-01T22:31:25.027051+00:00', '--job-id', '75', '--raw', '--subdir', 'DAGS_FOLDER/project_dag.py', '--cfg-path', '/tmp/tmpg9c8msz0']
[2024-08-01T22:31:37.600+0000] {standard_task_runner.py:91} INFO - Job 75: Subtask processing
[2024-08-01T22:31:37.661+0000] {task_command.py:426} INFO - Running <TaskInstance: reddit_dag.processing manual__2024-08-01T22:31:25.027051+00:00 [running]> on host a520ee17329b
[2024-08-01T22:31:37.780+0000] {taskinstance.py:2648} INFO - Exporting env vars: AIRFLOW_CTX_DAG_OWNER='airflow' AIRFLOW_CTX_DAG_ID='reddit_dag' AIRFLOW_CTX_TASK_ID='processing' AIRFLOW_CTX_EXECUTION_DATE='2024-08-01T22:31:25.027051+00:00' AIRFLOW_CTX_TRY_NUMBER='1' AIRFLOW_CTX_DAG_RUN_ID='manual__2024-08-01T22:31:25.027051+00:00'
[2024-08-01T22:31:37.781+0000] {taskinstance.py:430} INFO - ::endgroup::
[2024-08-01T22:31:37.811+0000] {logging_mixin.py:188} INFO - {'_id': ObjectId('66ac0cc68074a179cb25a1a4'), 'title': "Head of Russia's military supplier company detained as corruption cases mount", 'text': '', 'upvotes': 79}
[2024-08-01T22:31:37.813+0000] {logging_mixin.py:188} INFO - Post saved: Head of Russia's military supplier company detained as corruption cases mount
[2024-08-01T22:31:37.814+0000] {logging_mixin.py:188} INFO - done
[2024-08-01T22:31:37.814+0000] {python.py:237} INFO - Done. Returned value was: None
[2024-08-01T22:31:37.816+0000] {taskinstance.py:441} INFO - ::group::Post task execution logs
[2024-08-01T22:31:37.826+0000] {taskinstance.py:1206} INFO - Marking task as SUCCESS. dag_id=reddit_dag, task_id=processing, run_id=manual__2024-08-01T22:31:25.027051+00:00, execution_date=20240801T223125, start_date=20240801T223137, end_date=20240801T223137
[2024-08-01T22:31:37.853+0000] {local_task_job_runner.py:243} INFO - Task exited with return code 0
[2024-08-01T22:31:37.868+0000] {taskinstance.py:3503} INFO - 0 downstream tasks scheduled from follow-on schedule check
[2024-08-01T22:31:37.869+0000] {local_task_job_runner.py:222} INFO - ::endgroup::
