[2024-08-01T20:45:21.068+0000] {local_task_job_runner.py:120} INFO - ::group::Pre task execution logs
[2024-08-01T20:45:21.098+0000] {taskinstance.py:2076} INFO - Dependencies all met for dep_context=non-requeueable deps ti=<TaskInstance: reddit_dag.print_subreddit_posts manual__2024-08-01T20:45:04.212880+00:00 [queued]>
[2024-08-01T20:45:21.109+0000] {taskinstance.py:2076} INFO - Dependencies all met for dep_context=requeueable deps ti=<TaskInstance: reddit_dag.print_subreddit_posts manual__2024-08-01T20:45:04.212880+00:00 [queued]>
[2024-08-01T20:45:21.109+0000] {taskinstance.py:2306} INFO - Starting attempt 1 of 1
[2024-08-01T20:45:21.135+0000] {taskinstance.py:2330} INFO - Executing <Task(PythonOperator): print_subreddit_posts> on 2024-08-01 20:45:04.212880+00:00
[2024-08-01T20:45:21.139+0000] {standard_task_runner.py:64} INFO - Started process 446 to run task
[2024-08-01T20:45:21.140+0000] {standard_task_runner.py:90} INFO - Running: ['airflow', 'tasks', 'run', 'reddit_dag', 'print_subreddit_posts', 'manual__2024-08-01T20:45:04.212880+00:00', '--job-id', '11', '--raw', '--subdir', 'DAGS_FOLDER/project_dag.py', '--cfg-path', '/tmp/tmpl40sffmn']
[2024-08-01T20:45:21.141+0000] {standard_task_runner.py:91} INFO - Job 11: Subtask print_subreddit_posts
[2024-08-01T20:45:21.201+0000] {task_command.py:426} INFO - Running <TaskInstance: reddit_dag.print_subreddit_posts manual__2024-08-01T20:45:04.212880+00:00 [running]> on host a520ee17329b
[2024-08-01T20:45:21.292+0000] {taskinstance.py:2648} INFO - Exporting env vars: AIRFLOW_CTX_DAG_OWNER='airflow' AIRFLOW_CTX_DAG_ID='reddit_dag' AIRFLOW_CTX_TASK_ID='print_subreddit_posts' AIRFLOW_CTX_EXECUTION_DATE='2024-08-01T20:45:04.212880+00:00' AIRFLOW_CTX_TRY_NUMBER='1' AIRFLOW_CTX_DAG_RUN_ID='manual__2024-08-01T20:45:04.212880+00:00'
[2024-08-01T20:45:21.292+0000] {taskinstance.py:430} INFO - ::endgroup::
[2024-08-01T20:45:23.191+0000] {logging_mixin.py:188} INFO - Wokeness in Olympics
[2024-08-01T20:45:23.192+0000] {logging_mixin.py:188} INFO - Does anyone know about the scholarship TN government providing to students from backward clasess who are studying in centrally funded universities like IIMs, IITs and NITs? 
[2024-08-01T20:45:23.192+0000] {logging_mixin.py:188} INFO - Udemy help
[2024-08-01T20:45:23.193+0000] {logging_mixin.py:188} INFO - Anyone here bought another state vehicle?
[2024-08-01T20:45:23.193+0000] {logging_mixin.py:188} INFO - Aadhar name change delay
[2024-08-01T20:45:23.194+0000] {python.py:237} INFO - Done. Returned value was: None
[2024-08-01T20:45:23.194+0000] {taskinstance.py:441} INFO - ::group::Post task execution logs
[2024-08-01T20:45:23.205+0000] {taskinstance.py:1206} INFO - Marking task as SUCCESS. dag_id=reddit_dag, task_id=print_subreddit_posts, run_id=manual__2024-08-01T20:45:04.212880+00:00, execution_date=20240801T204504, start_date=20240801T204521, end_date=20240801T204523
[2024-08-01T20:45:23.241+0000] {local_task_job_runner.py:243} INFO - Task exited with return code 0
[2024-08-01T20:45:23.257+0000] {taskinstance.py:3503} INFO - 0 downstream tasks scheduled from follow-on schedule check
[2024-08-01T20:45:23.258+0000] {local_task_job_runner.py:222} INFO - ::endgroup::
