[2024-08-02T18:09:16.327+0000] {local_task_job_runner.py:120} INFO - ::group::Pre task execution logs
[2024-08-02T18:09:16.354+0000] {taskinstance.py:2076} INFO - Dependencies all met for dep_context=non-requeueable deps ti=<TaskInstance: reddit_dag.print_subreddit_posts manual__2024-08-02T18:09:09.526892+00:00 [queued]>
[2024-08-02T18:09:16.365+0000] {taskinstance.py:2076} INFO - Dependencies all met for dep_context=requeueable deps ti=<TaskInstance: reddit_dag.print_subreddit_posts manual__2024-08-02T18:09:09.526892+00:00 [queued]>
[2024-08-02T18:09:16.365+0000] {taskinstance.py:2306} INFO - Starting attempt 1 of 1
[2024-08-02T18:09:16.394+0000] {taskinstance.py:2330} INFO - Executing <Task(PythonOperator): print_subreddit_posts> on 2024-08-02 18:09:09.526892+00:00
[2024-08-02T18:09:16.397+0000] {standard_task_runner.py:64} INFO - Started process 288 to run task
[2024-08-02T18:09:16.399+0000] {standard_task_runner.py:90} INFO - Running: ['airflow', 'tasks', 'run', 'reddit_dag', 'print_subreddit_posts', 'manual__2024-08-02T18:09:09.526892+00:00', '--job-id', '221', '--raw', '--subdir', 'DAGS_FOLDER/project_dag.py', '--cfg-path', '/tmp/tmpq82vvs5z']
[2024-08-02T18:09:16.401+0000] {standard_task_runner.py:91} INFO - Job 221: Subtask print_subreddit_posts
[2024-08-02T18:09:16.461+0000] {task_command.py:426} INFO - Running <TaskInstance: reddit_dag.print_subreddit_posts manual__2024-08-02T18:09:09.526892+00:00 [running]> on host 7df8ffa41b22
[2024-08-02T18:09:16.570+0000] {taskinstance.py:2648} INFO - Exporting env vars: AIRFLOW_CTX_DAG_OWNER='airflow' AIRFLOW_CTX_DAG_ID='reddit_dag' AIRFLOW_CTX_TASK_ID='print_subreddit_posts' AIRFLOW_CTX_EXECUTION_DATE='2024-08-02T18:09:09.526892+00:00' AIRFLOW_CTX_TRY_NUMBER='1' AIRFLOW_CTX_DAG_RUN_ID='manual__2024-08-02T18:09:09.526892+00:00'
[2024-08-02T18:09:16.571+0000] {taskinstance.py:430} INFO - ::endgroup::
[2024-08-02T18:09:19.819+0000] {logging_mixin.py:188} INFO - Post saved: Fresh violence in Bangladesh student protests
[2024-08-02T18:09:19.821+0000] {logging_mixin.py:188} INFO - Post saved: Maduro Opposition Shares ‘Overwhelming Evidence’ of Venezuela Election Fraud
[2024-08-02T18:09:19.823+0000] {logging_mixin.py:188} INFO - Post saved: Ukraine receives first F-16 fighter jets from Netherlands
[2024-08-02T18:09:19.825+0000] {logging_mixin.py:188} INFO - Post saved: Carter Center unable to verify Venezuela election results, blasts officials for lack of transparency
[2024-08-02T18:09:19.826+0000] {logging_mixin.py:188} INFO - Post saved: Biden, Lula press Venezuela to publish election tallies
[2024-08-02T18:09:19.826+0000] {python.py:237} INFO - Done. Returned value was: None
[2024-08-02T18:09:19.827+0000] {taskinstance.py:441} INFO - ::group::Post task execution logs
[2024-08-02T18:09:19.837+0000] {taskinstance.py:1206} INFO - Marking task as SUCCESS. dag_id=reddit_dag, task_id=print_subreddit_posts, run_id=manual__2024-08-02T18:09:09.526892+00:00, execution_date=20240802T180909, start_date=20240802T180916, end_date=20240802T180919
[2024-08-02T18:09:19.904+0000] {local_task_job_runner.py:243} INFO - Task exited with return code 0
[2024-08-02T18:09:19.943+0000] {taskinstance.py:3503} INFO - 1 downstream tasks scheduled from follow-on schedule check
[2024-08-02T18:09:19.952+0000] {local_task_job_runner.py:222} INFO - ::endgroup::
